
CORE SOFTWARE CORP. (R) 32-bit PowerHouse Preprocessor for 80x86
CORE Migration PREP Version 4.1.3.
Copyright (C) CORE SOFTWARE CORP. 1997-1999. Patent Pending.
All rights reserved.


Prepping:	newu706a.qts

Total lines read: 1540
Total statements generated: 981


CORE SOFTWARE CORP. (R) 32-bit PowerHouse Preprocessor for 80x86
CORE Migration PREP Version 4.1.3.
Copyright (C) CORE SOFTWARE CORP. 1997-1999. Patent Pending.
All rights reserved.


Prepping:	u014_u015.qts

Total lines read: 315
Total statements generated: 173


CORE SOFTWARE CORP. (R) 32-bit PowerHouse Preprocessor for 80x86
CORE Migration PREP Version 4.1.3.
Copyright (C) CORE SOFTWARE CORP. 1997-1999. Patent Pending.
All rights reserved.


Prepping:	u030b_part2.qts

Total lines read: 1349
Total statements generated: 831


CORE SOFTWARE CORP. (R) 32-bit PowerHouse Preprocessor for 80x86
CORE Migration PREP Version 4.1.3.
Copyright (C) CORE SOFTWARE CORP. 1997-1999. Patent Pending.
All rights reserved.


Prepping:	u035c.qts

Total lines read: 69
Total statements generated: 41


CORE SOFTWARE CORP. (R) 32-bit PowerHouse Preprocessor for 80x86
CORE Migration PREP Version 4.1.3.
Copyright (C) CORE SOFTWARE CORP. 1997-1999. Patent Pending.
All rights reserved.


Prepping:	u115a_0.qts

Error:

Routine:        GEN_FOPEN
Date/Time:      Sat May 06 14:05:09 2017
Sys Error:      (RTL Code 2) No such file or directory
Reason:         Can not open file \$SRC/U115_COMMON_F119 in mode r
Source context: Level 1, file U115A_0.QTS, line 337

CORE SOFTWARE CORP. (R) 32-bit PowerHouse Preprocessor for 80x86
CORE Migration PREP Version 4.1.3.
Copyright (C) CORE SOFTWARE CORP. 1997-1999. Patent Pending.
All rights reserved.


Prepping:	u115a_1.qts

Error:

Routine:        GEN_FOPEN
Date/Time:      Sat May 06 14:05:09 2017
Sys Error:      (RTL Code 2) No such file or directory
Reason:         Can not open file \$SRC/U115_COMMON_F110 in mode r
Source context: Level 1, file U115A_1.QTS, line 329

CORE SOFTWARE CORP. (R) 32-bit PowerHouse Preprocessor for 80x86
CORE Migration PREP Version 4.1.3.
Copyright (C) CORE SOFTWARE CORP. 1997-1999. Patent Pending.
All rights reserved.


Prepping:	u116_pop_excl_dtl.qts

Total lines read: 41
Total statements generated: 21


CORE SOFTWARE CORP. (R) 32-bit PowerHouse Preprocessor for 80x86
CORE Migration PREP Version 4.1.3.
Copyright (C) CORE SOFTWARE CORP. 1997-1999. Patent Pending.
All rights reserved.


Prepping:	u210.qts

Total lines read: 77
Total statements generated: 60

