
CORE SOFTWARE CORP. (R) 32-bit PowerHouse Preprocessor for 80x86
CORE Migration PREP Version 4.1.3.
Copyright (C) CORE SOFTWARE CORP. 1997-1999. Patent Pending.
All rights reserved.


Prepping:	d113.qks

Total lines read: 322
Total statements generated: 244


CORE SOFTWARE CORP. (R) 32-bit PowerHouse Preprocessor for 80x86
CORE Migration PREP Version 4.1.3.
Copyright (C) CORE SOFTWARE CORP. 1997-1999. Patent Pending.
All rights reserved.


Prepping:	d705.qks

Total lines read: 804
Total statements generated: 627


CORE SOFTWARE CORP. (R) 32-bit PowerHouse Preprocessor for 80x86
CORE Migration PREP Version 4.1.3.
Copyright (C) CORE SOFTWARE CORP. 1997-1999. Patent Pending.
All rights reserved.


Prepping:	m010_crm.qks

Total lines read: 163
Total statements generated: 105


CORE SOFTWARE CORP. (R) 32-bit PowerHouse Preprocessor for 80x86
CORE Migration PREP Version 4.1.3.
Copyright (C) CORE SOFTWARE CORP. 1997-1999. Patent Pending.
All rights reserved.


Prepping:	m010_crm_d003.qks

Total lines read: 32
Total statements generated: 25


CORE SOFTWARE CORP. (R) 32-bit PowerHouse Preprocessor for 80x86
CORE Migration PREP Version 4.1.3.
Copyright (C) CORE SOFTWARE CORP. 1997-1999. Patent Pending.
All rights reserved.


Prepping:	m010_ins.qks

Total lines read: 213
Total statements generated: 161


CORE SOFTWARE CORP. (R) 32-bit PowerHouse Preprocessor for 80x86
CORE Migration PREP Version 4.1.3.
Copyright (C) CORE SOFTWARE CORP. 1997-1999. Patent Pending.
All rights reserved.


Prepping:	m010_ins_d003.qks

Total lines read: 32
Total statements generated: 25


CORE SOFTWARE CORP. (R) 32-bit PowerHouse Preprocessor for 80x86
CORE Migration PREP Version 4.1.3.
Copyright (C) CORE SOFTWARE CORP. 1997-1999. Patent Pending.
All rights reserved.


Prepping:	m010_ins_f.qks

Total lines read: 50
Total statements generated: 34


CORE SOFTWARE CORP. (R) 32-bit PowerHouse Preprocessor for 80x86
CORE Migration PREP Version 4.1.3.
Copyright (C) CORE SOFTWARE CORP. 1997-1999. Patent Pending.
All rights reserved.


Prepping:	m076.qks

Total lines read: 53
Total statements generated: 35


CORE SOFTWARE CORP. (R) 32-bit PowerHouse Preprocessor for 80x86
CORE Migration PREP Version 4.1.3.
Copyright (C) CORE SOFTWARE CORP. 1997-1999. Patent Pending.
All rights reserved.


Prepping:	m116.qks

Error:

Routine:        GEN_FOPEN
Date/Time:      Sat May 06 14:05:28 2017
Sys Error:      (RTL Code 2) No such file or directory
Reason:         Can not open file \$PB_SRC/STD_HILITE in mode 'r'
Source context: Level 1, file M116.QKS, line 36

CORE SOFTWARE CORP. (R) 32-bit PowerHouse Preprocessor for 80x86
CORE Migration PREP Version 4.1.3.
Copyright (C) CORE SOFTWARE CORP. 1997-1999. Patent Pending.
All rights reserved.


Prepping:	m116b.qks

Error:

Routine:        GEN_FOPEN
Date/Time:      Sat May 06 14:05:28 2017
Sys Error:      (RTL Code 2) No such file or directory
Reason:         Can not open file \$PB_SRC/STD_HILITE in mode 'r'
Source context: Level 1, file M116B.QKS, line 45
