
CORE SOFTWARE CORP. (R) 32-bit PowerHouse Preprocessor for 80x86
CORE Migration PREP Version 4.1.3.
Copyright (C) CORE SOFTWARE CORP. 1997-1999. Patent Pending.
All rights reserved.


Prepping:	createf073_costing.qts

Total lines read: 15
Total statements generated: 13


CORE SOFTWARE CORP. (R) 32-bit PowerHouse Preprocessor for 80x86
CORE Migration PREP Version 4.1.3.
Copyright (C) CORE SOFTWARE CORP. 1997-1999. Patent Pending.
All rights reserved.


Prepping:	del_doctor.qts

Total lines read: 74
Total statements generated: 41


CORE SOFTWARE CORP. (R) 32-bit PowerHouse Preprocessor for 80x86
CORE Migration PREP Version 4.1.3.
Copyright (C) CORE SOFTWARE CORP. 1997-1999. Patent Pending.
All rights reserved.


Prepping:	purge_f071.qts

Total lines read: 25
Total statements generated: 18


CORE SOFTWARE CORP. (R) 32-bit PowerHouse Preprocessor for 80x86
CORE Migration PREP Version 4.1.3.
Copyright (C) CORE SOFTWARE CORP. 1997-1999. Patent Pending.
All rights reserved.


Prepping:	purge_f071_rma.qts

Total lines read: 21
Total statements generated: 14


CORE SOFTWARE CORP. (R) 32-bit PowerHouse Preprocessor for 80x86
CORE Migration PREP Version 4.1.3.
Copyright (C) CORE SOFTWARE CORP. 1997-1999. Patent Pending.
All rights reserved.


Prepping:	update_claims.qts

Total lines read: 58
Total statements generated: 50


CORE SOFTWARE CORP. (R) 32-bit PowerHouse Preprocessor for 80x86
CORE Migration PREP Version 4.1.3.
Copyright (C) CORE SOFTWARE CORP. 1997-1999. Patent Pending.
All rights reserved.


Prepping:	update_claims_reason.qts

Total lines read: 28
Total statements generated: 17


CORE SOFTWARE CORP. (R) 32-bit PowerHouse Preprocessor for 80x86
CORE Migration PREP Version 4.1.3.
Copyright (C) CORE SOFTWARE CORP. 1997-1999. Patent Pending.
All rights reserved.


Prepping:	update_f001_f002_sub_type.qts

Total lines read: 35
Total statements generated: 22


CORE SOFTWARE CORP. (R) 32-bit PowerHouse Preprocessor for 80x86
CORE Migration PREP Version 4.1.3.
Copyright (C) CORE SOFTWARE CORP. 1997-1999. Patent Pending.
All rights reserved.


Prepping:	update_f087.qts

Total lines read: 66
Total statements generated: 31


CORE SOFTWARE CORP. (R) 32-bit PowerHouse Preprocessor for 80x86
CORE Migration PREP Version 4.1.3.
Copyright (C) CORE SOFTWARE CORP. 1997-1999. Patent Pending.
All rights reserved.


Prepping:	update_f087_VH8.qts

Total lines read: 27
Total statements generated: 12


CORE SOFTWARE CORP. (R) 32-bit PowerHouse Preprocessor for 80x86
CORE Migration PREP Version 4.1.3.
Copyright (C) CORE SOFTWARE CORP. 1997-1999. Patent Pending.
All rights reserved.


Prepping:	update_susp_hdr_dtl_add_desc.qts

Total lines read: 57
Total statements generated: 32


CORE SOFTWARE CORP. (R) 32-bit PowerHouse Preprocessor for 80x86
CORE Migration PREP Version 4.1.3.
Copyright (C) CORE SOFTWARE CORP. 1997-1999. Patent Pending.
All rights reserved.


Prepping:	update_suspend_all_dtl.qts

Total lines read: 40
Total statements generated: 27


CORE SOFTWARE CORP. (R) 32-bit PowerHouse Preprocessor for 80x86
CORE Migration PREP Version 4.1.3.
Copyright (C) CORE SOFTWARE CORP. 1997-1999. Patent Pending.
All rights reserved.


Prepping:	update_suspend_hdr.qts

Total lines read: 47
Total statements generated: 42


CORE SOFTWARE CORP. (R) 32-bit PowerHouse Preprocessor for 80x86
CORE Migration PREP Version 4.1.3.
Copyright (C) CORE SOFTWARE CORP. 1997-1999. Patent Pending.
All rights reserved.


Prepping:	update_suspend_hdr_dtl.qts

Total lines read: 75
Total statements generated: 54


CORE SOFTWARE CORP. (R) 32-bit PowerHouse Preprocessor for 80x86
CORE Migration PREP Version 4.1.3.
Copyright (C) CORE SOFTWARE CORP. 1997-1999. Patent Pending.
All rights reserved.


Prepping:	update_suspend_hdr_dtl_diag.qts

Total lines read: 28
Total statements generated: 19


CORE SOFTWARE CORP. (R) 32-bit PowerHouse Preprocessor for 80x86
CORE Migration PREP Version 4.1.3.
Copyright (C) CORE SOFTWARE CORP. 1997-1999. Patent Pending.
All rights reserved.


Prepping:	update_suspend_hdr_from_all_dtl.qts

Total lines read: 33
Total statements generated: 21

