######      16:12    Regional Medical Associates - Hamilton           PAGE   1

Run:      
Request: ONE


Executing request ONE ...

Records read:
  F002-CLAIMS-MSTR                     3,959

Transactions processed:                2,492

Records processed:                     Added    Updated  Unchanged    Deleted
  ARCHIBALD_HDR                        2,492          0          0          0

######      16:12    Regional Medical Associates - Hamilton           PAGE   1

Run:      
Request: TWO


Executing request TWO ...

Records read:
  ARCHIBALD_HDR                        2,492
  F002-CLAIMS-MSTR                     6,538

Transactions processed:                3,984

Records processed:                     Added    Updated  Unchanged    Deleted
  ARCHIBALD_DTL                        3,984          0          0          0
  ARCHIBALD_SVC2                           0          0          0          0
  ARCHIBALD_SVC3                           0          0          0          0
  ARCHIBALD_SVC4                           0          0          0          0

######      16:12    Regional Medical Associates - Hamilton           PAGE   1

Run:      
Request: THREE


Executing request THREE ...

Records read:
  ARCHIBALD_DTL                        3,984
  F020-DOCTOR-MSTR                         1

Transactions processed:                3,984

Records processed:                     Added    Updated  Unchanged    Deleted
  ARCHIBALD_BILLINGS                       1          0          0          0

Finished.
