######      12:15    Regional Medical Associates - Hamilton           PAGE   1

Run:      
Request: ONE


Executing request ONE ...

Records read:
  F002-CLAIMS-MSTR                    76,493

Transactions processed:               12,542

Records processed:                     Added    Updated  Unchanged    Deleted
  CLINIC_HDR                          12,542          0          0          0

######      12:18    Regional Medical Associates - Hamilton           PAGE   1

Run:      
Request: TWO


Executing request TWO ...

Records read:
  CLINIC_HDR                          12,542
  F002-CLAIMS-MSTR                    68,077

Transactions processed:               55,462

Records processed:                     Added    Updated  Unchanged    Deleted
  CLINIC_DTL                          55,462          0          0          0
  CLINIC_DTL_SVC2                          0          0          0          0
  CLINIC_DTL_SVC3                          0          0          0          0
  CLINIC_DTL_SVC4                          0          0          0          0

######      12:20    Regional Medical Associates - Hamilton           PAGE   1

Run:      
Request: THREE


Executing request THREE ...

Records read:
  CLINIC_DTL                          55,462
  F020-DOCTOR-MSTR                        38
  F010-PAT-MSTR                       11,163

Transactions processed:               55,462

Records processed:                     Added    Updated  Unchanged    Deleted
  CLINIC_BILLINGS                     55,462          0          0          0

Finished.
######      17:45    Regional Medical Associates - Hamilton           PAGE   1

Run:      
Request: ONE


Executing request ONE ...

Records read:
  F002-CLAIMS-MSTR                    76,534

Transactions processed:               12,557

Records processed:                     Added    Updated  Unchanged    Deleted
  CLINIC_HDR                          12,557          0          0          0

######      17:48    Regional Medical Associates - Hamilton           PAGE   1

Run:      
Request: TWO


Executing request TWO ...

Records read:
  CLINIC_HDR                          12,557
  F002-CLAIMS-MSTR                    68,169

Transactions processed:               55,517

Records processed:                     Added    Updated  Unchanged    Deleted
  CLINIC_DTL                          55,517          0          0          0
  CLINIC_DTL_SVC2                          0          0          0          0
  CLINIC_DTL_SVC3                          0          0          0          0
  CLINIC_DTL_SVC4                          0          0          0          0

######      17:50    Regional Medical Associates - Hamilton           PAGE   1

Run:      
Request: THREE


Executing request THREE ...

Records read:
  CLINIC_DTL                          55,517
  F020-DOCTOR-MSTR                        38
  F010-PAT-MSTR                       11,177

Transactions processed:               55,517

Records processed:                     Added    Updated  Unchanged    Deleted
  CLINIC_BILLINGS                     55,517          0          0          0

Finished.
