######      10:57    Regional Medical Associates - Hamilton           PAGE   1

Run:      
Request: ONE


Executing request ONE ...
-------------------------------------------------------------------------------
The permanent subfile will be overwritten.
   File:  codes
-------------------------------------------------------------------------------

Records read:
  F002-CLAIMS-MSTR                 2,710,846

Transactions processed:                9,976

Records processed:                     Added    Updated  Unchanged    Deleted
  CODES                                9,976          0          0          0

######      11:50    Regional Medical Associates - Hamilton           PAGE   1

Run:      
Request: TWO


Executing request TWO ...
-------------------------------------------------------------------------------
The permanent subfile will be overwritten.
   File:  codes1
-------------------------------------------------------------------------------

Records read:
  CODES                                9,976
  F002-CLAIMS-MSTR                    27,974

Transactions processed:                6,407

Records processed:                     Added    Updated  Unchanged    Deleted
  CODES1                               6,407          0          0          0
  CODES_SVC2                               0          0          0          0
  CODES_SVC3                               0          0          0          0
  CODES_SVC4                               0          0          0          0

######      11:51    Regional Medical Associates - Hamilton           PAGE   1

Run:      
Request: THREE


Executing request THREE ...
-------------------------------------------------------------------------------
The permanent subfile will be overwritten.
   File:  codes2_4142
-------------------------------------------------------------------------------

Records read:
  CODES1                               6,407
  F020-DOCTOR-MSTR                        81

Transactions processed:                6,017

Records processed:                     Added    Updated  Unchanged    Deleted
  CODES2_4142                             41          0          0          0

######      11:51    Regional Medical Associates - Hamilton           PAGE   1

Run:      
Request: FOUR


Executing request FOUR ...

Records read:
  CODES                                9,976
  F020-DOCTOR-MSTR                       115

Transactions processed:                7,754

Records processed:                     Added    Updated  Unchanged    Deleted
  CODES2_4142                             41          0          0          0

######      11:51    Regional Medical Associates - Hamilton           PAGE   1

Run:      
Request: FIVE


Executing request FIVE ...

Records read:
  F119-DOCTOR-YTD-HISTORY            239,755
  F020-DOCTOR-MSTR                       795

Transactions processed:                  641

Records processed:                     Added    Updated  Unchanged    Deleted
  CODES2_4142                             59          0          0          0

######      11:59    Regional Medical Associates - Hamilton           PAGE   1

Run:      
Request: SIX


Executing request SIX ...
-------------------------------------------------------------------------------
The permanent subfile will be overwritten.
   File:  codes2_4142_all
-------------------------------------------------------------------------------

Records read:
  CODES2_4142                            141

Transactions processed:                  141

Records processed:                     Added    Updated  Unchanged    Deleted
  CODES2_4142_ALL                         63          0          0          0

######      11:59    Regional Medical Associates - Hamilton           PAGE   1

Run:      
Request: SEVEN


Executing request SEVEN ...
-------------------------------------------------------------------------------
The permanent subfile will be overwritten.
   File:  codes2_44
-------------------------------------------------------------------------------

Records read:
  CODES1                               6,407
  F020-DOCTOR-MSTR                        25

Transactions processed:                  390

Records processed:                     Added    Updated  Unchanged    Deleted
  CODES2_44                               24          0          0          0

######      11:59    Regional Medical Associates - Hamilton           PAGE   1

Run:      
Request: EIGHT


Executing request EIGHT ...

Records read:
  CODES                                9,976
  F020-DOCTOR-MSTR                        31

Transactions processed:                2,222

Records processed:                     Added    Updated  Unchanged    Deleted
  CODES2_44                               25          0          0          0

######      11:59    Regional Medical Associates - Hamilton           PAGE   1

Run:      
Request: NINE


Executing request NINE ...

Records read:
  F119-DOCTOR-YTD-HISTORY            239,755
  F020-DOCTOR-MSTR                       795

Transactions processed:                   25

Records processed:                     Added    Updated  Unchanged    Deleted
  CODES2_44                                5          0          0          0

######      12:07    Regional Medical Associates - Hamilton           PAGE   1

Run:      
Request: TEN


Executing request TEN ...
-------------------------------------------------------------------------------
The permanent subfile will be overwritten.
   File:  codes2_44_all
-------------------------------------------------------------------------------

Records read:
  CODES2_44                               54

Transactions processed:                   54

Records processed:                     Added    Updated  Unchanged    Deleted
  CODES2_44_ALL                           27          0          0          0

Finished.
