######      12:20    Regional Medical Associates - Hamilton           PAGE   1

Run:      
Request: ONE


Executing request ONE ...
-------------------------------------------------------------------------------
The permanent subfile will be overwritten.
   File:  codes
-------------------------------------------------------------------------------

Records read:
  F002-CLAIMS-MSTR                 2,810,182

Transactions processed:                6,656

Records processed:                     Added    Updated  Unchanged    Deleted
  CODES                                6,656          0          0          0

######      13:21    Regional Medical Associates - Hamilton           PAGE   1

Run:      
Request: TWO


Executing request TWO ...
-------------------------------------------------------------------------------
The permanent subfile will be overwritten.
   File:  codes1
-------------------------------------------------------------------------------

Records read:
  CODES                                6,656
  F002-CLAIMS-MSTR                    18,496

Transactions processed:               11,613

Records processed:                     Added    Updated  Unchanged    Deleted
  CODES1                              11,613          0          0          0
  CODES_SVC2                               0          0          0          0
  CODES_SVC3                               0          0          0          0
  CODES_SVC4                               0          0          0          0

######      13:21    Regional Medical Associates - Hamilton           PAGE   1

Run:      
Request: THREE


Executing request THREE ...
-------------------------------------------------------------------------------
The permanent subfile will be overwritten.
   File:  codes2_4142
-------------------------------------------------------------------------------

Records read:
  CODES1                              11,613
  F020-DOCTOR-MSTR                       108

Transactions processed:                8,732

Records processed:                     Added    Updated  Unchanged    Deleted
  CODES2_4142                             41          0          0          0

######      13:21    Regional Medical Associates - Hamilton           PAGE   1

Run:      
Request: FOUR


Executing request FOUR ...

Records read:
  F119-DOCTOR-YTD-HISTORY            257,515
  F020-DOCTOR-MSTR                       792

Transactions processed:                  842

Records processed:                     Added    Updated  Unchanged    Deleted
  CODES2_4142                            842          0          0          0

######      13:28    Regional Medical Associates - Hamilton           PAGE   1

Run:      
Request: FIVE


Executing request FIVE ...
-------------------------------------------------------------------------------
The permanent subfile will be overwritten.
   File:  codes2_4142_all
-------------------------------------------------------------------------------

Records read:
  CODES2_4142                            883

Transactions processed:                  883

Records processed:                     Added    Updated  Unchanged    Deleted
  CODES2_4142_ALL                         73          0          0          0

######      13:28    Regional Medical Associates - Hamilton           PAGE   1

Run:      
Request: SIX


Executing request SIX ...
-------------------------------------------------------------------------------
The permanent subfile will be overwritten.
   File:  codes2_44
-------------------------------------------------------------------------------

Records read:
  CODES1                              11,613
  F020-DOCTOR-MSTR                        36

Transactions processed:                2,881

Records processed:                     Added    Updated  Unchanged    Deleted
  CODES2_44                               24          0          0          0

######      13:28    Regional Medical Associates - Hamilton           PAGE   1

Run:      
Request: SEVEN


Executing request SEVEN ...

Records read:
  F119-DOCTOR-YTD-HISTORY            257,515
  F020-DOCTOR-MSTR                       792

Transactions processed:                   20

Records processed:                     Added    Updated  Unchanged    Deleted
  CODES2_44                               20          0          0          0

######      13:35    Regional Medical Associates - Hamilton           PAGE   1

Run:      
Request: EIGHT


Executing request EIGHT ...
-------------------------------------------------------------------------------
The permanent subfile will be overwritten.
   File:  codes2_44_all
-------------------------------------------------------------------------------

Records read:
  CODES2_44                               44

Transactions processed:                   44

Records processed:                     Added    Updated  Unchanged    Deleted
  CODES2_44_ALL                           25          0          0          0

Finished.
