######      17:47    Regional Medical Associates - Hamilton           PAGE   1

Run:      
Request: ONE


Executing request ONE ...

Records read:
  F002-CLAIMS-MSTR                 2,816,721

Transactions processed:                6,656

Records processed:                     Added    Updated  Unchanged    Deleted
  CODES                                6,656          0          0          0

######      19:33    Regional Medical Associates - Hamilton           PAGE   1

Run:      
Request: TWO


Executing request TWO ...

Records read:
  CODES                                6,656
  F002-CLAIMS-MSTR                    18,513

Transactions processed:                4,200

Records processed:                     Added    Updated  Unchanged    Deleted
  CODES1                               4,200          0          0          0
  CODES_SVC2                               0          0          0          0
  CODES_SVC3                               0          0          0          0
  CODES_SVC4                               0          0          0          0

######      19:33    Regional Medical Associates - Hamilton           PAGE   1

Run:      
Request: THREE


Executing request THREE ...

Records read:
  CODES1                               4,200
  F020-DOCTOR-MSTR                        77

Transactions processed:                3,764

Records processed:                     Added    Updated  Unchanged    Deleted
  CODES2_4142                             39          0          0          0

######      19:33    Regional Medical Associates - Hamilton           PAGE   1

Run:      
Request: FOUR


Executing request FOUR ...

Records read:
  CODES                                6,656
  F020-DOCTOR-MSTR                       108

Transactions processed:                4,682

Records processed:                     Added    Updated  Unchanged    Deleted
  CODES2_4142                          4,682          0          0          0

######      19:33    Regional Medical Associates - Hamilton           PAGE   1

Run:      
Request: FIVE


Executing request FIVE ...

Records read:
  F119-DOCTOR-YTD-HISTORY            257,515
  F020-DOCTOR-MSTR                       792

Transactions processed:                  842

Records processed:                     Added    Updated  Unchanged    Deleted
  CODES2_4142                            842          0          0          0

######      19:41    Regional Medical Associates - Hamilton           PAGE   1

Run:      
Request: SIX


Executing request SIX ...

Records read:
  CODES2_4142                          5,563

Transactions processed:                5,563

Records processed:                     Added    Updated  Unchanged    Deleted
  CODES2_4142_ALL                         73          0          0          0

######      19:41    Regional Medical Associates - Hamilton           PAGE   1

Run:      
Request: SEVEN


Executing request SEVEN ...

Records read:
  CODES1                               4,200
  F020-DOCTOR-MSTR                        25

Transactions processed:                  436

Records processed:                     Added    Updated  Unchanged    Deleted
  CODES2_44                               22          0          0          0

######      19:41    Regional Medical Associates - Hamilton           PAGE   1

Run:      
Request: EIGHT


Executing request EIGHT ...

Records read:
  CODES                                6,656
  F020-DOCTOR-MSTR                        36

Transactions processed:                1,974

Records processed:                     Added    Updated  Unchanged    Deleted
  CODES2_44                            1,974          0          0          0

######      19:41    Regional Medical Associates - Hamilton           PAGE   1

Run:      
Request: NINE


Executing request NINE ...

Records read:
  F119-DOCTOR-YTD-HISTORY            257,515
  F020-DOCTOR-MSTR                       792

Transactions processed:                   20

Records processed:                     Added    Updated  Unchanged    Deleted
  CODES2_44                               20          0          0          0

######      19:49    Regional Medical Associates - Hamilton           PAGE   1

Run:      
Request: TEN


Executing request TEN ...

Records read:
  CODES2_44                            2,016

Transactions processed:                2,016

Records processed:                     Added    Updated  Unchanged    Deleted
  CODES2_44_ALL                           25          0          0          0

Finished.
