######      10:41    Regional Medical Associates - Hamilton           PAGE   1

Run:      
Request: ONE


Executing request ONE ...
-------------------------------------------------------------------------------
The permanent subfile will be overwritten.
   File:  codes
-------------------------------------------------------------------------------

Records read:
  F002-CLAIMS-MSTR                 2,817,465

Transactions processed:                6,656

Records processed:                     Added    Updated  Unchanged    Deleted
  CODES                                6,656          0          0          0

######      12:02    Regional Medical Associates - Hamilton           PAGE   1

Run:      
Request: TWO


Executing request TWO ...
-------------------------------------------------------------------------------
The permanent subfile will be overwritten.
   File:  codes1
-------------------------------------------------------------------------------

Records read:
  CODES                                6,656
  F002-CLAIMS-MSTR                    18,513

Transactions processed:                4,200

Records processed:                     Added    Updated  Unchanged    Deleted
  CODES1                               4,200          0          0          0
  CODES_SVC2                               0          0          0          0
  CODES_SVC3                               0          0          0          0
  CODES_SVC4                               0          0          0          0

######      12:03    Regional Medical Associates - Hamilton           PAGE   1

Run:      
Request: THREE


Executing request THREE ...
-------------------------------------------------------------------------------
The permanent subfile will be overwritten.
   File:  codes2_4142
-------------------------------------------------------------------------------

Records read:
  CODES1                               4,200
  F020-DOCTOR-MSTR                        77

Transactions processed:                3,764

Records processed:                     Added    Updated  Unchanged    Deleted
  CODES2_4142                             39          0          0          0

######      12:03    Regional Medical Associates - Hamilton           PAGE   1

Run:      
Request: FOUR


Executing request FOUR ...

Records read:
  CODES                                6,656
  F020-DOCTOR-MSTR                       108

Transactions processed:                4,682

Records processed:                     Added    Updated  Unchanged    Deleted
  CODES2_4142                             41          0          0          0

######      12:03    Regional Medical Associates - Hamilton           PAGE   1

Run:      
Request: FIVE


Executing request FIVE ...

Records read:
  F119-DOCTOR-YTD-HISTORY            257,515
  F020-DOCTOR-MSTR                       792

Transactions processed:                  842

Records processed:                     Added    Updated  Unchanged    Deleted
  CODES2_4142                             62          0          0          0

######      12:10    Regional Medical Associates - Hamilton           PAGE   1

Run:      
Request: SIX


Executing request SIX ...
-------------------------------------------------------------------------------
The permanent subfile will be overwritten.
   File:  codes2_4142_all
-------------------------------------------------------------------------------

Records read:
  CODES2_4142                            142

Transactions processed:                  142

Records processed:                     Added    Updated  Unchanged    Deleted
  CODES2_4142_ALL                         73          0          0          0

######      12:10    Regional Medical Associates - Hamilton           PAGE   1

Run:      
Request: SEVEN


Executing request SEVEN ...
-------------------------------------------------------------------------------
The permanent subfile will be overwritten.
   File:  codes2_44
-------------------------------------------------------------------------------

Records read:
  CODES1                               4,200
  F020-DOCTOR-MSTR                        25

Transactions processed:                  436

Records processed:                     Added    Updated  Unchanged    Deleted
  CODES2_44                               22          0          0          0

######      12:10    Regional Medical Associates - Hamilton           PAGE   1

Run:      
Request: EIGHT


Executing request EIGHT ...

Records read:
  CODES                                6,656
  F020-DOCTOR-MSTR                        36

Transactions processed:                1,974

Records processed:                     Added    Updated  Unchanged    Deleted
  CODES2_44                               24          0          0          0

######      12:10    Regional Medical Associates - Hamilton           PAGE   1

Run:      
Request: NINE


Executing request NINE ...

Records read:
  F119-DOCTOR-YTD-HISTORY            257,515
  F020-DOCTOR-MSTR                       792

Transactions processed:                   20

Records processed:                     Added    Updated  Unchanged    Deleted
  CODES2_44                                2          0          0          0

######      12:17    Regional Medical Associates - Hamilton           PAGE   1

Run:      
Request: TEN


Executing request TEN ...
-------------------------------------------------------------------------------
The permanent subfile will be overwritten.
   File:  codes2_44_all
-------------------------------------------------------------------------------

Records read:
  CODES2_44                               48

Transactions processed:                   48

Records processed:                     Added    Updated  Unchanged    Deleted
  CODES2_44_ALL                           25          0          0          0

Finished.
