######      14:37    Regional Medical Associates - Hamilton           PAGE   1

Run:      
Request: ONE


Executing request ONE ...

Records read:
  F002-CLAIMS-MSTR                 3,004,970

Transactions processed:                3,170

Records processed:                     Added    Updated  Unchanged    Deleted
  CLMHDR_EXT                           3,170          0          0          0

######      15:47    Regional Medical Associates - Hamilton           PAGE   1

Run:      
Request: TWO


Executing request TWO ...

Records read:
  CLMHDR_EXT                           3,170
  F002-CLAIMS-MSTR                     8,308

Transactions processed:                5,002

Records processed:                     Added    Updated  Unchanged    Deleted
  CLMHDRDTL_EXT                        5,002          0          0          0

######      15:47    Regional Medical Associates - Hamilton           PAGE   1

Run:      
Request: THREE


Executing request THREE ...

Records read:
  CLMHDRDTL_EXT                        5,002

Transactions processed:                5,002

Records processed:                     Added    Updated  Unchanged    Deleted
  CLAIM_TOTAL                          3,170          0          0          0

######      15:47    Regional Medical Associates - Hamilton           PAGE   1

Run:      
Request: FOUR


Executing request FOUR ...

Records read:
  CLAIM_TOTAL                          3,170
  F010-PAT-MSTR                        3,166

Transactions processed:                3,170

Records processed:                     Added    Updated  Unchanged    Deleted
  CLAIM_INFO                           3,170          0          0          0

Finished.
