######      12:13    Regional Medical Associates - Hamilton           PAGE   1

Run:      
Request: ONE


Executing request ONE ...

Records read:
  F002-CLAIMS-MSTR                    64,337

Transactions processed:                    1

Records processed:                     Added    Updated  Unchanged    Deleted
  CLMHDR_EXT_DIAG                          1          0          0          0

######      12:17    Regional Medical Associates - Hamilton           PAGE   1

Run:      
Request: TWO


Executing request TWO ...

Records read:
  CLMHDR_EXT_DIAG                          1
  F002-CLAIMS-MSTR                         4

Transactions processed:                    2

Records processed:                     Added    Updated  Unchanged    Deleted
  CLMHDRDTL_EXT_DIAG                       2          0          0          0

######      12:17    Regional Medical Associates - Hamilton           PAGE   1

Run:      
Request: THREE


Executing request THREE ...

Records read:
  CLMHDRDTL_EXT_DIAG                       2

Transactions processed:                    2

Records processed:                     Added    Updated  Unchanged    Deleted
  CLAIM_TOTAL_DIAG                         1          0          0          0

######      12:17    Regional Medical Associates - Hamilton           PAGE   1

Run:      
Request: FOUR


Executing request FOUR ...

Records read:
  CLAIM_TOTAL_DIAG                         1
  F010-PAT-MSTR                            1

Transactions processed:                    1

Records processed:                     Added    Updated  Unchanged    Deleted
  CLAIM_INFO_DIAG                          1          0          0          0

Finished.
