
Executing request UPDATE_CLAIMS ...

Records read:
  F087_RESUBMIT_CLAIMS                    39
  F002-CLAIMS-MSTR                        39

Transactions processed:                   39

Records processed:                     Added    Updated  Unchanged    Deleted
  F002-CLAIMS-MSTR                         0         35          4          0
  SAVEF002_VH8                            39          0          0          0


Executing request UPDATE_PATIENTS ...

Records read:
  F087_RESUBMIT_CLAIMS                    39
  REJECTED-CLAIMS                         39
  F010-PAT-MSTR                           29

Transactions processed:                   39

Records processed:                     Added    Updated  Unchanged    Deleted
  REJECTED-CLAIMS                          0          0          0         39
  F010-PAT-MSTR                            0         20          4          0
  SAVEF085_VH8                            39          0          0          0
  SAVEF010_VH8                            24          0          0          0

Finished.
