get a.qzs
get addrlabels.qzs
get audit_doc.qzs
get auditdoc.qzs
get b.qzs
get ballot.qzs
get basson_a.qzs
get basson_b.qts
get basson_ca.qzs
get basson_cb.qzs
get billinglist.qzs
get d110.qks	;brad
get fix85-b.qts	;brad
get h110.qks	;brad
get m010.qks	;brad
get m020.qks	;brad
get m100.qks	;brad
get brian.qzs
get buildfiles.qus
get cfund1.qzs
get cfund2.qzs
get check91.qzs
get check92.qzs
get check9392.qzs
get check94.qzs
get check9492.qzs
get check98.qzs
get check_claims_mstr.qzs
get checkf020.qzs
get checkf020a.qzs
get checkf119.qzs
get common_diag.qzs
get common_diag_80.qzs
get common_diag_81.qzs
get common_oma.qzs
get common_ref.qzs
get compile_proyas.qts
get compile_proyas.qzs
get compile_qks.qks
get compile_qts.qts
get compile_qzs.qzs
get compile_yas.qzs
get compile_yasemin.qts
get compile_yasemin.qzs
get comptest_qts.qts
get costing.qzs
get costing_claims.qzs
get createf085.cbl
get createsusp.cbl
get d001.cbl
get d002.cbl
get d003.cbl
get d004.cbl
get d020.qks
get d020a.qks
get d020b.qks
get d050.cbl
get d085.qks
get d112.qks
get d112a.qks
get d113.qks
get d118.qks
get d119.qks
get d199.qks
get d705.qks
get d705_6mths.qks
get d705a.qks
get d705a_bk1.qks
get d705b.qks
get d713.qks
get debugu114.qzs
get debugu116.qzs
get del_claims.qts
get dg2pc1_use_code.qts
get dg2pc1a.qts
get dg2pc1b.qts
get dg2pc1c.qts
get docj.qzs
get docohip.qzs
get docpaycode.qzs
get docrev.qzs
get doctordump.qzs
get doctorlist.qzs
get downf020full.qzs
get drwells.qzs
get drwells1.qzs
get dump91.qzs
get dump98.qzs
get dump_f190_1.qzs
get dump_f190_2.qzs
get dump_f190_3.qzs
get dumpf002_missing_f010_2_fix_claims.qts
get dumpf002_seq.qzs
get dumpf002_via_bkey.qzs
get dumpf002_via_pkey.qzs
get dumpf002_via_pkey_range.qzs
get dumpf010_acr_parm.qzs
get dumpf010_hnbr_parm.qzs
get dumpf010_ikey_parm.qzs
get dumpf010_ikey_range.qzs
get dumpf040.qzs
get dumpf119.qzs
get dumpf119ytd.qzs
get dycomgroups.qks
get f002_dump_via_bkey.qzs
get f002_dump_via_pkey.qzs
get f020_zero.qts
get f020rec.qts
get f050ma1.qts
get f051.qzs
get f060_mth_ceil.qks
get f060_mth_exp.qks
get f119_doctor_ytd.def
get filer001a.qzs
get filer001b.qzs
get filer001c.qzs
get fix50a.qzs
get fix50b.qts
get fix50b_1st.qts
get fix50b_2nd.qts
get fix50b_3rd.qts
get fix50c.qts
get fix51b.qts
get fix51b_1st.qts
get fix51b_2nd.qts
get fix51b_3rd.qts
get fix_claims.qks
get fix_claims_via_acr.qts
get fix_ph.awk
get fix_ph.com
get fix_r010.qts
get fix_r010.qzs
get fix_seq_nbrs.qts
get fixf002_batch_clm_hdr.qts
get fixf002_clm_hdr.qts
get fixf002pkey.qts
get fixf010.qks
get fixf020.qts
get fixf024.qts
get fixf050.qks
get fixf060.qts
get fixf113.qts
get fixpkey.qts
get grek_a.qzs
get grek_b.qts
get grek_ca.qzs
get grek_cb.qzs
get h020a.qks
get h112.qks
get h112a.qks
get h113.qks
get h119.qks
get holdback.qzs
get holdbk1.qzs
get holdbk2.qzs
get holdbk3.qzs
get holdbk3orig.qzs
get holdbk4.qts
get holdbk5.qzs
get holdbk5orig.qzs
get holdbk6.qts
get holdbk6.qzs
get ikeyscreen.qks
get in01.qks
get in01.use
get in01a.qks
get in01b.qks
get in01c.qks
get in01d.qks
get ingram_a.qzs
get ingram_b.qts
get ingram_ca.qzs
get ingram_cb.qzs
get jc.qzs
get john.qzs
get john1.qzs
get john1dept.qzs
get john3doc.qzs
get johndept.qzs
get johntemp.qzs
get juneser.qzs
get juneser1.qzs
get juneser2.qzs
get kev.cbl
get levitt_a.qzs
get levitt_b.qts
get levitt_ca.qzs
get levitt_cb.qzs
get locations.qzs
get m010_acr.qks
get m010_yas.qks
get m010ver.qks
get m021.qks
get m025.qks
get m030.cbl
get m040.cbl
get m070.cbl
get m080.cbl
get m090.cbl
get m090f.qks
get m091.qks
get m094.cbl
get m095.cbl
get m097.qks
get m098.qks
get m099.cbl
get m101.qks
get m102.qks
get m190.qks
get m190a.qks
get m191.qks
get m199.qks
get m902.qks
get m907.qks
get m908.qks
get m913.qks
get m916.qks
get m932.qks
get m940.qks
get mary91.qzs
get mary98.qzs
get mc.qts
get mc_f090.qts
get mce.qzs
get menu.cbl
get menu.ipf
get menu_before_obj.cbl
get mohr.qzs
get u030b.qts	;moira
get newcode.qzs
get newu703_6mths.cbl
get nonblank98.qzs
get old_m090.cbl
get old_newu701.cbl
get old_newu703.cbl
get old_r030e.qzs
get old_r071.cbl
get old_r073.cbl
get old_u020_use.qts
get old_u020b.qts
get old_u020b_use.qts
get old_u022b.qts
get old_u023a.qts
get old_u030.qts
get old_u072.cbl
get old_update_f060a.qts
get parlow_a.qzs
get parlow_b.qts
get parlow_ca.qzs
get parlow_cb.qzs
get patelis_a.qzs
get patelis_b.qts
get patelis_ca.qzs
get patelis_cb.qzs
get payrolllist.qzs
get pm01.qks
get pm02.qks
get pm03.qks
get pm04.qks
get pm05.qks
get pm06.qks
get pm07.qks
get pm08.qks
get pm09.qks
get pm10.qks
get pm18.qzs
get pm19.qzs
get pm20.qzs
get pm21.qzs
get pm22.qzs
get pm23.qzs
get pm24.qts
get pm25.qzs
get pm26.qzs
get pm27.qzs
get printer_codes.def
get proxy.qzs
get purge_f050_f051.qts
get purge_f050f051_83.qts
get q.qzs
get r001.cbl
get r001b.cbl
get r002a.cbl
get r002b.cbl
get r002b.qzs
get r004_cycle.cbl
get r004a.cbl
get r004b.cbl
get r004c.cbl
get r005.cbl
get r010cycle.cbl
get r011.cbl
get r011a.qzs
get r011b.qzs
get r011c.qzs
get r011mohr.qzs
get r012.cbl
get r013.cbl
get r014.cbl
get r014sum.cbl
get r020a.qzs
get r020d.qzs
get r020d1_use.qzs
get r020d2_use.qzs
get r020e.qzs
get r020e_81_spec.qzs
get r020f.qzs
get r022a.qzs
get r022d.qzs
get r022e.qzs
get r023b.qzs
get r023c.qzs
get r023d.qzs
get r030d.qzs ;yas has borrowed
get r030e.qzs ;yas has borrowed
get r030f.qzs ;yas has borrowed
get r030g3.qzs
get r030g5.qzs
get r030h.qzs ;yas has borrowed
get r030i.qzs ;yas has borrowed
get r030j.qzs ;yas has borrowed
get r040.cbl
get r051a.cbl
get r051b.cbl
get r070b.cbl
get r070c.cbl
get r071.cbl
get r085.qzs
get r087.qzs
get r088.qzs
get r089.qzs
get r111b.qzs
get r119a.qzs
get r119b.qzs
get r119c.qzs
get r120.qts
get r120.qzs
get r121a.qzs
get r121b.qzs
get r121c.qzs
get r124a.qzs
get r125.qzs
get r129.qzs
get r150a.cbl
get r150b.cbl
get r151.qzs
get r151_yrend.qzs
get r190_yearend_verify.qzs
get r211.qzs
get r702.qzs
get r707.qzs
get r709a.qzs
get r709b.qzs
get r711.qzs
get r712.qzs
get r715.qzs
get r801a.qzs
get r801b.qzs
get r801c.qzs
get r811.cbl
get r997a.qzs
get std_hilite.qks
get sy030.qks
get sy031.qks
get sy033.qks
get t.qzs
get u015.cbl
get u020_use.qts
get u020a.qts
get u020a_81_spec.qts
get u020b.qts
get u020b_81_spec.qts
get u020b_use.qts
get u020c.qts
get u020c_81_spec.qts
get u020c_use.qts
get u020c_use_canbdeleted.qts
get u022b.qts
get u022c.qts
get u022sd.qts
get u023a.qts
get u030a.cbl
get u030b_22.qts
get u030b_60.qts
get u030b_60_cur.qts
get u030b_cur.qts
get u030b_fixup.qts
get u030b_orig_no_80.qts
get u030b_rerun.qts
get u030c.cbl
get u085.qts
get u086.qts
get u090f.qts
get u103.qts
get u103a.qts
get u104.qts
get u104a.qts
get u105.qts
get u110.qts
get u110_hsc.use
get u110_rma.use
get u111a.qzs
get u111c.qts
get u112.qts
get u113.qts
get u114_94nov_calcd_ytdceil.qts
get u114_replaced_by_u114ab.qts
get u114a.qts
get u114b.qts
get u115a.qts
get u115b.qts
get u115c.qts
get u116.qts
get u116_defines1.qts
get u117.qts
get u118.qts
get u119.qts
get u121.qts
get u122.qts
get u125.qts
get u126.qts
get u127.qts
get u190_fix.qts
get u190_yearend_1.qts
get u190_yearend_3.qts
get u210.qts
get u703.cbl
get u704.qts
get u704_6mths.qts
get u705.qts
get u708.qts
get u710.qts
get u714.qts
get u802.qts
get u901.qts
get u903.qts
get u904.qts
get u910.qts
get u912.qts
get u914.qts
get u915.qts
get u917.qts
get u918.qts
get u920.qts
get u931.qts
get u931_22.qts
get u933.qts
get u933_22.qts
get u933witheld.qts
get u997.qts
get update94.qts
get update98.qts
get update_claims.qts
get update_f020_pay_sub_code.qts
get update_f060.qts
get update_f060a.qts
get update_f060b.qts
get update_f071.qts
get update_tot.qts
get updf020.qts
get updf050.qts
get upload.qts
get upload_f024.qts
get yearend_1.qts                                                      
