* Micro Focus COBOL for UNIX         V4.0 revision 005 18-May-06 15:42 Page   1
*                      u706b.cbl
* Directives File: /usr/opt/mfcobol4.0/cobol.dir
* Accepted - SHOW-DIR
* Accepted - SOURCEFORMAT"FREE"
* Accepted - SPZERO
* Accepted - TIME
* Accepted - TRUNC
* Accepted - RESEQ
* Accepted - SEQCHK
* End Of Directives File: /usr/opt/mfcobol4.0/cobol.dir
identification division.
program-id.    u706b.
author.        dyad computer systems inc.
installation.  rma.
date-written.  90/09/04.
date-compiled. 18-May-06 15:42.
security.

*  2003/dec/11  M.C.    - alpha doc nbr
*
environment division.
input-output section.
file-control.

    copy "f002_claims_mstr.slr".
    select claims-mstr
*tobefixed* brad no unique key for this file !!!!!
*               two record keys
*       assign index to "f002_claims_mstr"
*       assign data  to "f002_claims_mstr"

        assign to disk "$pb_data/f002_claims_mstr"

        organization is indexed
        access mode  is dynamic
*mf     (added lock mode so that files aren't open exclusively)
        lock mode is manual

*       record key   is key-claims-mstr     length is 18
        record key   is key-claims-mstr
          with duplicates

*tobefixed*             with  duplicates occurrence is claims-occur
*mf     record key   is key-gen-claims-mstr length is  2
*mf     alternate record key   is key-gen-claims-mstr
        alternate record key   is clmdtl-p-claims-mstr
           with duplicates

        status       is status-cobol-claims-mstr.

select claims-keys
    assign to       "u706a_claims_keys.sf"
    organization is sequential
    access mode  is sequential
*mf    infos status is status-claims-keys
    status       is status-cobol-claims-keys.

*
*
* Micro Focus COBOL for UNIX         V4.0 revision 005 18-May-06 15:42 Page   2
*                      u706b.cbl                                     )
*
*
*
*
*
*
data division.
file section.

    copy "f002_claims_mstr.fd".
* 99/jan/15 B.E  - y2k
* 01/nov/06 B.E. - added clmrec-hdr-payroll as redefine of clmrec-hosp
* 03/aug/21 M.C. - increase the file size by 8 characters
* 03/oct/20 b.e. - alpha doctor nbr
* 04/jun/02 b.e. - added field clmdtl-b-batch-number-numeric

fd  claims-mstr
*            block  contains       224 characters
*            record contains       224 characters .
*!             block  contains       232 characters
*!             record contains       232 characters .
             block  contains       228 characters
             record contains       228 characters .
*       feedback is feedback-claims-mstr.


* insert this warning message from "F000_DUPLICATE_FD_WARNING.FD

*----------------  note -----------------------
*-- any changes to this fd must also be made  --
*-- to the corresponding "..._D001_..." fd    --
*-- and vice versa                            --
*----------------  note -----------------------
01  claims-mstr-rec.

  05  claims-mstr-hdr-rec.

    10  clmrec-hdr-clinic-nbr-1-2               pic 99.
*!    10  filler                                  pic x(09).
    10  filler                                  pic x(08).
    10  clmrec-zeroed-oma-suff-adj              pic x(06).
    10  clmrec-zeroed-area redefines clmrec-zeroed-oma-suff-adj
                                                pic 9(06).
    10  clmrec-hdr-batch-type                   pic x.
    10  filler                                  pic x(15).
    10  clmrec-hdr-diag-cd                      pic 9(3).
    10  clmrec-hdr-loc                          pic x(4).

    10  clmrec-hdr-hosp                         pic x.
    10  clmrec-hdr-payroll redefines clmrec-hdr-hosp pic x.

    10  clmrec-hdr-agent-cd                     pic 9.
    10  filler                                  pic x(2).
    10  clmrec-hdr-i-o-pat-ind                  pic x.
    10  clmrec-hdr-ohip-id-or-chart             pic x(16).
    10  clmrec-hdr-pat-acronym                  pic x(9).
* reference x(11) + date admit 9(8)
    10  filler                                  pic x(19).
* Micro Focus COBOL for UNIX         V4.0 revision 005 18-May-06 15:42 Page   3
*                      u706b.cbl (/alpha/rmabill/rmabill101c/use/f002)

    10  clmrec-doc-dept-nbr                     pic 99.

*  (cash payment date 9(8) + curr payment 9(7) + ped 9(8)  + cycle nbr 9(2)
    10  filler                                  pic x(25).

*      (field now refers to clmhdr-date-sys instead of old
*       clmhdr-date-claim, but name remains the same)
    10  clmrec-hdr-date-claim                   pic x(8).
    10  clmrec-hdr-amt-tech-billed              pic s9(4)v99.
    10  clmrec-hdr-amt-tech-paid                pic s9(4)v99.
    10  clmrec-hdr-tot-claim-ar-oma             pic s9(5)v99.
    10  clmrec-hdr-tot-claim-ar-ohip            pic s9(5)v99.
    10  clmrec-hdr-manual-tape-pymnts           pic s9(5)v99.
    10  clmrec-hdr-status-ohip                  pic xx.
*       (review=1,submitdate=8,confidential=1,servdate=8,origbatchid=11)
* 2003/08/21 - MC - 8 chars for 4 new elements (elig-error, elig-status, serv-er
*   10  filler                                  pic x(29).
*!  10  filler                                  pic x(37).
    10  filler                                  pic x(36).
* 2003/08/21 - end

*-------------------
10  k-key-claims-mstr.
*        key type: 'b' = batch id
*                  'p' = patient id (i key)
    20  clmrec-hdr-b-key-type                        pic x.
    20  clmrec-hdr-b-data.
*!        25  clmrec-hdr-b-batch-num                   pic 9(9).
        25  clmrec-hdr-b-batch-num                   pic x(8).
        25  clmrec-hdr-b-batch-nbr redefines clmrec-hdr-b-batch-num.
            30  clmrec-hdr-b-clinic-nbr-1-2          pic 99.
*!            30  clmrec-hdr-b-doc-nbr                 pic 9(4).
            30  clmrec-hdr-b-doc-nbr                 pic x(3).
            30  clmrec-hdr-b-doc-nbr-r redefines clmrec-hdr-b-doc-nbr.
*!                35  clmrec-hdr-b-doc-nbr-1           pic 9.
*!                35  clmrec-hdr-b-doc-nbr-2-4         pic 999.
                35  clmrec-hdr-b-doc-nbr-2-4         pic xxx.
*           ( added so that the new batch number can be accessed
*             rather than the old  week-day combination )
            30  clmrec-hdr-b-batch-number.
                35  clmrec-hdr-b-week                pic 99.
                35  clmrec-hdr-b-day                 pic 9.
        25  clmrec-hdr-b-claim-nbr                   pic 99.
        25  clmrec-hdr-b-oma-cd                      pic x999.

        25  clmrec-hdr-b-oma-suff                    pic x.
        25  clmrec-hdr-b-adj-nbr                     pic x.
    20  clmrec-hdr-b-data-r  redefines  clmrec-hdr-b-data.
        25  clmrec-hdr-b-pat-id                      pic x(15).
*!        25  filler                                   pic xx.
        25  filler                                   pic x.

10  k-clmdtl-p-claims-mstr.
    20  clmdtl-p-key-type                        pic x.
    20  clmdtl-p-data.
        25  clmdtl-p-batch-nbr.
            30  clmdtl-p-clinic-nbr-1-2      pic  99.
* Micro Focus COBOL for UNIX         V4.0 revision 005 18-May-06 15:42 Page   4
*                      u706b.cbl (/alpha/rmabill/rmabill101c/use/f002)
*!            30  clmdtl-p-doc-nbr             pic 9(4).
            30  clmdtl-p-doc-nbr             pic x(3).
            30  clmdtl-p-week                pic 99.
            30  clmdtl-p-day                 pic 9.
        25  clmdtl-p-claim-nbr               pic 99.
        25  clmdtl-p-oma-cd                  pic x999.
        25  clmdtl-p-oma-suff                pic x.
        25  clmdtl-p-adj-nbr                 pic x.
*-------------------------

01  claims-mstr-dtl-rec.

*!    10  filler                                  pic x(11).
    10  filler                                  pic x(10).
    10  clmrec-dtl-oma-cd                       pic x(4).
    10  filler                                  pic x(5).
    10  clmrec-dtl-agent-cd                     pic  9.
    10  clmrec-dtl-adj-cd                       pic  x.
    10  clmrec-dtl-nbr-serv                     pic 99.
    10  clmrec-dtl-sv-date                      pic x(8).
    10  clmrec-dtl-consec-dates occurs 3 times.
        15  clmrec-dtl-sv-nbr                   pic 9.
        15  filler                              pic xx.
    10  clmrec-dtl-amt-tech-billed              pic s9(4)v99.
    10  clmrec-dtl-fee-oma                      pic s9(5)v99.
    10  clmrec-dtl-fee-ohip                     pic s9(5)v99.
* 2003/08/21 - MC
*   10  filler                                  pic x(127).
*!    10  filler                                  pic x(135).
    10  filler                                  pic x(134).
* 2003/08/21 - end

*mf added below copy to include 'external' key within record.
*mfcopy "f002_key_claims_mstr_mf.ws".
*-------------------
10  key-claims-mstr.
*        key type: 'b' = batch id
*                  'p' = patient id (i key)
    20  clmdtl-b-key-type                        pic x.
    20  clmdtl-b-data.
*!        25  clmdtl-b-batch-num                   pic 9(9).
        25  clmdtl-b-batch-num                   pic x(8).
        25  clmdtl-b-batch-nbr redefines clmdtl-b-batch-num.
            30  clmdtl-b-clinic-nbr-1-2          pic 99.
*!            30  clmdtl-b-doc-nbr                 pic 9(4).
            30  clmdtl-b-doc-nbr                 pic x(3).
            30  clmdtl-b-doc-nbr-r redefines clmdtl-b-doc-nbr.
*!                35  clmdtl-b-doc-nbr-1           pic 9.
*!                35  clmdtl-b-doc-nbr-2-4         pic 999.
                35  clmdtl-b-doc-nbr-2-4         pic xxx.
*           ( added so that the new batch number can be accessed
*             rather than the old  week-day combination )
            30  clmdtl-b-batch-number.
                35  clmdtl-b-week                pic 99.
                35  clmdtl-b-day                 pic 9.
            30  clmdtl-b-batch-number-numeric redefines  clmdtl-b-batch-number
                                                pic 9(3).

* Micro Focus COBOL for UNIX         V4.0 revision 005 18-May-06 15:42 Page   5
*                      u706b.cbl (/alpha/rmabill/rmabill101c/use/f002)
        25  clmdtl-b-claim-nbr                   pic 99.
        25  clmdtl-b-oma-cd                      pic x999.

        25  clmdtl-b-oma-suff                    pic x.
        25  clmdtl-b-adj-nbr                     pic x.
    20  clmdtl-b-data-r  redefines  clmdtl-b-data.
        25  clmdtl-b-pat-id                      pic x(15).
*!        25  filler                               pic xx.
        25  filler                               pic x.

10  clmdtl-p-claims-mstr.
    20  clmdtl-p-key-type                        pic x.
    20  clmdtl-p-data.
        25  clmdtl-p-batch-nbr.
            30  clmdtl-p-clinic-nbr-1-2      pic  99.
*!            30  clmdtl-p-doc-nbr             pic 9(4).
            30  clmdtl-p-doc-nbr             pic x(3).
            30  clmdtl-p-week                pic 99.
            30  clmdtl-p-day                 pic 9.
        25  clmdtl-p-claim-nbr               pic 99.
        25  clmdtl-p-oma-cd                  pic x999.
        25  clmdtl-p-oma-suff                pic x.
        25  clmdtl-p-adj-nbr                 pic x.
*-------------------------

*
fd  claims-keys
    record contains 36 characters
    data record is claims-keys-record.

01  claims-keys-record.
*!  05 b-key    pic x(18).
*!  05 p-key    pic x(18).
    05 b-key    pic x(17).
    05 p-key    pic x(17).

working-storage section.

77  claims-occur                                pic 9(12).

*   status file indicators
*mf 77  common-status-file                      pic x(11).
*mf 77  status-claims-mstr                      pic x(11) value zero.
*mf 77  status-claims-keys                      pic x(11) value zero.
77  feedback-claims-mstr                        pic x(4).

77  common-status-file                          pic xx.
77  status-cobol-claims-mstr                    pic xx    value zero.
77  status-cobol-claims-keys                    pic xx    value zero.

*   eof flags
77  error-flag                                  pic x   value "N".
77  eof-claims-mstr                             pic x   value "N".
77  eof-claims-keys                             pic x   value "N".
01  blank-line                                  pic x(132) value spaces.

*   counters for records read/written for all input/output files
01  counters.
* Micro Focus COBOL for UNIX         V4.0 revision 005 18-May-06 15:42 Page   6
*                      u706b.cbl                                     )
    05  ctr-claims-mstr-reads                   pic 9(9).
    05  ctr-nbr-keys-rec-writes                 pic 9(9).

copy "sysdatetime.ws".
* 98/dec/01 D.B.        - y2k conversion
* 99/jan/13 B.E.        - changed sys-y1/y2 to y1 thru y4
*                       - added 'default-century-...' and century-date variables

01 century-year                                 pic 9(4).
01 century-date                                 pic 9(8).
01 default-century-cc                           pic 9(2) value 19.
01 default-century-cccc                         pic 9(4) value 1900.

01  sys-date.
* y2k    05  sys-date-long                              pic x(6).
    05  sys-date-long                           pic x(8).
    05  sys-date-long-r  redefines  sys-date-long.
* y2k   10  sys-yy                              pic 99.
        10  sys-yy                              pic 9999.
        10  sys-yy-alpha  redefines  sys-yy.
* y2k       15  sys-y1                          pic 9.
* y2k       15  sys-y2                          pic 9.
            15  sys-y1                          pic 9.
            15  sys-y2                          pic 9.
            15  sys-y3                          pic 9.
            15  sys-y4                          pic 9.
        10  sys-mm                              pic 99.
        10  sys-dd                              pic 99.
* remove after y2k upgrade of dgux
01  sys-date-numeric redefines sys-date         pic 9(8).
01  sys-date-y2kfix  redefines sys-date.
    05 sys-date-left                            pic x(6).
    05 filler                                   pic x(2).
01  sys-date-y2kfixed redefines sys-date.
    05 sys-date-blank                           pic x(2).
    05 sys-date-right                           pic x(6).
01  sys-date-temp                               pic x(8).

01  run-date.
* y2k    05  run-yy                                     pic 99.
    05  run-yy                                  pic 9999.
    05  filler                                  pic x   value "/".
    05  run-mm                                  pic 99.
    05  filler                                  pic x   value "/".
    05  run-dd                                  pic 99.

01  sys-time.
    05  sys-hrs                                 pic 99.
    05  sys-min                                 pic 99.
    05  sys-sec                                 pic 99.
    05  sys-hdr                                 pic 99.

01  run-time.
    05  run-hrs                                 pic 99.
    05  filler                                  pic x   value ":".
    05  run-min                                 pic 99.
    05  filler                                  pic x   value ":".
    05  run-sec                                 pic 99.
* Micro Focus COBOL for UNIX         V4.0 revision 005 18-May-06 15:42 Page   7
*                      u706b.cbl                                     )

*mf copy "F002_KEY_CLAIMS_MSTR.WS".
01  error-message-table.

    05  error-messages.
        10  filler                              pic x(60)   value
                "CLAIM NOT FOUND".
procedure division.
declaratives.

err-claim-header-mstr-file section.
    use after standard error procedure on claims-mstr.

err-claims-mstr.
    stop "ERROR IN ACCESSING CLAIMS MASTER".
*mf    move status-claims-mstr                  to common-status-file.
    move status-cobol-claims-mstr               to common-status-file.
    display common-status-file
    stop run.

err-claims-keys-file section.
    use after standard error procedure on claims-keys.

err-claims-keys.
    stop "ERROR IN ACCESSING KEYS FILE".
*mf    move status-claims-keys                  to common-status-file.
    move status-cobol-claims-keys               to common-status-file.
    display common-status-file
    stop run.

end declaratives.

mainline section.

    perform aa0-initialization                  thru aa0-99-exit.
    perform ab0-processing                      thru ab0-99-exit
                until   eof-claims-keys = 'Y'.
    perform az0-finalization                    thru az0-99-exit.
    stop run.
aa0-initialization.

    open input  claims-keys.
    open i-o    claims-mstr.

    perform ya0-read-keys       thru    ya0-99-exit.

aa0-99-exit.
    exit.
ab0-processing.

    perform ya1-read-claims-mstr        thru    ya1-99-exit.

    perform xa0-write-inverted-key      thru    xa0-99-exit.

    perform ya0-read-keys               thru    ya0-99-exit.

ab0-99-exit.
    exit.
* Micro Focus COBOL for UNIX         V4.0 revision 005 18-May-06 15:42 Page   8
*                      u706b.cbl                                     )
az0-finalization.

    close claims-mstr
          claims-keys.

    stop run.

az0-99-exit.
    exit.
xa0-write-inverted-key.

* (c.e.) write  inverted  claims-mstr-hdr-rec   key is key-claims-mstr
    move p-key  to      key-claims-mstr.

*mf    write  inverted  claims-mstr-rec         key is key-claims-mstr
    write  claims-mstr-rec
        invalid key
            display "ERROR IN WRITE INVERTED - ", key-claims-mstr
            stop run.

    add 1                               to ctr-nbr-keys-rec-writes.

xa0-99-exit.
    exit.

ya0-read-keys.

    read claims-keys
        at end move "Y" to eof-claims-keys.

ya0-99-exit.
exit.


ya1-read-claims-mstr.

    move zero           to      claims-occur
                                feedback-claims-mstr.
    move b-key          to      key-claims-mstr.
    read claims-mstr key is key-claims-mstr
        invalid key
            stop run.

ya1-99-exit.
    exit.


    copy "y2k_default_sysdate_century.rtn".
y2k-default-sysdate.

    move sys-date-left                  to sys-date-temp.
    move sys-date-temp                  to sys-date-right.
    move zeros                          to sys-date-blank.
* 1999/dec/30 B.E.
*   add 19000000                        to sys-date-numeric.
    add 20000000                        to sys-date-numeric.

y2k-default-sysdate-exit.
* Micro Focus COBOL for UNIX         V4.0 revision 005 18-May-06 15:42 Page   9
*                      u706b.cbl (/alpha/rmabill/rmabill101c/use/y2k_)
    exit.
* Micro Focus COBOL for UNIX         V4.0 revision 005 Compiler
* Copyright (C) 1984-1995 Micro Focus Ltd.     URN 2XUPG/GB0/00000F
*                                              REF GNB-030056000AA
*
* Total Messages:     0
* Data:        1480     Code:        1055
