
CORE SOFTWARE CORP. (R) 32-bit PowerHouse Preprocessor for 80x86
CORE Migration PREP Version 4.1.3.
Copyright (C) CORE SOFTWARE CORP. 1997-1999. Patent Pending.
All rights reserved.


Prepping:	d020.qks

Total lines read: 1454
Total statements generated: 1029


CORE SOFTWARE CORP. (R) 32-bit PowerHouse Preprocessor for 80x86
CORE Migration PREP Version 4.1.3.
Copyright (C) CORE SOFTWARE CORP. 1997-1999. Patent Pending.
All rights reserved.


Prepping:	d020a.qks

Total lines read: 1075
Total statements generated: 712


CORE SOFTWARE CORP. (R) 32-bit PowerHouse Preprocessor for 80x86
CORE Migration PREP Version 4.1.3.
Copyright (C) CORE SOFTWARE CORP. 1997-1999. Patent Pending.
All rights reserved.


Prepping:	d112a.qks

Total lines read: 731
Total statements generated: 579


CORE SOFTWARE CORP. (R) 32-bit PowerHouse Preprocessor for 80x86
CORE Migration PREP Version 4.1.3.
Copyright (C) CORE SOFTWARE CORP. 1997-1999. Patent Pending.
All rights reserved.


Prepping:	d113.qks

Total lines read: 285
Total statements generated: 218


CORE SOFTWARE CORP. (R) 32-bit PowerHouse Preprocessor for 80x86
CORE Migration PREP Version 4.1.3.
Copyright (C) CORE SOFTWARE CORP. 1997-1999. Patent Pending.
All rights reserved.


Prepping:	d114.qks

Total lines read: 139
Total statements generated: 105


CORE SOFTWARE CORP. (R) 32-bit PowerHouse Preprocessor for 80x86
CORE Migration PREP Version 4.1.3.
Copyright (C) CORE SOFTWARE CORP. 1997-1999. Patent Pending.
All rights reserved.


Prepping:	d119.qks

Total lines read: 282
Total statements generated: 225


CORE SOFTWARE CORP. (R) 32-bit PowerHouse Preprocessor for 80x86
CORE Migration PREP Version 4.1.3.
Copyright (C) CORE SOFTWARE CORP. 1997-1999. Patent Pending.
All rights reserved.


Prepping:	h119.qks

Total lines read: 197
Total statements generated: 148


CORE SOFTWARE CORP. (R) 32-bit PowerHouse Preprocessor for 80x86
CORE Migration PREP Version 4.1.3.
Copyright (C) CORE SOFTWARE CORP. 1997-1999. Patent Pending.
All rights reserved.


Prepping:	m020.qks

Total lines read: 2121
Total statements generated: 1702


CORE SOFTWARE CORP. (R) 32-bit PowerHouse Preprocessor for 80x86
CORE Migration PREP Version 4.1.3.
Copyright (C) CORE SOFTWARE CORP. 1997-1999. Patent Pending.
All rights reserved.


Prepping:	m074.qks

Total lines read: 30
Total statements generated: 26


CORE SOFTWARE CORP. (R) 32-bit PowerHouse Preprocessor for 80x86
CORE Migration PREP Version 4.1.3.
Copyright (C) CORE SOFTWARE CORP. 1997-1999. Patent Pending.
All rights reserved.


Prepping:	m075.qks

Total lines read: 36
Total statements generated: 30


CORE SOFTWARE CORP. (R) 32-bit PowerHouse Preprocessor for 80x86
CORE Migration PREP Version 4.1.3.
Copyright (C) CORE SOFTWARE CORP. 1997-1999. Patent Pending.
All rights reserved.


Prepping:	m100.qks

Total lines read: 120
Total statements generated: 88

