
CORE SOFTWARE CORP. (R) 32-bit PowerHouse Preprocessor for 80x86
CORE Migration PREP Version 4.1.3.
Copyright (C) CORE SOFTWARE CORP. 1997-1999. Patent Pending.
All rights reserved.


Prepping:	abe.qzs

Total lines read: 23
Total statements generated: 16


CORE SOFTWARE CORP. (R) 32-bit PowerHouse Preprocessor for 80x86
CORE Migration PREP Version 4.1.3.
Copyright (C) CORE SOFTWARE CORP. 1997-1999. Patent Pending.
All rights reserved.


Prepping:	mp_payments.qzs

Total lines read: 77
Total statements generated: 22


CORE SOFTWARE CORP. (R) 32-bit PowerHouse Preprocessor for 80x86
CORE Migration PREP Version 4.1.3.
Copyright (C) CORE SOFTWARE CORP. 1997-1999. Patent Pending.
All rights reserved.


Prepping:	r119a.qzs

Total lines read: 117
Total statements generated: 51


CORE SOFTWARE CORP. (R) 32-bit PowerHouse Preprocessor for 80x86
CORE Migration PREP Version 4.1.3.
Copyright (C) CORE SOFTWARE CORP. 1997-1999. Patent Pending.
All rights reserved.


Prepping:	r119b.qzs

Total lines read: 114
Total statements generated: 50


CORE SOFTWARE CORP. (R) 32-bit PowerHouse Preprocessor for 80x86
CORE Migration PREP Version 4.1.3.
Copyright (C) CORE SOFTWARE CORP. 1997-1999. Patent Pending.
All rights reserved.


Prepping:	r119c.qzs

Total lines read: 104
Total statements generated: 47


CORE SOFTWARE CORP. (R) 32-bit PowerHouse Preprocessor for 80x86
CORE Migration PREP Version 4.1.3.
Copyright (C) CORE SOFTWARE CORP. 1997-1999. Patent Pending.
All rights reserved.


Prepping:	r121a.qzs

Total lines read: 104
Total statements generated: 38


CORE SOFTWARE CORP. (R) 32-bit PowerHouse Preprocessor for 80x86
CORE Migration PREP Version 4.1.3.
Copyright (C) CORE SOFTWARE CORP. 1997-1999. Patent Pending.
All rights reserved.


Prepping:	r121b.qzs

Total lines read: 94
Total statements generated: 34


CORE SOFTWARE CORP. (R) 32-bit PowerHouse Preprocessor for 80x86
CORE Migration PREP Version 4.1.3.
Copyright (C) CORE SOFTWARE CORP. 1997-1999. Patent Pending.
All rights reserved.


Prepping:	r121c.qzs

Total lines read: 89
Total statements generated: 41


CORE SOFTWARE CORP. (R) 32-bit PowerHouse Preprocessor for 80x86
CORE Migration PREP Version 4.1.3.
Copyright (C) CORE SOFTWARE CORP. 1997-1999. Patent Pending.
All rights reserved.


Prepping:	r123d1a.qzs

Total lines read: 81
Total statements generated: 26


CORE SOFTWARE CORP. (R) 32-bit PowerHouse Preprocessor for 80x86
CORE Migration PREP Version 4.1.3.
Copyright (C) CORE SOFTWARE CORP. 1997-1999. Patent Pending.
All rights reserved.


Prepping:	r124a_mp.qzs

Error:

Routine:        GEN_FOPEN
Date/Time:      Sat May 06 14:15:28 2017
Sys Error:      (RTL Code 2) No such file or directory
Reason:         Can not open file \$PB_SRC/PRINTER_CODES in mode r
Source context: Level 1, file R124A_MP.QZS, line 82

CORE SOFTWARE CORP. (R) 32-bit PowerHouse Preprocessor for 80x86
CORE Migration PREP Version 4.1.3.
Copyright (C) CORE SOFTWARE CORP. 1997-1999. Patent Pending.
All rights reserved.


Prepping:	r124a_paycode7.qzs

Error:

Routine:        GEN_FOPEN
Date/Time:      Sat May 06 14:15:28 2017
Sys Error:      (RTL Code 2) No such file or directory
Reason:         Can not open file \$PB_SRC/PRINTER_CODES in mode r
Source context: Level 1, file R124A_PAYCODE7.QZS, line 40

CORE SOFTWARE CORP. (R) 32-bit PowerHouse Preprocessor for 80x86
CORE Migration PREP Version 4.1.3.
Copyright (C) CORE SOFTWARE CORP. 1997-1999. Patent Pending.
All rights reserved.


Prepping:	r124b_mp.qzs

Error:

Routine:        GEN_FOPEN
Date/Time:      Sat May 06 14:15:28 2017
Sys Error:      (RTL Code 2) No such file or directory
Reason:         Can not open file \$PB_SRC/PRINTER_CODES in mode r
Source context: Level 1, file R124B_MP.QZS, line 104

CORE SOFTWARE CORP. (R) 32-bit PowerHouse Preprocessor for 80x86
CORE Migration PREP Version 4.1.3.
Copyright (C) CORE SOFTWARE CORP. 1997-1999. Patent Pending.
All rights reserved.


Prepping:	r124b_paycode7.qzs

Error:

Routine:        GEN_FOPEN
Date/Time:      Sat May 06 14:15:28 2017
Sys Error:      (RTL Code 2) No such file or directory
Reason:         Can not open file \$PB_SRC/PRINTER_CODES in mode r
Source context: Level 1, file R124B_PAYCODE7.QZS, line 72

CORE SOFTWARE CORP. (R) 32-bit PowerHouse Preprocessor for 80x86
CORE Migration PREP Version 4.1.3.
Copyright (C) CORE SOFTWARE CORP. 1997-1999. Patent Pending.
All rights reserved.


Prepping:	r124c.qzs

Total lines read: 178
Total statements generated: 56


CORE SOFTWARE CORP. (R) 32-bit PowerHouse Preprocessor for 80x86
CORE Migration PREP Version 4.1.3.
Copyright (C) CORE SOFTWARE CORP. 1997-1999. Patent Pending.
All rights reserved.


Prepping:	r126.qzs

Total lines read: 136
Total statements generated: 64


CORE SOFTWARE CORP. (R) 32-bit PowerHouse Preprocessor for 80x86
CORE Migration PREP Version 4.1.3.
Copyright (C) CORE SOFTWARE CORP. 1997-1999. Patent Pending.
All rights reserved.


Prepping:	r127.qzs

Total lines read: 63
Total statements generated: 27


CORE SOFTWARE CORP. (R) 32-bit PowerHouse Preprocessor for 80x86
CORE Migration PREP Version 4.1.3.
Copyright (C) CORE SOFTWARE CORP. 1997-1999. Patent Pending.
All rights reserved.


Prepping:	r137.qzs

Total lines read: 99
Total statements generated: 52


CORE SOFTWARE CORP. (R) 32-bit PowerHouse Preprocessor for 80x86
CORE Migration PREP Version 4.1.3.
Copyright (C) CORE SOFTWARE CORP. 1997-1999. Patent Pending.
All rights reserved.


Prepping:	utl0101.qzs

Total lines read: 34
Total statements generated: 20


CORE SOFTWARE CORP. (R) 32-bit PowerHouse Preprocessor for 80x86
CORE Migration PREP Version 4.1.3.
Copyright (C) CORE SOFTWARE CORP. 1997-1999. Patent Pending.
All rights reserved.


Prepping:	utl0201.qzs

Total lines read: 142
Total statements generated: 57

