######      14:17    Regional Medical Associates - Hamilton           PAGE   1

Run:      
Request: EVALUATE_CLINIC_AMT


Executing request EVALUATE_CLINIC_AMT ...

Records read:
  R031A-OHIP-PREMIUMS                  1,726

Transactions processed:                1,726

Records processed:                     Added    Updated  Unchanged    Deleted
  R031A_EXTRACT_DATA                     499          0          0          0

######      14:17    Regional Medical Associates - Hamilton           PAGE   1

Run:      
Request: SEL_DOCTOR


Executing request SEL_DOCTOR ...

Records read:
  R031A_EXTRACT_DATA                     499
  F020-DOCTOR-MSTR                     1,031

Transactions processed:                1,031

Records processed:                     Added    Updated  Unchanged    Deleted
  R031A_SORT_DOCTOR                      296          0          0          0

######      14:17    Regional Medical Associates - Hamilton           PAGE   1

Run:      
Request: SEL_UNIQUE_DOCTORS


Executing request SEL_UNIQUE_DOCTORS ...

Records read:
  R031A_SORT_DOCTOR                      296

Transactions processed:                   37

Records processed:                     Added    Updated  Unchanged    Deleted
  R031A_SELECT_DOCTOR                     37          0          0          0

######      14:17    Regional Medical Associates - Hamilton           PAGE   1

Run:      
Request: SEL_MULTIPLE_DOCTORS


Executing request SEL_MULTIPLE_DOCTORS ...

Records read:
  R031A_SORT_DOCTOR                      296
  F020-DOCTOR-MSTR                       994

Transactions processed:                  335

Records processed:                     Added    Updated  Unchanged    Deleted
  R031A_MULTIPLE_DOCTOR                  335          0          0          0

######      14:17    Regional Medical Associates - Hamilton           PAGE   1

Run:      
Request: SPLIT_MULT_DOCS


Executing request SPLIT_MULT_DOCS ...

Records read:
  R031A_MULTIPLE_DOCTOR                  335

Transactions processed:                  335

Records processed:                     Added    Updated  Unchanged    Deleted
  R031A_MULT_22_CLINIC_DOCTORS            51          0          0          0
  R031A_MULT_OTHER_CLINIC_DOCTORS        284          0          0          0

######      14:17    Regional Medical Associates - Hamilton           PAGE   1

Run:      
Request: FILTER_22_DOCS_PART1


Executing request FILTER_22_DOCS_PART1 ...

Records read:
  R031A_MULT_22_CLINIC_DOCTORS            51

Transactions processed:                   51

Records processed:                     Added    Updated  Unchanged    Deleted
  TMP-DOCTOR-ALPHA                        11          0          0          0

######      14:17    Regional Medical Associates - Hamilton           PAGE   1

Run:      
Request: FILTER_22_DOCS_PART2


Executing request FILTER_22_DOCS_PART2 ...

Records read:
  R031A_MULT_22_CLINIC_DOCTORS            51
  TMP-DOCTOR-ALPHA                        27

Transactions processed:                   28

Records processed:                     Added    Updated  Unchanged    Deleted
  R031A_MULT_OTHER_CLINIC_DOCTORS         28          0          0          0

######      14:17    Regional Medical Associates - Hamilton           PAGE   1

Run:      
Request: FILTER_22_DOCS_PART3


Executing request FILTER_22_DOCS_PART3 ...

Records read:
  R031A_MULT_22_CLINIC_DOCTORS            51
  TMP-DOCTOR-ALPHA                        14

Transactions processed:                   14

Records processed:                     Added    Updated  Unchanged    Deleted
  R031A_MULT_OTHER_CLINIC_DOCTORS         14          0          0          0

######      14:17    Regional Medical Associates - Hamilton           PAGE   1

Run:      
Request: SEL_FILTER_MULT_DOCS


Executing request SEL_FILTER_MULT_DOCS ...

Records read:
  R031A_MULT_OTHER_CLINIC_DOCTORS        326

Transactions processed:                  326

Records processed:                     Added    Updated  Unchanged    Deleted
  R031A_SELECT_DOCTOR                    251          0          0          0

######      14:17    Regional Medical Associates - Hamilton           PAGE   1

Run:      
Request: CONVERT_CLINIC


Executing request CONVERT_CLINIC ...

Records read:
  R031A_SELECT_DOCTOR                    288

Transactions processed:                  288

Records processed:                     Added    Updated  Unchanged    Deleted
  R031A_CONVERT_DOCTOR                   288          0          0          0

######      14:17    Regional Medical Associates - Hamilton           PAGE   1

Run:      
Request: SEL_ACTIVE_DOCTOR


Executing request SEL_ACTIVE_DOCTOR ...

Records read:
  R031A_CONVERT_DOCTOR                   288

Transactions processed:                  288

Records processed:                     Added    Updated  Unchanged    Deleted
  R031A_ACTIVE_DOCTOR                    288          0          0          0

######      14:17    Regional Medical Associates - Hamilton           PAGE   1

Run:      
Request: CALCULATE_RUNNING_AMT


Executing request CALCULATE_RUNNING_AMT ...

Records read:
  R031A_ACTIVE_DOCTOR                    288

Transactions processed:                  288

Records processed:                     Added    Updated  Unchanged    Deleted
  R031A_RUNNING_AMT                      288          0          0          0

######      14:17    Regional Medical Associates - Hamilton           PAGE   1

Run:      
Request: CALCULATE_BATCH_NBR


Executing request CALCULATE_BATCH_NBR ...

Records read:
  R031A_RUNNING_AMT                      288

Transactions processed:                  288

Records processed:                     Added    Updated  Unchanged    Deleted
  R031A_BATCH_NBR                        288          0          0          0
  R031A_DEBUG_BATCH_NBR                  288          0          0          0

Finished.
