
Executing request CREATE_PAYMENT_RECS ...
-------------------------------------------------------------------------------
Attempt to add a duplicate value when UNIQUE KEY/INDEX was specified.     [76] 
   File:  F001-BATCH-CONTROL-FILE
     Linkitem:  BATCTRL-BATCH-NBR                22W00194

Action Taken: Report and Continue.
-------------------------------------------------------------------------------
Attempt to add a duplicate value when UNIQUE KEY/INDEX was specified.     [97] 
   File:  F001-BATCH-CONTROL-FILE
     Linkitem:  BATCTRL-BATCH-NBR                22W00195

Action Taken: Report and Continue.
-------------------------------------------------------------------------------
Attempt to add a duplicate value when UNIQUE KEY/INDEX was specified.    [123] 
   File:  F001-BATCH-CONTROL-FILE
     Linkitem:  BATCTRL-BATCH-NBR                22W00196

Action Taken: Report and Continue.
-------------------------------------------------------------------------------
Attempt to add a duplicate value when UNIQUE KEY/INDEX was specified.    [176] 
   File:  F001-BATCH-CONTROL-FILE
     Linkitem:  BATCTRL-BATCH-NBR                23W00015

Action Taken: Report and Continue.
-------------------------------------------------------------------------------
Attempt to add a duplicate value when UNIQUE KEY/INDEX was specified.    [194] 
   File:  F001-BATCH-CONTROL-FILE
     Linkitem:  BATCTRL-BATCH-NBR                25W00007

Action Taken: Report and Continue.
-------------------------------------------------------------------------------
Attempt to add a duplicate value when UNIQUE KEY/INDEX was specified.    [195] 
   File:  F001-BATCH-CONTROL-FILE
     Linkitem:  BATCTRL-BATCH-NBR                31W00036

Action Taken: Report and Continue.
-------------------------------------------------------------------------------
Attempt to add a duplicate value when UNIQUE KEY/INDEX was specified.    [205] 
   File:  F001-BATCH-CONTROL-FILE
     Linkitem:  BATCTRL-BATCH-NBR                32W00080

Action Taken: Report and Continue.
-------------------------------------------------------------------------------
Attempt to add a duplicate value when UNIQUE KEY/INDEX was specified.    [224] 
   File:  F001-BATCH-CONTROL-FILE
     Linkitem:  BATCTRL-BATCH-NBR                33W00081

Action Taken: Report and Continue.
-------------------------------------------------------------------------------
Attempt to add a duplicate value when UNIQUE KEY/INDEX was specified.    [237] 
   File:  F001-BATCH-CONTROL-FILE
     Linkitem:  BATCTRL-BATCH-NBR                34W00095

Action Taken: Report and Continue.
-------------------------------------------------------------------------------
Attempt to add a duplicate value when UNIQUE KEY/INDEX was specified.    [245] 
   File:  F001-BATCH-CONTROL-FILE
     Linkitem:  BATCTRL-BATCH-NBR                35W00080

Action Taken: Report and Continue.
-------------------------------------------------------------------------------
Attempt to add a duplicate value when UNIQUE KEY/INDEX was specified.    [248] 
   File:  F001-BATCH-CONTROL-FILE
     Linkitem:  BATCTRL-BATCH-NBR                36W00075

Action Taken: Report and Continue.
-------------------------------------------------------------------------------
Attempt to add a duplicate value when UNIQUE KEY/INDEX was specified.    [284] 
   File:  F001-BATCH-CONTROL-FILE
     Linkitem:  BATCTRL-BATCH-NBR                42W00080

Action Taken: Report and Continue.
-------------------------------------------------------------------------------
Attempt to add a duplicate value when UNIQUE KEY/INDEX was specified.    [286] 
   File:  F001-BATCH-CONTROL-FILE
     Linkitem:  BATCTRL-BATCH-NBR                43W00036

Action Taken: Report and Continue.
-------------------------------------------------------------------------------
Attempt to add a duplicate value when UNIQUE KEY/INDEX was specified.    [288] 
   File:  F001-BATCH-CONTROL-FILE
     Linkitem:  BATCTRL-BATCH-NBR                45W00061

Action Taken: Report and Continue.
-------------------------------------------------------------------------------

Records read:
  R031A_BATCH_NBR                        288
  ICONST-MSTR-REC                         12

Transactions processed:                  288

Records processed:                     Added    Updated  Unchanged    Deleted
  ICONST-MSTR-REC                          0         12          0          0
  F001-BATCH-CONTROL-FILE                  0          0          0          0
  F002-ADJ-HDR                           288          0          0          0
  F002-ADJ-DTL                           288          0          0          0
  R031A_PAY_BATCHES                       14          0          0          0


Executing request TRANSFER_TO_TMP_FILE ...

Records read:
  R031A_ACTIVE_DOCTOR                    288

Transactions processed:                  288

Records processed:                     Added    Updated  Unchanged    Deleted
  TMP-COUNTERS-ALPHA                     288          0          0          0

Finished.
