-rw-rw-rw-   1 moira    dyad     358317056 Apr 11 08:55 2014, /charly/rmabill/rmabill101c/data/f050_doc_revenue_mstr_history.dat
-rw-rw-rw-   1 moira    dyad     167315456 Apr 11 08:55 2014, /charly/rmabill/rmabill101c/data/f050_doc_revenue_mstr_history.idx
-rw-rw-rw-   1 moira    dyad     12033024 Mar 18 08:58 2014, /charly/rmabill/rmabill101c/data/f050tp_doc_revenue_mstr_history.dat
-rw-rw-rw-   1 moira    dyad     2044928 Mar 18 08:58 2014, /charly/rmabill/rmabill101c/data/f050tp_doc_revenue_mstr_history.idx
-rw-rw-rw-   1 brad     dyad     6024192 Apr 22 00:24 2014, f001_batch_control_file
lrwxrwxrwx   1 rma      dyad          23 Mar 30 00:16 2014, f001_batch_control_file.dat -> f001_batch_control_file
-rw-rw-rw-   1 brad     dyad     1011712 Apr 22 00:24 2014, f001_batch_control_file.idx
-rw-rw-r--   1 rma      dyad     6665216 Apr 21 19:43 2014, f050_doc_revenue_mstr
lrwxrwxrwx   1 rma      dyad          21 Mar 30 00:16 2014, f050_doc_revenue_mstr.dat -> f050_doc_revenue_mstr
-rw-rw-r--   1 rma      dyad     3065856 Apr 21 19:43 2014, f050_doc_revenue_mstr.idx
lrwxrwxrwx   1 moira    dyad          66 Jul  8 09:27 2013, f050_doc_revenue_mstr_history.dat -> /charly/rmabill/rmabill101c/data/f050_doc_revenue_mstr_history.dat
lrwxrwxrwx   1 moira    dyad          66 Jul  8 09:27 2013, f050_doc_revenue_mstr_history.idx -> /charly/rmabill/rmabill101c/data/f050_doc_revenue_mstr_history.idx
-rw-rw-rw-   1 rma      dyad      232448 Apr 21 19:43 2014, f050tp_doc_revenue_mstr
lrwxrwxrwx   1 rma      dyad          23 Mar 30 00:16 2014, f050tp_doc_revenue_mstr.dat -> f050tp_doc_revenue_mstr
-rw-rw-rw-   1 rma      dyad       39936 Apr 21 19:43 2014, f050tp_doc_revenue_mstr.idx
lrwxrwxrwx   1 moira    dyad          68 Jul  8 09:27 2013, f050tp_doc_revenue_mstr_history.dat -> /charly/rmabill/rmabill101c/data/f050tp_doc_revenue_mstr_history.dat
lrwxrwxrwx   1 moira    dyad          68 Jul  8 09:27 2013, f050tp_doc_revenue_mstr_history.idx -> /charly/rmabill/rmabill101c/data/f050tp_doc_revenue_mstr_history.idx
-rw-rw-rw-   1 moira    dyad      422912 Apr 21 19:43 2014, f051_doc_cash_mstr
lrwxrwxrwx   1 rma      dyad          18 Mar 30 00:16 2014, f051_doc_cash_mstr.dat -> f051_doc_cash_mstr
-rw-rw-rw-   1 moira    dyad      227328 Apr 21 19:43 2014, f051_doc_cash_mstr.idx
-rw-rw-rw-   1 brad     dyad       20480 Apr 21 19:43 2014, f051tp_doc_cash_mstr
lrwxrwxrwx   1 rma      dyad          20 Mar 30 00:16 2014, f051tp_doc_cash_mstr.dat -> f051tp_doc_cash_mstr
-rw-rw-rw-   1 brad     dyad       10240 Apr 21 19:43 2014, f051tp_doc_cash_mstr.idx
