/alpha/rmabill/rmabill101/dvlp/moira
Thu Dec  1 15:54:08 EST 2016
 + + + Sourced in /alpha/rmabill/rmabill101/dvlp/moira + + +
;Compiling program [/alpha/rmabill/rmabill101/dvlp/moira/create_adj_claim_file.qts]
Q T P   (7.33.E)
Copyright 1996 COGNOS INCORPORATED
Licensed PH-RUNTIME for customer: 5139390001 C.O.T.A UNIX

> cancel clear
> set lock file update
> 
> access *unlof002hdrdtl_sel
> 
> sel if clmhdr-bal-due <> 0
> 
> output adj-claim-file add on errors report
>    item adj-batch-nbr   final key-clm-batch-nbr
>    item adj-claim-nbr   final key-clm-claim-nbr
>    item adj-oma-cd-suff final key-clm-serv-code
>    item adj-serv-date   final nconvert(clmdtl-sv-date)
>    item adj-agent-cd    final clmhdr-agent-cd
>    item adj-pat-acronym final clmhdr-pat-acronym
>    item adj-amt-bal     final clmhdr-bal-due * -1
>    item adj-diag-cd 	final clmdtl-diag-cd
>    item adj-line-no  	final clmdtl-line-no
> build create_adj_claim_file
0 ERRORS  0 WARNINGS.
The file create_adj_claim_file.qtc already exists. Ok to delete?
Thu Dec  1 15:54:09 EST 2016
