/alpha/rmabill/rmabill101/dvlp/moira
Thu Jul 10 16:21:08 EDT 2014
 + + + Sourced in /alpha/rmabill/rmabill101/dvlp/moira + + +
;Compiling program [/alpha/rmabill/rmabill101/dvlp/moira/d020a.qks]
Q D E S I G N   (7.33.E)
Copyright 1996 COGNOS INCORPORATED
Licensed PH-DEVELOPMENT for customer: 0057360001 DYAD Systems Inc. UNIX

> ;#> PROGRAM-ID.     D020A.QKS
> ;
> ;       ((C)) Dyad Technologies
> ;
> ;    PURPOSE: Display of YTD system maintained values
> ;
> ;    MODIFICATION HISTORY
> ;        DATE    SAF #  WHO      DESCRIPTION
> ;     93/JAN/01  ____   B.E.     - original
> ;     93/DEC/29  ____   B.E.     - added FIX designer routine to allow
> ;				   user to adjust any field
> ;     95/MAY/30  ----   M.C.     - when user changes the ytd expense,
> ;				   also change the transactions in
> ;				   f119-doctor-ytd
> ;     95/NOV/15  ----   M.C.	 - include new items on the screen
> ;     98/dec/08  ----   B.E.     - automatically calculate monthly
> ;				   required amount when computed
> ;				   ie. yearly is entered
> ;   1999/jan/29         B.E.	 - y2k
> ;   1999/Jun/07 S.B.      	 - Altered the call to scrtitle.use and
> ;                       	   stdhilite.use to be called from $use
> ;               	           instead of src.
> ;       	                 - Removed the call to secfile.use because
> ;	                           it was not doing anything.
> ; 2003/nov/10 b.e.	- alpha doctor nbr
> ;
> ; !!!!!!!!!!!!!!!!!!!!!
> ; !!!!!!!!!!!!!!!!!!!!!
> ;   must change all FIELD statements below to DISPLAY when finished testing
> ; !!!!!!!!!!!!!!!!!!!!!
> ;
> ; 2014/jun/10  MC1	- add f020-doctor-audit to capture before change records if alteredrecord
> ;			- specify the file on the field statements
> 
> can clear
> screen $pb_obj/d020a.qkc slave  on line 7 for 17 message on line 24	&
> 	receiving f020-doctor-mstr, f020-doctor-extra
> 
> file f020-doctor-mstr     master
> 
> file f020-doctor-extra    master
> 
> ; MC1
> use $use/savef020audit_var.use
> temp a-doc-nbr           char*3
> temp a-doc-dept          zoned*2 unsigned
> temp a-doc-ohip-nbr      zoned*6 unsigned
> temp a-doc-sin-nbr       zoned*9 unsigned
> temp a-doc-clinic-nbr    zoned*2 unsigned
> temp a-doc-spec-cd       zoned*2 unsigned
> temp a-doc-hosp-nbr      char*4
> temp a-doc-name          char*24
> temp a-doc-name-soundex  char*4
> temp a-doc-inits         char*3
> temp a-doc-full-part-ind  char*1
> temp a-doc-bank-nbr       zoned*4 unsigned
> temp a-doc-bank-branch    zoned*5 unsigned
> temp a-doc-bank-acct      char*12
> temp a-doc-date-fac-start  zoned*8 unsigned
> temp a-doc-date-fac-term   zoned*8 unsigned
> temp a-doc-ytdgua          zoned*9 numeric
> temp a-doc-ytdgub          zoned*9 numeric
> temp a-doc-ytdguc          zoned*9 numeric
> temp a-doc-ytdgud          zoned*9 numeric
> temp a-doc-ytdcea          zoned*9 numeric
> temp a-doc-ytdcex          zoned*9 numeric
> temp a-doc-ytdear          zoned*9 numeric
> temp a-doc-ytdinc          zoned*9 numeric
> temp a-doc-ytdeft          zoned*9 numeric
> temp a-doc-totinc-g        zoned*9 numeric
> temp a-doc-ep-date-deposit   zoned*8 unsigned
> temp a-doc-totinc            zoned*9 numeric
> temp a-doc-ep-ceiexp         zoned*9 numeric
> temp a-doc-adjcea            zoned*9 numeric
> temp a-doc-adjcex            zoned*9 numeric
> temp a-doc-ceicea            zoned*9 numeric
> temp a-doc-ceicex            zoned*9 numeric
> temp a-doc-clinic-nbr-2      zoned*2 unsigned
> temp a-doc-clinic-nbr-3      zoned*2 unsigned
> temp a-doc-clinic-nbr-4      zoned*2 unsigned
> temp a-doc-clinic-nbr-5      zoned*2 unsigned
> temp a-doc-clinic-nbr-6      zoned*2 unsigned
> temp a-doc-spec-cd-2         zoned*2 unsigned
> temp a-doc-spec-cd-3         zoned*2 unsigned
> temp a-doc-ytdinc-g          zoned*9 numeric
> temp a-doc-locations         char*120
> temp a-doc-rma-expense-percent-misc   integer unsigned size 4
> temp a-doc-afp-paym-group             char*4
> temp a-doc-dept-2                     zoned*2 unsigned
> temp a-doc-ind-pays-gst               char*1
> temp a-doc-nx-avail-batch             zoned*3 unsigned
> temp a-doc-nx-avail-batch-2           zoned*3 unsigned
> temp a-doc-nx-avail-batch-3           zoned*3 unsigned
> temp a-doc-nx-avail-batch-4           zoned*3 unsigned
> temp a-doc-nx-avail-batch-5           zoned*3 unsigned
> temp a-doc-nx-avail-batch-6           zoned*3 unsigned
> temp a-doc-yrly-ceiling-computed      zoned*9 numeric
> temp a-doc-yrly-expense-computed      zoned*9 numeric
> temp a-doc-rma-expense-percent-reg    integer unsigned size 4
> temp a-doc-sub-specialty              char*15
> temp a-doc-payeft                     zoned*9 numeric
> temp a-doc-ytdded                     zoned*9 numeric
> temp a-doc-dept-expense-percent-misc  integer unsigned size 4
> temp a-doc-dept-expense-percent-reg   integer unsigned size 4
> temp a-doc-ep-ped                     integer unsigned size 4
> temp a-doc-ep-pay-code                char*1
> temp a-doc-ep-pay-sub-code            char*1
> temp a-doc-partnership                char*1
> temp a-doc-ind-holdback-active        char*1
> temp a-group_regular_service          char*4
> temp a-group_over_serviced            char*4
> temp a-doc-specialties                char*90
> temp a-doc-yrly-require-revenue       zoned*9 numeric
> temp a-doc-yrly-target-revenue        zoned*9 numeric
> temp a-doc-ceireq                     zoned*9 numeric
> temp a-doc-ytdreq                     zoned*9 numeric
> temp a-doc-ceitar                     zoned*9 numeric
> temp a-doc-ytdtar                     zoned*9 numeric
> temp a-billing-via-paper-flag         char*1
> temp a-billing-via-diskette-flag      char*1
> temp a-billing-via-web-test-flag      char*1
> temp a-billing-via-web-live-flag      char*1
> temp a-billing-via-rma-data-entry     char*1
> temp a-date-start-rma-data-entry      zoned*8 unsigned
> temp a-date-start-diskette            zoned*8 unsigned
> temp a-date-start-paper               zoned*8 unsigned
> temp a-date-start-web-live            zoned*8 unsigned
> temp a-date-start-web-test            zoned*8 unsigned
> temp a-leave-description              char*30
> temp a-leave-date-start               zoned*8 unsigned
> temp a-leave-date-end                 zoned*8 unsigned
> temp a-web-user-revenue-only-flag     char*1
> temp a-manager-flag                   char*1
> temp a-chair-flag                     char*1
> temp a-abe-user-flag                  char*1
> temp a-cpso-nbr                       char*6
> temp a-cmpa-nbr                       char*9
> temp a-oma-nbr                        char*10
> temp a-cfpc-nbr		       	      char*7
> temp a-rcpsc-nbr                      char*7
> temp a-doc-med-prof-corp              char*1
> temp a-mcmaster-employee-id           zoned*7 unsigned
> temp a-doc-spec-cd-eff-date           zoned*8 unsigned
> temp a-doc-spec-cd-2-eff-date         zoned*8 unsigned
> temp a-doc-spec-cd-3-eff-date         zoned*8 unsigned
> temp a-doc-clinic-nbr-status          char*1
> temp a-doc-clinic-nbr-2-status        char*1
> temp a-doc-clinic-nbr-3-status        char*1
> temp a-doc-clinic-nbr-4-status        char*1
> temp a-doc-clinic-nbr-5-status        char*1
> temp a-doc-clinic-nbr-6-status        char*1
> temp a-factor-gst-income-reg          zoned*5 unsigned
> temp a-factor-gst-income-misc         zoned*5 unsigned
> temp a-yellow-pages-flag              char*1
> temp a-replaced-by-doc-nbr            char*3
> temp a-prior-doc-nbr                  char*3
> temp a-cop-nbr                        char*8
> temp a-doc-flag-primary               char*1
> temp a-has-valid-current-payroll-record  char*1
> temp a-pay-this-doctor-ohip-premium      char*1
> temp a-doc-fiscal-yr-start-month         zoned*2 unsigned
> 
> file f020-doctor-audit    designer
> ; MC 1 - end
> 
> file f119-doctor-ytd      designer
> 
> temp t-ytdcex-diff
> 
> 
> description of screen                                                    &
> "                                                                      " &
> "       This screen allows DISPLAY of System defined and maintained    "&
> "	Year-to-Date values required by the system to perform payroll  "&
> "	calculations."
> 
> ;use $pb_src/secfile.use   nol nod
> 
> 
> define x-screen-name char*55 = "EARNINGS - System TOTAL Values"
> ;use $pb_src/scrtitle.use  nol nod
> use $use/scrtitle.use  nol nod
> 
> ;use $pb_src/stdhilite.use nol nod
> use $use/stdhilite.use nol nod
> 
> align (1,4,29)
> field doc-ytdear of f020-doctor-mstr               label "YTD Earnings ........:"
> align (1,4,29) (,43,68)
> field doc-ytdinc of f020-doctor-mstr                label "YTD Income (Net).....:"
> field doc-ytdinc-g of f020-doctor-mstr              label "YTD Income (Gross)...:"
> skip 1
> field doc-ytdcea of f020-doctor-mstr                 label "YTD Ceiling -EARNINGS:"
> field doc-ceicea of f020-doctor-mstr                label "EP  Ceiling -EARNINGS:"
> field doc-ytdcex of f020-doctor-mstr                label ' "     "    -EXPENSES:'
> field doc-ceicex of f020-doctor-mstr                label ' "     "    -EXPENSES:'
> align (1,4,31) (,43,68)
> field doc-yrly-ceiling-computed of f020-doctor-mstr label "Computed Ceil-EARNINGS:"
> field doc-totinc of f020-doctor-mstr                label "TOTINC ..............:"
> align (1,4,30) (,43,68)
> field doc-yrly-expense-computed of f020-doctor-mstr label '   "        "-EXPENSES:'
> field doc-totinc-g of f020-doctor-mstr              label "TOTINC-Gross ........:"
> skip 1
> align (1,4,29) (,43,68)
> field doc-ytdgua  of f020-doctor-mstr               label "Guaranteed Inc type A:"
> field doc-ytdguc  of f020-doctor-mstr               label "Guaranteed Inc type C:"
> field doc-ytdgub  of f020-doctor-mstr               label '    "      "    "   B:'
> field doc-ytdgud  of f020-doctor-mstr               label '    "      "    "   D:'
> skip 1
> field doc-yrly-require-revenue of f020-doctor-extra label "Computed Required Rev:"
> field doc-yrly-target-revenue of f020-doctor-extra  label "Computed Target Rev  :"
> field doc-ytdreq of f020-doctor-extra               label 'YTD         "      " :'
> field doc-ytdtar of f020-doctor-extra               label 'YTD        "     "   :'
> align (1,4,31) (,43,68)
> field doc-ceireq of f020-doctor-extra display  	    label 'Monthly     "      " :'
> field doc-ceitar of f020-doctor-extra display       label 'Monthly    "     "   :'
> skip 1
> align (1,4,29) (,43,68)
> field doc-payeft of f020-doctor-mstr               label "EP  EFT Payments ....:" ; NOID
> field doc-ep-date-deposit  of f020-doctor-mstr      label "EFT DEPOSIT Date ....:"
> 
> procedure edit doc-ytdcex
> begin
>    if oldvalue(doc-ytdcex of f020-doctor-mstr) <> doc-ytdcex of f020-doctor-mstr
>    then
> 	let t-ytdcex-diff = doc-ytdcex of f020-doctor-mstr - oldvalue(doc-ytdcex of f020-doctor-mstr)
> 
> end
> 
> procedure process doc-yrly-target-revenue
> begin
>    let doc-ceitar of f020-doctor-extra = round(doc-yrly-target-revenue of f020-doctor-extra/ 12)
>    display doc-ceitar of f020-doctor-extra
> end
> 
> ;98/dec/08
> procedure process doc-yrly-require-revenue
> begin
>    let doc-ceireq of f020-doctor-extra = round(doc-yrly-require-revenue of f020-doctor-extra/ 12)
>    display doc-ceireq of f020-doctor-extra
> end
> 
> ; MC1
> use $use/savef020audit.use
> procedure internal savef020audit
> begin
> ; preset from f020-doctor-mstr
>     let a-doc-nbr                 =   &
>         doc-nbr           of f020-doctor-mstr
>     let a-doc-dept                =   &
>         doc-dept          of f020-doctor-mstr
>     let a-doc-ohip-nbr            =   &
>         doc-ohip-nbr      of f020-doctor-mstr
>     let a-doc-sin-nbr             =   &
>         doc-sin-nbr       of f020-doctor-mstr
>     let a-doc-clinic-nbr          =   &
>         doc-clinic-nbr    of f020-doctor-mstr
>     let a-doc-spec-cd             =   &
>         doc-spec-cd       of f020-doctor-mstr
>     let a-doc-hosp-nbr            =   &
>         doc-hosp-nbr      of f020-doctor-mstr
>     let a-doc-name                =   &
>         doc-name          of f020-doctor-mstr
>     let a-doc-name-soundex        =   &
>         doc-name-soundex  of f020-doctor-mstr
>     let a-doc-inits               =   &
>         doc-inits         of f020-doctor-mstr
>     let a-doc-full-part-ind        =   &
>         doc-full-part-ind  of f020-doctor-mstr
>     let a-doc-bank-nbr             =   &
>         doc-bank-nbr       of f020-doctor-mstr
>     let a-doc-bank-branch          =   &
>         doc-bank-branch    of f020-doctor-mstr
>     let a-doc-bank-acct            =   &
>         doc-bank-acct      of f020-doctor-mstr
>     let a-doc-date-fac-start        =   &
>         doc-date-fac-start  of f020-doctor-mstr
>     let a-doc-date-fac-term         =   &
>         doc-date-fac-term   of f020-doctor-mstr
>     let a-doc-ytdgua                =   &
>         doc-ytdgua          of f020-doctor-mstr
>     let a-doc-ytdgub                =   &
>         doc-ytdgub          of f020-doctor-mstr
>     let a-doc-ytdguc                =   &
>         doc-ytdguc          of f020-doctor-mstr
>     let a-doc-ytdgud                =   &
>         doc-ytdgud          of f020-doctor-mstr
>     let a-doc-ytdcea                =   &
>         doc-ytdcea          of f020-doctor-mstr
>     let a-doc-ytdcex                =   &
>         doc-ytdcex          of f020-doctor-mstr
>     let a-doc-ytdear                =   &
>         doc-ytdear          of f020-doctor-mstr
>     let a-doc-ytdinc                =   &
>         doc-ytdinc          of f020-doctor-mstr
>     let a-doc-ytdeft                =   &
>         doc-ytdeft          of f020-doctor-mstr
>     let a-doc-totinc-g              =   &
>         doc-totinc-g        of f020-doctor-mstr
>     let a-doc-ep-date-deposit         =   &
>         doc-ep-date-deposit   of f020-doctor-mstr
>     let a-doc-totinc                  =   &
>         doc-totinc            of f020-doctor-mstr
>     let a-doc-ep-ceiexp               =   &
>         doc-ep-ceiexp         of f020-doctor-mstr
>     let a-doc-adjcea                  =   &
>         doc-adjcea            of f020-doctor-mstr
>     let a-doc-adjcex                  =   &
>         doc-adjcex            of f020-doctor-mstr
>     let a-doc-ceicea                  =   &
>         doc-ceicea            of f020-doctor-mstr
>     let a-doc-ceicex                  =   &
>         doc-ceicex            of f020-doctor-mstr
>     let a-doc-clinic-nbr-2            =   &
>         doc-clinic-nbr-2      of f020-doctor-mstr
>     let a-doc-clinic-nbr-3            =   &
>         doc-clinic-nbr-3      of f020-doctor-mstr
>     let a-doc-clinic-nbr-4            =   &
>         doc-clinic-nbr-4      of f020-doctor-mstr
>     let a-doc-clinic-nbr-5            =   &
>         doc-clinic-nbr-5      of f020-doctor-mstr
>     let a-doc-clinic-nbr-6            =   &
>         doc-clinic-nbr-6      of f020-doctor-mstr
>     let a-doc-spec-cd-2               =   &
>         doc-spec-cd-2         of f020-doctor-mstr
>     let a-doc-spec-cd-3               =   &
>         doc-spec-cd-3         of f020-doctor-mstr
>     let a-doc-ytdinc-g                =   &
>         doc-ytdinc-g          of f020-doctor-mstr
>     let a-doc-locations               =   &
>         doc-locations         of f020-doctor-mstr
>     let a-doc-rma-expense-percent-misc         =   &
>         doc-rma-expense-percent-misc   of f020-doctor-mstr
>     let a-doc-afp-paym-group                   =   &
>         doc-afp-paym-group             of f020-doctor-mstr
>     let a-doc-dept-2                           =   &
>         doc-dept-2                     of f020-doctor-mstr
>     let a-doc-ind-pays-gst                     =   &
>         doc-ind-pays-gst               of f020-doctor-mstr
>     let a-doc-nx-avail-batch                   =   &
>         doc-nx-avail-batch             of f020-doctor-mstr
>     let a-doc-nx-avail-batch-2                 =   &
>         doc-nx-avail-batch-2           of f020-doctor-mstr
>     let a-doc-nx-avail-batch-3                 =   &
>         doc-nx-avail-batch-3           of f020-doctor-mstr
>     let a-doc-nx-avail-batch-4                 =   &
>         doc-nx-avail-batch-4           of f020-doctor-mstr
>     let a-doc-nx-avail-batch-5                 =   &
>         doc-nx-avail-batch-5           of f020-doctor-mstr
>     let a-doc-nx-avail-batch-6                 =   &
>         doc-nx-avail-batch-6           of f020-doctor-mstr
>     let a-doc-yrly-ceiling-computed            =   &
>         doc-yrly-ceiling-computed      of f020-doctor-mstr
>     let a-doc-yrly-expense-computed            =   &
>         doc-yrly-expense-computed      of f020-doctor-mstr
>     let a-doc-rma-expense-percent-reg          =   &
>         doc-rma-expense-percent-reg    of f020-doctor-mstr
>     let a-doc-sub-specialty                    =   &
>         doc-sub-specialty              of f020-doctor-mstr
>     let a-doc-payeft                           =   &
>         doc-payeft                     of f020-doctor-mstr
>     let a-doc-ytdded                           =   &
>         doc-ytdded                     of f020-doctor-mstr
>     let a-doc-dept-expense-percent-misc        =   &
>         doc-dept-expense-percent-misc  of f020-doctor-mstr
>     let a-doc-dept-expense-percent-reg         =   &
>         doc-dept-expense-percent-reg   of f020-doctor-mstr
>     let a-doc-ep-ped                           =   &
>         doc-ep-ped                     of f020-doctor-mstr
>     let a-doc-ep-pay-code                      =   &
>         doc-ep-pay-code                of f020-doctor-mstr
>     let a-doc-ep-pay-sub-code                  =   &
>         doc-ep-pay-sub-code            of f020-doctor-mstr
>     let a-doc-partnership                      =   &
>         doc-partnership                of f020-doctor-mstr
>     let a-doc-ind-holdback-active              =   &
>         doc-ind-holdback-active        of f020-doctor-mstr
>     let a-group_regular_service                =   &
>         group_regular_service          of f020-doctor-mstr
>     let a-group_over_serviced                  =   &
>         group_over_serviced            of f020-doctor-mstr
>     let a-doc-specialties                      =   &
>         doc-specialties                of f020-doctor-mstr
> ; preset from f020-doctor-extra
>     let a-doc-yrly-require-revenue             =   &
>         doc-yrly-require-revenue       of f020-doctor-extra
>     let a-doc-yrly-target-revenue              =   &
>         doc-yrly-target-revenue        of f020-doctor-extra
>     let a-doc-ceireq                           =   &
>         doc-ceireq                     of f020-doctor-extra
>     let a-doc-ytdreq                           =   &
>         doc-ytdreq                     of f020-doctor-extra
>     let a-doc-ceitar                           =   &
>         doc-ceitar                     of f020-doctor-extra
>     let a-doc-ytdtar                           =   &
>         doc-ytdtar                     of f020-doctor-extra
>     let a-billing-via-paper-flag               =   &
>         billing-via-paper-flag         of f020-doctor-extra
>     let a-billing-via-diskette-flag            =   &
>         billing-via-diskette-flag      of f020-doctor-extra
>     let a-billing-via-web-test-flag            =   &
>         billing-via-web-test-flag      of f020-doctor-extra
>     let a-billing-via-web-live-flag            =   &
>         billing-via-web-live-flag      of f020-doctor-extra
>     let a-billing-via-rma-data-entry           =   &
>         billing-via-rma-data-entry     of f020-doctor-extra
>     let a-date-start-rma-data-entry            =   &
>         date-start-rma-data-entry      of f020-doctor-extra
>     let a-date-start-diskette                  =   &
>         date-start-diskette            of f020-doctor-extra
>     let a-date-start-paper                     =   &
>         date-start-paper               of f020-doctor-extra
>     let a-date-start-web-live                  =   &
>         date-start-web-live            of f020-doctor-extra
>     let a-date-start-web-test                  =   &
>         date-start-web-test            of f020-doctor-extra
>     let a-leave-description                    =   &
>         leave-description              of f020-doctor-extra
>     let a-leave-date-start                     =   &
>         leave-date-start               of f020-doctor-extra
>     let a-leave-date-end                       =   &
>         leave-date-end                 of f020-doctor-extra
>     let a-web-user-revenue-only-flag           =   &
>         web-user-revenue-only-flag     of f020-doctor-extra
>     let a-manager-flag                         =   &
>         manager-flag                   of f020-doctor-extra
>     let a-chair-flag                           =   &
>         chair-flag                     of f020-doctor-extra
>     let a-abe-user-flag                        =   &
>         abe-user-flag                  of f020-doctor-extra
>     let a-cpso-nbr                             =   &
>         cpso-nbr                       of f020-doctor-extra
>     let a-cmpa-nbr                             =   &
>         cmpa-nbr                       of f020-doctor-extra
>     let a-oma-nbr                              =   &
>         oma-nbr                        of f020-doctor-extra
>     let a-cfpc-nbr		             =   &
>         cfpc-nbr		       of f020-doctor-extra
>     let a-rcpsc-nbr                            =   &
>         rcpsc-nbr                      of f020-doctor-extra
>     let a-doc-med-prof-corp                    =   &
>         doc-med-prof-corp              of f020-doctor-extra
>     let a-mcmaster-employee-id                 =   &
>         mcmaster-employee-id           of f020-doctor-extra
>     let a-doc-spec-cd-eff-date                 =   &
>         doc-spec-cd-eff-date           of f020-doctor-extra
>     let a-doc-spec-cd-2-eff-date               =   &
>         doc-spec-cd-2-eff-date         of f020-doctor-extra
>     let a-doc-spec-cd-3-eff-date               =   &
>         doc-spec-cd-3-eff-date         of f020-doctor-extra
>     let a-doc-clinic-nbr-status                =   &
>         doc-clinic-nbr-status          of f020-doctor-extra
>     let a-doc-clinic-nbr-2-status              =   &
>         doc-clinic-nbr-2-status        of f020-doctor-extra
>     let a-doc-clinic-nbr-3-status              =   &
>         doc-clinic-nbr-3-status        of f020-doctor-extra
>     let a-doc-clinic-nbr-4-status              =   &
>         doc-clinic-nbr-4-status        of f020-doctor-extra
>     let a-doc-clinic-nbr-5-status              =   &
>         doc-clinic-nbr-5-status        of f020-doctor-extra
>     let a-doc-clinic-nbr-6-status              =   &
>         doc-clinic-nbr-6-status        of f020-doctor-extra
>     let a-factor-gst-income-reg                =   &
>         factor-gst-income-reg          of f020-doctor-extra
>     let a-factor-gst-income-misc               =   &
>         factor-gst-income-misc         of f020-doctor-extra
>     let a-yellow-pages-flag                    =   &
>         yellow-pages-flag              of f020-doctor-extra
>     let a-replaced-by-doc-nbr                  =   &
>         replaced-by-doc-nbr            of f020-doctor-extra
>     let a-prior-doc-nbr                        =   &
>         prior-doc-nbr                  of f020-doctor-extra
>     let a-cop-nbr                              =   &
>         cop-nbr                        of f020-doctor-extra
>     let a-doc-flag-primary                     =   &
>         doc-flag-primary               of f020-doctor-extra
>     let a-has-valid-current-payroll-record        =   &
>         has-valid-current-payroll-record  of f020-doctor-extra
>     let a-pay-this-doctor-ohip-premium            =   &
>         pay-this-doctor-ohip-premium      of f020-doctor-extra
>     let a-doc-fiscal-yr-start-month               =   &
>         doc-fiscal-yr-start-month         of f020-doctor-extra
> end
> 
> use $use/createf020audit.use
> procedure internal createf020audit_before
> begin
> ; preset from f020-doctor-mstr
>     let doc-nbr           of f020-doctor-audit =   &
>         a-doc-nbr
>     let doc-dept          of f020-doctor-audit =   &
>         a-doc-dept
>     let doc-ohip-nbr      of f020-doctor-audit =   &
>         a-doc-ohip-nbr
>     let doc-sin-nbr       of f020-doctor-audit =   &
>         a-doc-sin-nbr
>     let doc-clinic-nbr    of f020-doctor-audit =   &
>         a-doc-clinic-nbr
>     let doc-spec-cd       of f020-doctor-audit =   &
>         a-doc-spec-cd
>     let doc-hosp-nbr      of f020-doctor-audit =   &
>         a-doc-hosp-nbr
>     let doc-name          of f020-doctor-audit =   &
>         a-doc-name
>     let doc-name-soundex  of f020-doctor-audit =   &
>         a-doc-name-soundex
>     let doc-inits         of f020-doctor-audit =   &
>         a-doc-inits
>     let doc-full-part-ind  of f020-doctor-audit =   &
>         a-doc-full-part-ind
>     let doc-bank-nbr       of f020-doctor-audit =   &
>         a-doc-bank-nbr
>     let doc-bank-branch    of f020-doctor-audit =   &
>         a-doc-bank-branch
>     let doc-bank-acct      of f020-doctor-audit =   &
>         a-doc-bank-acct
>     let doc-date-fac-start  of f020-doctor-audit =   &
>         a-doc-date-fac-start
>     let doc-date-fac-term   of f020-doctor-audit =   &
>         a-doc-date-fac-term
>     let doc-ytdgua          of f020-doctor-audit =   &
>         a-doc-ytdgua
>     let doc-ytdgub          of f020-doctor-audit =   &
>         a-doc-ytdgub
>     let doc-ytdguc          of f020-doctor-audit =   &
>         a-doc-ytdguc
>     let doc-ytdgud          of f020-doctor-audit =   &
>         a-doc-ytdgud
>     let doc-ytdcea          of f020-doctor-audit =   &
>         a-doc-ytdcea
>     let doc-ytdcex          of f020-doctor-audit =   &
>         a-doc-ytdcex
>     let doc-ytdear          of f020-doctor-audit =   &
>         a-doc-ytdear
>     let doc-ytdinc          of f020-doctor-audit =   &
>         a-doc-ytdinc
>     let doc-ytdeft          of f020-doctor-audit =   &
>         a-doc-ytdeft
>     let doc-totinc-g        of f020-doctor-audit =   &
>         a-doc-totinc-g
>     let doc-ep-date-deposit   of f020-doctor-audit =   &
>         a-doc-ep-date-deposit
>     let doc-totinc            of f020-doctor-audit =   &
>         a-doc-totinc
>     let doc-ep-ceiexp         of f020-doctor-audit =   &
>         a-doc-ep-ceiexp
>     let doc-adjcea            of f020-doctor-audit =   &
>         a-doc-adjcea
>     let doc-adjcex            of f020-doctor-audit =   &
>         a-doc-adjcex
>     let doc-ceicea            of f020-doctor-audit =   &
>         a-doc-ceicea
>     let doc-ceicex            of f020-doctor-audit =   &
>         a-doc-ceicex
>     let doc-clinic-nbr-2      of f020-doctor-audit =   &
>         a-doc-clinic-nbr-2
>     let doc-clinic-nbr-3      of f020-doctor-audit =   &
>         a-doc-clinic-nbr-3
>     let doc-clinic-nbr-4      of f020-doctor-audit =   &
>         a-doc-clinic-nbr-4
>     let doc-clinic-nbr-5      of f020-doctor-audit =   &
>         a-doc-clinic-nbr-5
>     let doc-clinic-nbr-6      of f020-doctor-audit =   &
>         a-doc-clinic-nbr-6
>     let doc-spec-cd-2         of f020-doctor-audit =   &
>         a-doc-spec-cd-2
>     let doc-spec-cd-3         of f020-doctor-audit =   &
>         a-doc-spec-cd-3
>     let doc-ytdinc-g          of f020-doctor-audit =   &
>         a-doc-ytdinc-g
>     let doc-locations         of f020-doctor-audit =   &
>         a-doc-locations
>     let doc-rma-expense-percent-misc   of f020-doctor-audit =   &
>         a-doc-rma-expense-percent-misc
>     let doc-afp-paym-group             of f020-doctor-audit =   &
>         a-doc-afp-paym-group
>     let doc-dept-2                     of f020-doctor-audit =   &
>         a-doc-dept-2
>     let doc-ind-pays-gst               of f020-doctor-audit =   &
>         a-doc-ind-pays-gst
>     let doc-nx-avail-batch             of f020-doctor-audit =   &
>         a-doc-nx-avail-batch
>     let doc-nx-avail-batch-2           of f020-doctor-audit =   &
>         a-doc-nx-avail-batch-2
>     let doc-nx-avail-batch-3           of f020-doctor-audit =   &
>         a-doc-nx-avail-batch-3
>     let doc-nx-avail-batch-4           of f020-doctor-audit =   &
>         a-doc-nx-avail-batch-4
>     let doc-nx-avail-batch-5           of f020-doctor-audit =   &
>         a-doc-nx-avail-batch-5
>     let doc-nx-avail-batch-6           of f020-doctor-audit =   &
>         a-doc-nx-avail-batch-6
>     let doc-yrly-ceiling-computed      of f020-doctor-audit =   &
>         a-doc-yrly-ceiling-computed
>     let doc-yrly-expense-computed      of f020-doctor-audit =   &
>         a-doc-yrly-expense-computed
>     let doc-rma-expense-percent-reg    of f020-doctor-audit =   &
>         a-doc-rma-expense-percent-reg
>     let doc-sub-specialty              of f020-doctor-audit =   &
>         a-doc-sub-specialty
>     let doc-payeft                     of f020-doctor-audit =   &
>         a-doc-payeft
>     let doc-ytdded                     of f020-doctor-audit =   &
>         a-doc-ytdded
>     let doc-dept-expense-percent-misc  of f020-doctor-audit =   &
>         a-doc-dept-expense-percent-misc
>     let doc-dept-expense-percent-reg   of f020-doctor-audit =   &
>         a-doc-dept-expense-percent-reg
>     let doc-ep-ped                     of f020-doctor-audit =   &
>         a-doc-ep-ped
>     let doc-ep-pay-code                of f020-doctor-audit =   &
>         a-doc-ep-pay-code
>     let doc-ep-pay-sub-code            of f020-doctor-audit =   &
>         a-doc-ep-pay-sub-code
>     let doc-partnership                of f020-doctor-audit =   &
>         a-doc-partnership
>     let doc-ind-holdback-active        of f020-doctor-audit =   &
>         a-doc-ind-holdback-active
>     let group_regular_service          of f020-doctor-audit =   &
>         a-group_regular_service
>     let group_over_serviced            of f020-doctor-audit =   &
>         a-group_over_serviced
>     let doc-specialties                of f020-doctor-audit =   &
>         a-doc-specialties
> ; preset from f020-doctor-extra
>     let doc-yrly-require-revenue       of f020-doctor-audit =   &
>         a-doc-yrly-require-revenue
>     let doc-yrly-target-revenue        of f020-doctor-audit =   &
>         a-doc-yrly-target-revenue
>     let doc-ceireq                     of f020-doctor-audit =   &
>         a-doc-ceireq
>     let doc-ytdreq                     of f020-doctor-audit =   &
>         a-doc-ytdreq
>     let doc-ceitar                     of f020-doctor-audit =   &
>         a-doc-ceitar
>     let doc-ytdtar                     of f020-doctor-audit =   &
>         a-doc-ytdtar
>     let billing-via-paper-flag         of f020-doctor-audit =   &
>         a-billing-via-paper-flag
>     let billing-via-diskette-flag      of f020-doctor-audit =   &
>         a-billing-via-diskette-flag
>     let billing-via-web-test-flag      of f020-doctor-audit =   &
>         a-billing-via-web-test-flag
>     let billing-via-web-live-flag      of f020-doctor-audit =   &
>         a-billing-via-web-live-flag
>     let billing-via-rma-data-entry     of f020-doctor-audit =   &
>         a-billing-via-rma-data-entry
>     let date-start-rma-data-entry      of f020-doctor-audit =   &
>         a-date-start-rma-data-entry
>     let date-start-diskette            of f020-doctor-audit =   &
>         a-date-start-diskette
>     let date-start-paper               of f020-doctor-audit =   &
>         a-date-start-paper
>     let date-start-web-live            of f020-doctor-audit =   &
>         a-date-start-web-live
>     let date-start-web-test            of f020-doctor-audit =   &
>         a-date-start-web-test
>     let leave-description              of f020-doctor-audit =   &
>         a-leave-description
>     let leave-date-start               of f020-doctor-audit =   &
>         a-leave-date-start
>     let leave-date-end                 of f020-doctor-audit =   &
>         a-leave-date-end
>     let web-user-revenue-only-flag     of f020-doctor-audit =   &
>         a-web-user-revenue-only-flag
>     let manager-flag                   of f020-doctor-audit =   &
>         a-manager-flag
>     let chair-flag                     of f020-doctor-audit =   &
>         a-chair-flag
>     let abe-user-flag                  of f020-doctor-audit =   &
>         a-abe-user-flag
>     let cpso-nbr                       of f020-doctor-audit =   &
>         a-cpso-nbr
>     let cmpa-nbr                       of f020-doctor-audit =   &
>         a-cmpa-nbr
>     let oma-nbr                        of f020-doctor-audit =   &
>         a-oma-nbr
>     let cfpc-nbr		       of f020-doctor-audit =   &
>         a-cfpc-nbr
>     let rcpsc-nbr                      of f020-doctor-audit =   &
>         a-rcpsc-nbr
>     let doc-med-prof-corp              of f020-doctor-audit =   &
>         a-doc-med-prof-corp
>     let mcmaster-employee-id           of f020-doctor-audit =   &
>         a-mcmaster-employee-id
>     let doc-spec-cd-eff-date           of f020-doctor-audit =   &
>         a-doc-spec-cd-eff-date
>     let doc-spec-cd-2-eff-date         of f020-doctor-audit =   &
>         a-doc-spec-cd-2-eff-date
>     let doc-spec-cd-3-eff-date         of f020-doctor-audit =   &
>         a-doc-spec-cd-3-eff-date
>     let doc-clinic-nbr-status          of f020-doctor-audit =   &
>         a-doc-clinic-nbr-status
>     let doc-clinic-nbr-2-status        of f020-doctor-audit =   &
>         a-doc-clinic-nbr-2-status
>     let doc-clinic-nbr-3-status        of f020-doctor-audit =   &
>         a-doc-clinic-nbr-3-status
>     let doc-clinic-nbr-4-status        of f020-doctor-audit =   &
>         a-doc-clinic-nbr-4-status
>     let doc-clinic-nbr-5-status        of f020-doctor-audit =   &
>         a-doc-clinic-nbr-5-status
>     let doc-clinic-nbr-6-status        of f020-doctor-audit =   &
>         a-doc-clinic-nbr-6-status
>     let factor-gst-income-reg          of f020-doctor-audit =   &
>         a-factor-gst-income-reg
>     let factor-gst-income-misc         of f020-doctor-audit =   &
>         a-factor-gst-income-misc
>     let yellow-pages-flag              of f020-doctor-audit =   &
>         a-yellow-pages-flag
>     let replaced-by-doc-nbr            of f020-doctor-audit =   &
>         a-replaced-by-doc-nbr
>     let prior-doc-nbr                  of f020-doctor-audit =   &
>         a-prior-doc-nbr
>     let cop-nbr                        of f020-doctor-audit =   &
>         a-cop-nbr
>     let doc-flag-primary               of f020-doctor-audit =   &
>         a-doc-flag-primary
>     let has-valid-current-payroll-record  of f020-doctor-audit =   &
>         a-has-valid-current-payroll-record
>     let pay-this-doctor-ohip-premium      of f020-doctor-audit =   &
>         a-pay-this-doctor-ohip-premium
>     let doc-fiscal-yr-start-month         of f020-doctor-audit =   &
>         a-doc-fiscal-yr-start-month
> end
> 
> procedure internal createf020audit_after
> begin
> ; preset from f020-doctor-mstr
>     let doc-nbr           of f020-doctor-audit =   &
>         doc-nbr           of f020-doctor-mstr
>     let doc-dept          of f020-doctor-audit =   &
>         doc-dept          of f020-doctor-mstr
>     let doc-ohip-nbr      of f020-doctor-audit =   &
>         doc-ohip-nbr      of f020-doctor-mstr
>     let doc-sin-nbr       of f020-doctor-audit =   &
>         doc-sin-nbr       of f020-doctor-mstr
>     let doc-clinic-nbr    of f020-doctor-audit =   &
>         doc-clinic-nbr    of f020-doctor-mstr
>     let doc-spec-cd       of f020-doctor-audit =   &
>         doc-spec-cd       of f020-doctor-mstr
>     let doc-hosp-nbr      of f020-doctor-audit =   &
>         doc-hosp-nbr      of f020-doctor-mstr
>     let doc-name          of f020-doctor-audit =   &
>         doc-name          of f020-doctor-mstr
>     let doc-name-soundex  of f020-doctor-audit =   &
>         doc-name-soundex  of f020-doctor-mstr
>     let doc-inits         of f020-doctor-audit =   &
>         doc-inits         of f020-doctor-mstr
>     let doc-full-part-ind  of f020-doctor-audit =   &
>         doc-full-part-ind  of f020-doctor-mstr
>     let doc-bank-nbr       of f020-doctor-audit =   &
>         doc-bank-nbr       of f020-doctor-mstr
>     let doc-bank-branch    of f020-doctor-audit =   &
>         doc-bank-branch    of f020-doctor-mstr
>     let doc-bank-acct      of f020-doctor-audit =   &
>         doc-bank-acct      of f020-doctor-mstr
>     let doc-date-fac-start  of f020-doctor-audit =   &
>         doc-date-fac-start  of f020-doctor-mstr
>     let doc-date-fac-term   of f020-doctor-audit =   &
>         doc-date-fac-term   of f020-doctor-mstr
>     let doc-ytdgua          of f020-doctor-audit =   &
>         doc-ytdgua          of f020-doctor-mstr
>     let doc-ytdgub          of f020-doctor-audit =   &
>         doc-ytdgub          of f020-doctor-mstr
>     let doc-ytdguc          of f020-doctor-audit =   &
>         doc-ytdguc          of f020-doctor-mstr
>     let doc-ytdgud          of f020-doctor-audit =   &
>         doc-ytdgud          of f020-doctor-mstr
>     let doc-ytdcea          of f020-doctor-audit =   &
>         doc-ytdcea          of f020-doctor-mstr
>     let doc-ytdcex          of f020-doctor-audit =   &
>         doc-ytdcex          of f020-doctor-mstr
>     let doc-ytdear          of f020-doctor-audit =   &
>         doc-ytdear          of f020-doctor-mstr
>     let doc-ytdinc          of f020-doctor-audit =   &
>         doc-ytdinc          of f020-doctor-mstr
>     let doc-ytdeft          of f020-doctor-audit =   &
>         doc-ytdeft          of f020-doctor-mstr
>     let doc-totinc-g        of f020-doctor-audit =   &
>         doc-totinc-g        of f020-doctor-mstr
>     let doc-ep-date-deposit   of f020-doctor-audit =   &
>         doc-ep-date-deposit   of f020-doctor-mstr
>     let doc-totinc            of f020-doctor-audit =   &
>         doc-totinc            of f020-doctor-mstr
>     let doc-ep-ceiexp         of f020-doctor-audit =   &
>         doc-ep-ceiexp         of f020-doctor-mstr
>     let doc-adjcea            of f020-doctor-audit =   &
>         doc-adjcea            of f020-doctor-mstr
>     let doc-adjcex            of f020-doctor-audit =   &
>         doc-adjcex            of f020-doctor-mstr
>     let doc-ceicea            of f020-doctor-audit =   &
>         doc-ceicea            of f020-doctor-mstr
>     let doc-ceicex            of f020-doctor-audit =   &
>         doc-ceicex            of f020-doctor-mstr
>     let doc-clinic-nbr-2      of f020-doctor-audit =   &
>         doc-clinic-nbr-2      of f020-doctor-mstr
>     let doc-clinic-nbr-3      of f020-doctor-audit =   &
>         doc-clinic-nbr-3      of f020-doctor-mstr
>     let doc-clinic-nbr-4      of f020-doctor-audit =   &
>         doc-clinic-nbr-4      of f020-doctor-mstr
>     let doc-clinic-nbr-5      of f020-doctor-audit =   &
>         doc-clinic-nbr-5      of f020-doctor-mstr
>     let doc-clinic-nbr-6      of f020-doctor-audit =   &
>         doc-clinic-nbr-6      of f020-doctor-mstr
>     let doc-spec-cd-2         of f020-doctor-audit =   &
>         doc-spec-cd-2         of f020-doctor-mstr
>     let doc-spec-cd-3         of f020-doctor-audit =   &
>         doc-spec-cd-3         of f020-doctor-mstr
>     let doc-ytdinc-g          of f020-doctor-audit =   &
>         doc-ytdinc-g          of f020-doctor-mstr
>     let doc-locations         of f020-doctor-audit =   &
>         doc-locations         of f020-doctor-mstr
>     let doc-rma-expense-percent-misc   of f020-doctor-audit =   &
>         doc-rma-expense-percent-misc   of f020-doctor-mstr
>     let doc-afp-paym-group             of f020-doctor-audit =   &
>         doc-afp-paym-group             of f020-doctor-mstr
>     let doc-dept-2                     of f020-doctor-audit =   &
>         doc-dept-2                     of f020-doctor-mstr
>     let doc-ind-pays-gst               of f020-doctor-audit =   &
>         doc-ind-pays-gst               of f020-doctor-mstr
>     let doc-nx-avail-batch             of f020-doctor-audit =   &
>         doc-nx-avail-batch             of f020-doctor-mstr
>     let doc-nx-avail-batch-2           of f020-doctor-audit =   &
>         doc-nx-avail-batch-2           of f020-doctor-mstr
>     let doc-nx-avail-batch-3           of f020-doctor-audit =   &
>         doc-nx-avail-batch-3           of f020-doctor-mstr
>     let doc-nx-avail-batch-4           of f020-doctor-audit =   &
>         doc-nx-avail-batch-4           of f020-doctor-mstr
>     let doc-nx-avail-batch-5           of f020-doctor-audit =   &
>         doc-nx-avail-batch-5           of f020-doctor-mstr
>     let doc-nx-avail-batch-6           of f020-doctor-audit =   &
>         doc-nx-avail-batch-6           of f020-doctor-mstr
>     let doc-yrly-ceiling-computed      of f020-doctor-audit =   &
>         doc-yrly-ceiling-computed      of f020-doctor-mstr
>     let doc-yrly-expense-computed      of f020-doctor-audit =   &
>         doc-yrly-expense-computed      of f020-doctor-mstr
>     let doc-rma-expense-percent-reg    of f020-doctor-audit =   &
>         doc-rma-expense-percent-reg    of f020-doctor-mstr
>     let doc-sub-specialty              of f020-doctor-audit =   &
>         doc-sub-specialty              of f020-doctor-mstr
>     let doc-payeft                     of f020-doctor-audit =   &
>         doc-payeft                     of f020-doctor-mstr
>     let doc-ytdded                     of f020-doctor-audit =   &
>         doc-ytdded                     of f020-doctor-mstr
>     let doc-dept-expense-percent-misc  of f020-doctor-audit =   &
>         doc-dept-expense-percent-misc  of f020-doctor-mstr
>     let doc-dept-expense-percent-reg   of f020-doctor-audit =   &
>         doc-dept-expense-percent-reg   of f020-doctor-mstr
>     let doc-ep-ped                     of f020-doctor-audit =   &
>         doc-ep-ped                     of f020-doctor-mstr
>     let doc-ep-pay-code                of f020-doctor-audit =   &
>         doc-ep-pay-code                of f020-doctor-mstr
>     let doc-ep-pay-sub-code            of f020-doctor-audit =   &
>         doc-ep-pay-sub-code            of f020-doctor-mstr
>     let doc-partnership                of f020-doctor-audit =   &
>         doc-partnership                of f020-doctor-mstr
>     let doc-ind-holdback-active        of f020-doctor-audit =   &
>         doc-ind-holdback-active        of f020-doctor-mstr
>     let group_regular_service          of f020-doctor-audit =   &
>         group_regular_service          of f020-doctor-mstr
>     let group_over_serviced            of f020-doctor-audit =   &
>         group_over_serviced            of f020-doctor-mstr
>     let doc-specialties                of f020-doctor-audit =   &
>         doc-specialties                of f020-doctor-mstr
> ; preset from f020-doctor-extra
>     let doc-yrly-require-revenue       of f020-doctor-audit =   &
>         doc-yrly-require-revenue       of f020-doctor-extra
>     let doc-yrly-target-revenue        of f020-doctor-audit =   &
>         doc-yrly-target-revenue        of f020-doctor-extra
>     let doc-ceireq                     of f020-doctor-audit =   &
>         doc-ceireq                     of f020-doctor-extra
>     let doc-ytdreq                     of f020-doctor-audit =   &
>         doc-ytdreq                     of f020-doctor-extra
>     let doc-ceitar                     of f020-doctor-audit =   &
>         doc-ceitar                     of f020-doctor-extra
>     let doc-ytdtar                     of f020-doctor-audit =   &
>         doc-ytdtar                     of f020-doctor-extra
>     let billing-via-paper-flag         of f020-doctor-audit =   &
>         billing-via-paper-flag         of f020-doctor-extra
>     let billing-via-diskette-flag      of f020-doctor-audit =   &
>         billing-via-diskette-flag      of f020-doctor-extra
>     let billing-via-web-test-flag      of f020-doctor-audit =   &
>         billing-via-web-test-flag      of f020-doctor-extra
>     let billing-via-web-live-flag      of f020-doctor-audit =   &
>         billing-via-web-live-flag      of f020-doctor-extra
>     let billing-via-rma-data-entry     of f020-doctor-audit =   &
>         billing-via-rma-data-entry     of f020-doctor-extra
>     let date-start-rma-data-entry      of f020-doctor-audit =   &
>         date-start-rma-data-entry      of f020-doctor-extra
>     let date-start-diskette            of f020-doctor-audit =   &
>         date-start-diskette            of f020-doctor-extra
>     let date-start-paper               of f020-doctor-audit =   &
>         date-start-paper               of f020-doctor-extra
>     let date-start-web-live            of f020-doctor-audit =   &
>         date-start-web-live            of f020-doctor-extra
>     let date-start-web-test            of f020-doctor-audit =   &
>         date-start-web-test            of f020-doctor-extra
>     let leave-description              of f020-doctor-audit =   &
>         leave-description              of f020-doctor-extra
>     let leave-date-start               of f020-doctor-audit =   &
>         leave-date-start               of f020-doctor-extra
>     let leave-date-end                 of f020-doctor-audit =   &
>         leave-date-end                 of f020-doctor-extra
>     let web-user-revenue-only-flag     of f020-doctor-audit =   &
>         web-user-revenue-only-flag     of f020-doctor-extra
>     let manager-flag                   of f020-doctor-audit =   &
>         manager-flag                   of f020-doctor-extra
>     let chair-flag                     of f020-doctor-audit =   &
>         chair-flag                     of f020-doctor-extra
>     let abe-user-flag                  of f020-doctor-audit =   &
>         abe-user-flag                  of f020-doctor-extra
>     let cpso-nbr                       of f020-doctor-audit =   &
>         cpso-nbr                       of f020-doctor-extra
>     let cmpa-nbr                       of f020-doctor-audit =   &
>         cmpa-nbr                       of f020-doctor-extra
>     let oma-nbr                        of f020-doctor-audit =   &
>         oma-nbr                        of f020-doctor-extra
>     let cfpc-nbr		       of f020-doctor-audit =   &
>         cfpc-nbr		       of f020-doctor-extra
>     let rcpsc-nbr                      of f020-doctor-audit =   &
>         rcpsc-nbr                      of f020-doctor-extra
>     let doc-med-prof-corp              of f020-doctor-audit =   &
>         doc-med-prof-corp              of f020-doctor-extra
>     let mcmaster-employee-id           of f020-doctor-audit =   &
>         mcmaster-employee-id           of f020-doctor-extra
>     let doc-spec-cd-eff-date           of f020-doctor-audit =   &
>         doc-spec-cd-eff-date           of f020-doctor-extra
>     let doc-spec-cd-2-eff-date         of f020-doctor-audit =   &
>         doc-spec-cd-2-eff-date         of f020-doctor-extra
>     let doc-spec-cd-3-eff-date         of f020-doctor-audit =   &
>         doc-spec-cd-3-eff-date         of f020-doctor-extra
>     let doc-clinic-nbr-status          of f020-doctor-audit =   &
>         doc-clinic-nbr-status          of f020-doctor-extra
>     let doc-clinic-nbr-2-status        of f020-doctor-audit =   &
>         doc-clinic-nbr-2-status        of f020-doctor-extra
>     let doc-clinic-nbr-3-status        of f020-doctor-audit =   &
>         doc-clinic-nbr-3-status        of f020-doctor-extra
>     let doc-clinic-nbr-4-status        of f020-doctor-audit =   &
>         doc-clinic-nbr-4-status        of f020-doctor-extra
>     let doc-clinic-nbr-5-status        of f020-doctor-audit =   &
>         doc-clinic-nbr-5-status        of f020-doctor-extra
>     let doc-clinic-nbr-6-status        of f020-doctor-audit =   &
>         doc-clinic-nbr-6-status        of f020-doctor-extra
>     let factor-gst-income-reg          of f020-doctor-audit =   &
>         factor-gst-income-reg          of f020-doctor-extra
>     let factor-gst-income-misc         of f020-doctor-audit =   &
>         factor-gst-income-misc         of f020-doctor-extra
>     let yellow-pages-flag              of f020-doctor-audit =   &
>         yellow-pages-flag              of f020-doctor-extra
>     let replaced-by-doc-nbr            of f020-doctor-audit =   &
>         replaced-by-doc-nbr            of f020-doctor-extra
>     let prior-doc-nbr                  of f020-doctor-audit =   &
>         prior-doc-nbr                  of f020-doctor-extra
>     let cop-nbr                        of f020-doctor-audit =   &
>         cop-nbr                        of f020-doctor-extra
>     let doc-flag-primary               of f020-doctor-audit =   &
>         doc-flag-primary               of f020-doctor-extra
>     let has-valid-current-payroll-record  of f020-doctor-audit =   &
>         has-valid-current-payroll-record  of f020-doctor-extra
>     let pay-this-doctor-ohip-premium      of f020-doctor-audit =   &
>         pay-this-doctor-ohip-premium      of f020-doctor-extra
>     let doc-fiscal-yr-start-month         of f020-doctor-audit =   &
>         doc-fiscal-yr-start-month         of f020-doctor-extra
> end
> 
> procedure initialize
> begin
>   do savef020audit
> end
> 
> ; MC1 - end
> 
> procedure preupdate
> begin
>    if t-ytdcex-diff <> 0
>    then begin
> 	get f119-doctor-ytd optional via doc-nbr, comp-code   &
> 	   using doc-nbr of f020-doctor-mstr, "CEIEXP"
> 	if accessok
> 	then begin
> 	   let amt-ytd = amt-ytd + t-ytdcex-diff
> 	   put f119-doctor-ytd
> 	end
> 	get f119-doctor-ytd optional via doc-nbr, comp-code   &
> 	   using doc-nbr of f020-doctor-mstr, "TOTEXP"
> 	if accessok
> 	then begin
> 	   let amt-ytd = amt-ytd + t-ytdcex-diff
> 	   put f119-doctor-ytd
> 	end
> 	get f119-doctor-ytd optional via doc-nbr, comp-code   &
> 	   using doc-nbr of f020-doctor-mstr, "INCEXP"
> 	if accessok
> 	then begin
> 	   let amt-ytd = amt-ytd - t-ytdcex-diff
> 	   put f119-doctor-ytd
> 	end
>    end
> ; MC1
>    if alteredrecord of f020-doctor-mstr or alteredrecord of f020-doctor-extra
>    then begin
> ;  create before change audit record
>         do createf020audit_before
>         let last-mod-date of f020-doctor-audit = sysdate
>         let last-mod-time of f020-doctor-audit = systime / 10000
>         let last-mod-user-id of f020-doctor-audit = trun(logonid) + '-d020a-1'
>         let last-mod-flag of f020-doctor-audit = 'C'
>         put f020-doctor-audit reset
> ;  create after  change audit record
>         do createf020audit_after
>         let last-mod-date of f020-doctor-audit = sysdate
>         let last-mod-time of f020-doctor-audit = systime / 10000
>         let last-mod-user-id of f020-doctor-audit = trun(logonid) + '-d020a-2'
>         let last-mod-flag of f020-doctor-audit = 'C'
>         put f020-doctor-audit
> 	end
> ; MC1 - end
> end
> 
> ; MC1
> ;build
> build detail list
> PROCEDURE APPEND
> DISABLE
> PROCEDURE ENTRY
>   BEGIN
>     ACCEPT DOC-YTDEAR OF F020-DOCTOR-MSTR
>     ACCEPT DOC-YTDINC OF F020-DOCTOR-MSTR
>     ACCEPT DOC-YTDINC-G OF F020-DOCTOR-MSTR
>     ACCEPT DOC-YTDCEA OF F020-DOCTOR-MSTR
>     ACCEPT DOC-CEICEA OF F020-DOCTOR-MSTR
>     ACCEPT DOC-YTDCEX OF F020-DOCTOR-MSTR
>     ACCEPT DOC-CEICEX OF F020-DOCTOR-MSTR
>     ACCEPT DOC-YRLY-CEILING-COMPUTED OF F020-DOCTOR-MSTR
>     ACCEPT DOC-TOTINC OF F020-DOCTOR-MSTR
>     ACCEPT DOC-YRLY-EXPENSE-COMPUTED OF F020-DOCTOR-MSTR
>     ACCEPT DOC-TOTINC-G OF F020-DOCTOR-MSTR
>     ACCEPT DOC-YTDGUA OF F020-DOCTOR-MSTR
>     ACCEPT DOC-YTDGUC OF F020-DOCTOR-MSTR
>     ACCEPT DOC-YTDGUB OF F020-DOCTOR-MSTR
>     ACCEPT DOC-YTDGUD OF F020-DOCTOR-MSTR
>     ACCEPT DOC-YRLY-REQUIRE-REVENUE OF F020-DOCTOR-EXTRA
>     ACCEPT DOC-YRLY-TARGET-REVENUE OF F020-DOCTOR-EXTRA
>     ACCEPT DOC-YTDREQ OF F020-DOCTOR-EXTRA
>     ACCEPT DOC-YTDTAR OF F020-DOCTOR-EXTRA
>     DISPLAY DOC-CEIREQ OF F020-DOCTOR-EXTRA
>     DISPLAY DOC-CEITAR OF F020-DOCTOR-EXTRA
>     ACCEPT DOC-PAYEFT OF F020-DOCTOR-MSTR
>     ACCEPT DOC-EP-DATE-DEPOSIT OF F020-DOCTOR-MSTR
>     END
> PROCEDURE PATH
> NULL
> PROCEDURE FIND
> NULL
> PROCEDURE UPDATE
>   BEGIN
>     PUT F020-DOCTOR-MSTR
>     PUT F020-DOCTOR-EXTRA
>     END
> PROCEDURE DELETE
> DISABLE
> ALLDONE
MODE:x ACTION:xxxxxxxxx  xxxxxxxxxxxxxxxxxxxxxxxxxxxxxxxxxxxxxxxxxxxxxxxxxxxxxxx
01 YTD Earnings ........:   xxxxxxxxxxxxx
02 YTD Income (Net).....:   xxxxxxxxxxxxx YTD Income (Gross)...:   xxxxxxxxxxxxx
 
03 YTD Ceiling -EARNINGS:   xxxxxxxxxxxxx EP  Ceiling -EARNINGS:   xxxxxxxxxxxxx
04  "     "    -EXPENSES:   xxxxxxxxxxxxx  "     "    -EXPENSES:   xxxxxxxxxxxxx
05 Computed Ceil-EARNINGS:    xxxxxxxxxxx TOTINC ..............:   xxxxxxxxxxxxx
06    "        "-EXPENSES:   xxxxxxxxxxxx TOTINC-Gross ........:   xxxxxxxxxxxxx
 
07 Guaranteed Inc type A:   xxxxxxxxxxxxx Guaranteed Inc type C:   xxxxxxxxxxxxx
08     "      "    "   B:   xxxxxxxxxxxxx     "      "    "   D:   xxxxxxxxxxxxx
 
09 Computed Required Rev:   xxxxxxxxxxxxx Computed Target Rev  :   xxxxxxxxxxxxx
10 YTD         "      " :   xxxxxxxxxxxxx YTD        "     "   :   xxxxxxxxxxxxx
11 Monthly     "      " :     xxxxxxxxxxx Monthly    "     "   :   xxxxxxxxxxxxx
 
12 EP  EFT Payments ....:   xxxxxxxxxxxxx EFT DEPOSIT Date ....:   xxxxxxxxxx
 
 
 
 
 
 
0 ERRORS  0 WARNINGS. Delete old screen /alpha/rmabill/rmabill101/obj/d020a.qkc?
> 
Thu Jul 10 16:21:10 EDT 2014
