/alpha/rmabill/rmabill101/src
Mon Jun 13 16:38:06 EDT 2011
 + + + Sourced in /alpha/rmabill/rmabill101/src + + +
;Compiling program [/alpha/rmabill/rmabill101/src/d705b.qks]
Q D E S I G N   (7.33.E)
Copyright 1996 COGNOS INCORPORATED
Licensed PH-DEVELOPMENT for customer: 0057360001 DYAD Systems Inc. UNIX

> ;#> PROGRAM-ID.     D705B.QKS
> ;
> ;	((C)) Dyad Technologies
> ;
> ;    PROGRAM PURPOSE:	TO ALLOW QUERY/CORRECTIONS TO
> ;			SUSPENDED ** ADDRESS ** RECORDS
> ;
> ;    MODIFICATION HISTORY
> ;        DATE   WHO          DESCRIPTION
> ;     91/FEB/15 D.B.         - ORIGINAL
> ;
> ;     93/07/14  M.C.	     - SMS 142
> ;			     - INCLUDE THE PHONE NBR
> ;    1999/jan/31 B.E.	     - y2k
> ;    2011/may/16 brad1	     - recompiled to take into consideration new size of patient's first name
> 
> 
> can clear
> 
> screen $pb_obj/d705b receiving w-clmhdr-doc-ohip-nbr, w-clmhdr-accounting-nbr &
> 	activities find,change
> 
> temp w-clmhdr-doc-ohip-nbr
> temp w-clmhdr-accounting-nbr char*8
> 
> file f002-suspend-address
> 	access viaindex suspend-add-id using	&
> 	w-clmhdr-doc-ohip-nbr, w-clmhdr-accounting-nbr
> 
> 
> title "SUSPENDED ** ADDRESS **" at 1,57
> 
> skip 1
> align (1, 4, 23 )
> field add-doc-ohip-nbr of f002-suspend-address required nochange   &
> 	pic "^^^^^^" label "DOCTOR OHIP NBR:"
> align (1, 4, 21 )
> field add-accounting-nbr of f002-suspend-address required nochange &
>       id same        label "ACCOUNTING NBR :"
> skip 1
> align (1, 4, 21 )
> field add-address-line-1 of f002-suspend-address label "ADDRESS 1  :"
> field add-address-line-2 of f002-suspend-address label "        2  :"
> field add-address-line-3 of f002-suspend-address label "        3  :"
> field add-postal-code of f002-suspend-address    label "POSTAL CODE:"
> skip 1
> field add-surname of f002-suspend-address        label "SURNAME    :"
> field add-first-name of f002-suspend-address     label "FIRST NAME :"
> skip 1
> ;y2k
> field add-birth-date of f002-suspend-address     label "BIRTH DATE :"
> field add-sex of f002-suspend-address            label "GENDER     :"
> field add-phone-no of f002-suspend-address	 label "PHONE NBR  :"
> 
> build
MODE:x ACTION:xxxxxxxxx                                 SUSPENDED ** ADDRESS **
 
01 DOCTOR OHIP NBR:   xxxxxx
   ACCOUNTING NBR : xxxxxxxx
 
02 ADDRESS 1  :     xxxxxxxxxxxxxxxxxxxxxxxxx
03         2  :     xxxxxxxxxxxxxxxxxxxxxxxxx
04         3  :     xxxxxxxxxxxxxxxxxxxxxxxxx
05 POSTAL CODE:     xxxxxxxxx
 
06 SURNAME    :     xxxxxxxxxxxxxxxxxxxxxxxxx
07 FIRST NAME :     xxxxxxxxxxxxxxxxxxxxxxxxx
 
08 BIRTH DATE :     xxxxxxxxxx
09 GENDER     :     x
10 PHONE NBR  :     xxxxxxxxxxxxxxxxxxxx
 
 
 
 
 
 
 
0 ERRORS  0 WARNINGS. Delete old screen /alpha/rmabill/rmabill101/obj/d705b.qkc?
> 
Mon Jun 13 16:38:08 EDT 2011
