/alpha/rmabill/rmabill101/dvlp/moira
Thu Jun 21 13:45:38 EDT 2012
 + + + Sourced in /alpha/rmabill/rmabill101/dvlp/moira + + +
;Compiling program [/alpha/rmabill/rmabill101/dvlp/moira/delete_dummy_records.qts]
Q T P   (7.33.E)
Copyright 1996 COGNOS INCORPORATED
Licensed PH-RUNTIME for customer: 5139390001 C.O.T.A UNIX

> ; 2012/Jun/20	MC	- As Brad Suggested, delete dummy records in files after backup / restore macros
> 
> cancel clear
> set lock record update
> set input limit 1
> 
> request delete_f001
> 
> access f001-batch-control-file
> choose batctrl-batch-nbr 'ZZZZZZZZ'
Choose viaindex BATCTRL-BATCH-NBR.
> 
> subfile savef001dummy keep append include	&
>         batctrl-batch-nbr, batctrl-batch-status, batctrl-date-batch-entered
> 
> output f001-batch-control-file delete on errors report
> 
> request delete_f002
> access f002-claims-mstr
> choose key-clm-type 'B', key-clm-batch-nbr 'ZZZZZZZZ',  &
>        key-clm-claim-nbr 99, key-clm-serv-code 'ZZZZZ', &
*W* Item (KEY-CLM-CLAIM-NBR) is stored by the file system as a character type.
>        key-clm-adj-nbr 'Z'
Choose viaindex KEY-CLAIMS-MSTR.
> subfile savef002dummy keep append include           &
>        key-clm-type, key-clm-batch-nbr,             &
>        key-clm-claim-nbr, key-clm-serv-code,        &
>        key-clm-adj-nbr,  			    &
>        key-p-clm-type ,	key-p-clm-data , clmhdr-date-sys
> 
> output f002-claims-mstr delete on errors report
> 
> request delete_f010
> access f010-pat-mstr
> choose key-pat-mstr 'ZZZZZZZZZZZZZZZ'
Choose viaindex KEY-PAT-MSTR.
> subfile savef010dummy keep append include	&
>        key-pat-mstr, pat-date-last-maint
> 
> output f010-pat-mstr delete  on errors report
> 
> request delete_f020
> access f020-doctor-mstr
> choose doc-nbr 'ZZZ'
Choose viaindex DOC-NBR.
> subfile savef020dummy keep append include	&
>   doc-nbr, doc-date-fac-start
> 
> output f020-doctor-mstr delete  on errors report
> 
> build $obj/delete_dummy_records
0 ERRORS  1 WARNINGS.
Thu Jun 21 13:45:41 EDT 2012
