/alpha/rmabill/rmabill101/dvlp/moira
Thu Mar  5 11:43:04 EST 2015
 + + + Sourced in /alpha/rmabill/rmabill101/dvlp/moira + + +
;Compiling program [/alpha/rmabill/rmabill101/dvlp/moira/delete_f112.qts]
Q T P   (7.33.E)
Copyright 1996 COGNOS INCORPORATED
Licensed PH-RUNTIME for customer: 5139390001 C.O.T.A UNIX

> cancel clear
> set lock record update
> set process nolimit
> 
> access f112-pycdceilings	&
> 	link 0, doc-nbr         &
> 	 to doc-ohip-nbr, doc-nbr of tmp-doctor-alpha opt
> 
> sel if not record tmp-doctor-alpha exists
> 
> subfile delete_f112 keep include f112-pycdceilings
> 
> output f112-pycdceilings delete on errors report
> 
> build delete_f112
0 ERRORS  0 WARNINGS.
Thu Mar  5 11:43:05 EST 2015
