/alpha/rmabill/rmabill101/src
Wed Jun 26 16:27:05 EDT 2013
 + + + Sourced in /alpha/rmabill/rmabill101/src + + +
;Compiling program [/alpha/rmabill/rmabill101/src/m010_ins_f.qks]
Q D E S I G N   (7.33.E)
Copyright 1996 COGNOS INCORPORATED
Licensed PH-DEVELOPMENT for customer: 0057360001 DYAD Systems Inc. UNIX

> ;#>  PROGRAM-ID.      M010_INS_F.QKS
> ;
> ;              ((C)) DYAD TECHNOLOGIES
> ;
> ;	PROGRAM PURPOSE : LOOKUP TABLE FOR M010_INS.QKS
> ;
> ;	MODIFICATION HISTORY
> ;    DATE          WHO           DESCRIPTION
> ;  2013/May/30    M.C.     - original
> ;
> 
> 
> 
> screen $pb_obj/m010_ins_f  receiving w-ins-acronym activities find
> 
> ;temp w-ins-acronym char*10
> temp w-ins-acronym char*5
> 
> file f076-insurance-mstr occurs 4
>   access sequential
> 
> title 'Insurance Company Master Lookup' at 1,30
> title "Ins Key  Ins Acronym     Company Name & Address" at 3,5
> title "         Ins Acronym     Company Name & Address" at 3,5
*W* Title overwrites the screen background.
> 
> align (1,,5) (,,15) (,,30)
> cluster occurs with f076-insurance-mstr
> ;field ins-ikey
> field ins-acronym
> field ins-full-name
> 
> align (,,30)
> field addr-line-1
> field addr-line-2
> 
> align (,,30) (,,55)
> field addr-line-3
> field addr-postal-cd
> skip 1
> 
> 
> procedure designer 1
>   begin
> 	let w-ins-acronym = ins-acronym of f076-insurance-mstr
> 	return
>   end
> 
> 
> build detail list
> 
> PROCEDURE ENTRY
> DISABLE
> PROCEDURE PATH
>   BEGIN
>     LET PATH = 1
>     END
> PROCEDURE FIND
>   BEGIN
>     FOR MISSING F076-INSURANCE-MSTR
>       BEGIN
>         GET F076-INSURANCE-MSTR SEQUENTIAL
>         END
>     END
> PROCEDURE UPDATE
> DISABLE
> PROCEDURE DELETE
> DISABLE
> ALLDONE
MODE:x ACTION:xxxxxxxxx      Insurance Company Master Lookup
 
             Ins Acronym     Company Name & Address
01  xxxxx     xxxxxxxxxxxxxxxxxxxxxxxxxxxxxx
                             xxxxxxxxxxxxxxxxxxxxxxxxx
                             xxxxxxxxxxxxxxxxxxxxxxxxx
                             xxxxxxxxxxxxxxxxxx       xxxxxx
 
02  xxxxx     xxxxxxxxxxxxxxxxxxxxxxxxxxxxxx
                             xxxxxxxxxxxxxxxxxxxxxxxxx
                             xxxxxxxxxxxxxxxxxxxxxxxxx
                             xxxxxxxxxxxxxxxxxx       xxxxxx
 
03  xxxxx     xxxxxxxxxxxxxxxxxxxxxxxxxxxxxx
                             xxxxxxxxxxxxxxxxxxxxxxxxx
                             xxxxxxxxxxxxxxxxxxxxxxxxx
                             xxxxxxxxxxxxxxxxxx       xxxxxx
 
04  xxxxx     xxxxxxxxxxxxxxxxxxxxxxxxxxxxxx
                             xxxxxxxxxxxxxxxxxxxxxxxxx
                             xxxxxxxxxxxxxxxxxxxxxxxxx
                             xxxxxxxxxxxxxxxxxx       xxxxxx
 
0 ERRORS  1 WARNINGS. Delete old screen 
/alpha/rmabill/rmabill101/obj/m010_ins_f.qkc?
> 
Wed Jun 26 16:27:05 EDT 2013
