/alpha/rmabill/rmabill101/src
Tue Jun  4 11:30:50 EDT 2013
 + + + Sourced in /alpha/rmabill/rmabill101/src + + +
;Compiling program [/alpha/rmabill/rmabill101/src/m010_1.qks]
Q D E S I G N   (7.33.E)
Copyright 1996 COGNOS INCORPORATED
Licensed PH-DEVELOPMENT for customer: 0057360001 DYAD Systems Inc. UNIX

> ; program purpose:	This is a ghost screen which is called from d003.cbl from option 'B'
> ;		        and this screen will call m010_crm.qks passing auto find mode
> ;
> ; 13/May/08	M.C.	- ORIGINAL
> 
> can clear
> 
> screen $pb_obj/m010_1 menu on 1 for 2
> 
> file parameter-file designer
> 
> temp  pat-ikey char*15
> 
> procedure initialize
> begin
>    get parameter-file sequential
>    let pat-ikey = clmhdr-pat-key-type + clmhdr-pat-key-data
>    run screen $obj/m010_crm passing pat-ikey mode f
>    return
> end
> 
> build detail list
> PROCEDURE APPEND
> DISABLE
> PROCEDURE PATH
> NULL
> PROCEDURE FIND
> NULL
> PROCEDURE UPDATE
> DISABLE
> PROCEDURE DELETE
> DISABLE
> ALLDONE
MODE:x ACTION:xxxxxxxxx
 
 
 
 
 
 
 
 
 
 
 
 
 
 
 
 
 
 
 
 
 
 
0 ERRORS  0 WARNINGS. Delete old screen 
/alpha/rmabill/rmabill101/obj/m010_1.qkc?
> 
Tue Jun  4 11:30:56 EDT 2013
