/alpha/rmabill/rmabill101/dvlp/moira
Thu Oct 10 13:02:36 EDT 2013
 + + + Sourced in /alpha/rmabill/rmabill101/dvlp/moira + + +
;Compiling program [/alpha/rmabill/rmabill101/dvlp/moira/m076.qks]
Q D E S I G N   (7.33.E)
Copyright 1996 COGNOS INCORPORATED
Licensed PH-DEVELOPMENT for customer: 0057360001 DYAD Systems Inc. UNIX

> ;#> program-id.     m076.qks
> ;    program purpose : patient insurance company for the claims
> ;
> ;    modification history
> ;        date   who     description
> ; 2013/May/29   M.C.	- original
> 
> can clear
> screen $pb_obj/m076
> 
> description of screen                                                    &
> "                                                                      " &
> "       This screen allow User to enter Insurance company for          " &
> "       patients / claims.              			       " &
> "                                                                      "
> 
> 
> file f076-insurance-mstr occurs 4
>   access via ins-acronym request ins-acronym
>   access sequential
> 
> 
> title "Insurance Company Master"                at 1,30
> title "Ins Key  Ins Acronym     Company Name & Address" at 3,5
> title "Ins Acronym     Company Name & Address" at 3,5
*W* Title overwrites the screen background.
> 
> ;align (1,,5) (,,15) (,,30)
> align (1,,5) (,,21)
> cluster occurs with f076-insurance-mstr
> ;field ins-ikey          of f076-insurance-mstr required nochange 	&
> ;      lookup noton f076-insurance-mstr 			 		&
> ;	via ins-ikey 							&
> ;	using ins-ikey of f076-insurance-mstr
> 
> field ins-acronym of f076-insurance-mstr required nochange	upshift	&
> 	lookup noton f076-insurance-mstr				&
> 	via ins-acronym using ins-acronym of f076-insurance-mstr	&
> 	help 'Create acronym for the insurance company'
> 
> field ins-full-name                              required
> 
> ;align (,,30)
> align (,,21)
> field addr-line-1
> field addr-line-2
> 
> ;align (,,30) (,,55)
> align (,,21) (,,46)
> field addr-line-3
> field addr-postal-cd
> skip 1
> 
> build detail list
> PROCEDURE APPEND
>   BEGIN
>     ACCEPT INS-ACRONYM OF F076-INSURANCE-MSTR
>     ACCEPT INS-FULL-NAME OF F076-INSURANCE-MSTR
>     ACCEPT ADDR-LINE-1 OF F076-INSURANCE-MSTR
>     ACCEPT ADDR-LINE-2 OF F076-INSURANCE-MSTR
>     ACCEPT ADDR-LINE-3 OF F076-INSURANCE-MSTR
>     ACCEPT ADDR-POSTAL-CD OF F076-INSURANCE-MSTR
>     END
> PROCEDURE ENTRY
>   BEGIN
>     FOR F076-INSURANCE-MSTR
>       BEGIN
>         PERFORM APPEND
>         END
>     END
> PROCEDURE PATH
>   BEGIN
>     REQUEST INS-ACRONYM OF F076-INSURANCE-MSTR
>     IF PROMPTOK
>       THEN LET PATH = 1
>     IF PATH = 0
>       THEN BEGIN
>         LET PATH = 2
>         END
>     END
> PROCEDURE FIND
>   BEGIN
>     FOR MISSING F076-INSURANCE-MSTR
>       BEGIN
>         IF PATH = 1
>           THEN GET F076-INSURANCE-MSTR VIA INS-ACRONYM
>         IF PATH = 2
>           THEN GET F076-INSURANCE-MSTR SEQUENTIAL
>         END
>     END
> PROCEDURE UPDATE
>   BEGIN
>     FOR F076-INSURANCE-MSTR
>       BEGIN
>         PUT F076-INSURANCE-MSTR
>         END
>     END
> PROCEDURE DELETE
>   BEGIN
>     DELETE F076-INSURANCE-MSTR
>     END
> ALLDONE
MODE:x ACTION:xxxxxxxxx      Insurance Company Master
 
    Ins Acronym     Company Name & Address& Address
01  xxxxx           xxxxxxxxxxxxxxxxxxxxxxxxxxxxxx
                    xxxxxxxxxxxxxxxxxxxxxxxxx
                    xxxxxxxxxxxxxxxxxxxxxxxxx
                    xxxxxxxxxxxxxxxxxx       xxxxxx
 
02  xxxxx           xxxxxxxxxxxxxxxxxxxxxxxxxxxxxx
                    xxxxxxxxxxxxxxxxxxxxxxxxx
                    xxxxxxxxxxxxxxxxxxxxxxxxx
                    xxxxxxxxxxxxxxxxxx       xxxxxx
 
03  xxxxx           xxxxxxxxxxxxxxxxxxxxxxxxxxxxxx
                    xxxxxxxxxxxxxxxxxxxxxxxxx
                    xxxxxxxxxxxxxxxxxxxxxxxxx
                    xxxxxxxxxxxxxxxxxx       xxxxxx
 
04  xxxxx           xxxxxxxxxxxxxxxxxxxxxxxxxxxxxx
                    xxxxxxxxxxxxxxxxxxxxxxxxx
                    xxxxxxxxxxxxxxxxxxxxxxxxx
                    xxxxxxxxxxxxxxxxxx       xxxxxx
 
0 ERRORS  1 WARNINGS. Delete old screen /alpha/rmabill/rmabill101/obj/m076.qkc?
Thu Oct 10 13:02:39 EDT 2013
