/alpha/rmabill/rmabill101/dvlp/moira
Tue Oct  8 10:50:55 EDT 2013
 + + + Sourced in /alpha/rmabill/rmabill101/dvlp/moira + + +
;Compiling program [/alpha/rmabill/rmabill101/dvlp/moira/m200.qks]
Q D E S I G N   (7.33.E)
Copyright 1996 COGNOS INCORPORATED
Licensed PH-DEVELOPMENT for customer: 0057360001 DYAD Systems Inc. UNIX

> ; 2013/Oct/07	MC1 	- include the new field process-agent-6-flag
> 
> screen $obj/m200
> file f200-oscar-provider
> align (1,4,28)
> field oscar-provider-no of f200-oscar-provider required nochange &
>       lookup noton f200-oscar-provider label 'Oscar Provider : '
> skip 1
> field doc-nbr           of f200-oscar-provider
> field doc-spec-cd	of f200-oscar-provider
> skip 1
> field doc-clinic-nbr	of f200-oscar-provider
> field doc-clinic-nbr-2	of f200-oscar-provider
> field doc-clinic-nbr-3	of f200-oscar-provider
> field doc-clinic-nbr-4	of f200-oscar-provider
> field doc-clinic-nbr-5	of f200-oscar-provider
> field doc-clinic-nbr-6	of f200-oscar-provider
> ; 2013/10/07 - MC1
> field process-agent-0-flag
> field process-agent-1-flag
> field process-agent-2-flag
> field process-agent-3-flag
> field process-agent-4-flag
> field process-agent-5-flag
> field process-agent-6-flag
> field process-agent-7-flag
> field process-agent-8-flag
> field process-agent-9-flag
> ; 2013/10/07 - end
> build
MODE:x ACTION:xxxxxxxxx
01 Oscar Provider :        xxxxxxxxxx
 
02 Doc Nbr                 xxx
03 Doc Spec Cd             xx
 
04 Doc Clinic Nbr          xx
05 Doc Clinic Nbr 2        xx
06 Doc Clinic Nbr 3        xx
07 Doc Clinic Nbr 4        xx
08 Doc Clinic Nbr 5        xx
09 Doc Clinic Nbr 6        xx
10 Process Agent 0 Flag    x
11 Process Agent 1 Flag    x
12 Process Agent 2 Flag    x
13 Process Agent 3 Flag    x
14 Process Agent 4 Flag    x
15 Process Agent 5 Flag    x
16 Process Agent 6 Flag    x
17 Process Agent 7 Flag    x
18 Process Agent 8 Flag    x
19 Process Agent 9 Flag    x
 
0 ERRORS  0 WARNINGS. Delete old screen /alpha/rmabill/rmabill101/obj/m200.qkc?
Tue Oct  8 10:50:58 EDT 2013
