/alpha/rmabill/rmabill101/dvlp/moira
Tue Apr 14 16:03:05 EDT 2015
 + + + Sourced in /alpha/rmabill/rmabill101/dvlp/moira + + +
;Compiling program [/alpha/rmabill/rmabill101/dvlp/moira/r031a_agep.qzs]
Q U I Z   (7.33.E)
Copyright 1996 COGNOS INCORPORATED
Licensed PH-RUNTIME for customer: 5139390001 C.O.T.A UNIX

> cancel clear
> ;#> PROGRAM-ID.     r031a_agep.qzs
> ;
> ;	((C)) Dyad Infosys LTD
> ;
> ; Purpose: extract AGEP payments from u030-tape-67-file  from all clinics
> ;
> ;
> ;    MODIFICATION HISTORY
> ;    DATE   WHO         DESCRIPTION
> ; 07/Feb/08 M.C.        - original
> ; 08/Jul/17 yas         - add "ANAESTHETIC AGE PREMIUM"
> ;                         and "GP PSYCHOTHERAPY PREMIUM"
> ; 08/Oct/14 yas           Add "AFTER HOURS AGE PREMIUM"
> ; 09/Apr/01 MC		- include 3% General Fee Payment for MOHR & AGE3
> ; 09/Apr/06 yas         - add new AGEP adjustment 'RMB ANAESTHESIA AGE PREMIUM'
> ; 09/Jul/22 MC          - add new AGEP adjustment 'GLOBAL FUNDING PREMIUM PAYMENT'
> ; 13/May/15 MC1         - add "0.5% DISCOUNT AUTOMATED PREMIUMS", "0.5% DISCOUNT OPTED-IN"
> ;                         and "0.5% DISCOUNT PRIMARY CARE" for MOHD
> ; 15/Apr/07 MC2		- MOHD has changed the description as 'PAYMENT REDUCTION-AUTOMATED PREMIUMS' and
> ;			  'PAYMENT REDUCTION-OPTED-IN'
> 
> can clear
> set default
> set rep nolimit
> 
> access u030-tape-67-file
> def x-clinic zoned*2 unsigned = parm prompt 'Enter clinic: '
> 
> ; following 4 are for AGEP
> sel if    rat-67-trans-message = 'AGE PREMIUM PAYMENT'         &
>       or  rat-67-trans-message = 'ANAESTHETIC AGE PREMIUM'     &
>       or  rat-67-trans-message = 'GP PSYCHOTHERAPY PREMIUM'    &
>       or  rat-67-trans-message = 'AFTER HOURS AGE PREMIUM'     &
>       or  rat-67-trans-message = 'RMB ANAESTHESIA AGE PREMIUM' &
> ; 2009/07/22 - MC - add for AGEP
>       or  rat-67-trans-message = 'GLOBAL FUNDING PREMIUM PAYMENT' &
> ; 2009/07/22 - end
> ; 2009/04/01 - MC - include MOHR & AGE3
> ; following 2 are for MOHR
>       or  rat-67-trans-message = '3% GENERAL FEE PAYMENT OPTED-IN' &
>       or  rat-67-trans-message = '3% GENERAL FEE PAYMENT WSIB'     &
> ; following is for AGE3
>       or  rat-67-trans-message = '3% GENERAL FEE PAYMENT AUTOMATED PRM' &
> ; 2009/04/01 - end
> ; 2013/05/15 - MC1 - include MOHD
> ; following 3 are for MOHD
> ; MC2 - description has changed
> ;      or rat-67-trans-message = "0.5% DISCOUNT AUTOMATED PREMIUMS"  &
> ;      or rat-67-trans-message = "0.5% DISCOUNT OPTED-IN"	    &
>       or rat-67-trans-message = "PAYMENT REDUCTION-AUTOMATED PREMIUMS" &
>       or rat-67-trans-message = "PAYMENT REDUCTION-OPTED-IN" 		&
> ; MC2 - end
> 	or rat-67-trans-message = "0.5% DISCOUNT PRIMARY CARE"
> ; 2013/05/15 - end
> 
> ; 2009/04/01 - MC
> def payment-type char*4 =          		 			&
> ; 2013/05/15 - MC1 - include MOHD
> ; MC2 - description has changed
> ;      'MOHD' if     rat-67-trans-message = "0.5% DISCOUNT AUTOMATED PREMIUMS"  &
> ;      		 or rat-67-trans-message = "0.5% DISCOUNT OPTED-IN"	     &
>       'MOHD' if     rat-67-trans-message = "PAYMENT REDUCTION-AUTOMATED PREMIUMS" &
>       		 or rat-67-trans-message = "PAYMENT REDUCTION-OPTED-IN" 	&
> ; MC2 - end
>       		 or rat-67-trans-message = "0.5% DISCOUNT PRIMARY CARE"      &
> ; 2013/05/15 - end
>  else 'MOHR' if     rat-67-trans-message = '3% GENERAL FEE PAYMENT OPTED-IN' &
>      		 or rat-67-trans-message = '3% GENERAL FEE PAYMENT WSIB'     &
>  else 'AGE3' if rat-67-trans-message = '3% GENERAL FEE PAYMENT AUTOMATED PRM'  &
>  else 'AGEP'
> ; 2009/04/01 - end
> 
> set subfile name $application_production/r031a_agep keep append
> rep summ all
> 
> build $obj/r031a_agep
> 
Tue Apr 14 16:03:08 EDT 2015
