/alpha/rmabill/rmabill101/dvlp/moira
Wed Dec  9 11:00:30 EST 2015
 + + + Sourced in /alpha/rmabill/rmabill101/dvlp/moira + + +
;Compiling program [/alpha/rmabill/rmabill101/dvlp/moira/r119c.qzs]
Q U I Z   (7.33.E)
Copyright 1996 COGNOS INCORPORATED
Licensed PH-RUNTIME for customer: 5139390001 C.O.T.A UNIX

> ; DOC: R119C.QZS
> ; DOC; REPORT MTD AND YTD FIGURES GRAND TOTALS
> 
> ; DATE      WHO       MODIFICATION
> ; 93/06/23  YASEMIN   ORIGINAL
> ; 94/10/03  YASEMIN   CHANGE SORT SEQUENCE OF COMP DESCRIPTION
> ; 95/01/09  YASEMIN   CHANGE SORT SEQUENCE OF COMP DESCRIPTION
> ; 98/01/29  J. CHAU   COMMENT OUT SET NOCLOSE
> ; 03/dec/16 A.A.      alpha doctor nbr
> ; 08/may/27 M.C.      add the select of rec-type = 'A' or 'C'
> ; 08/oct/27 brad1     only rec-type "A" is 'visible' to the system - "C" for mary online review only - change select to "A" only
> ; 14/Feb/24 MC1	      define miscellaneous grand totals based on the selected comp codes as requested by Yasemin
> ; 15/Dec/07 MC2       include MACC, MIBD, MPAP, MSLP, MMDU, MBRT into miscellaneous grand totals
> 
> cancel clear
> set default
> set noblanks
> set report nolimit
> set report dev disc name r119c
> set page width 132 length 63
> set formfeed
> ;jc set noclose
> 
> access f020-doctor-mstr                   	           	&
>   link doc-nbr to doc-nbr of f119-doctor-ytd opt                &
>   link comp-code to f190-comp-codes                    opt      &
Access F190-COMP-CODES viaindex COMP-CODE.
>   link doc-dept to dept-nbr of f070-dept-mstr          opt      &
> ; LINK DOC-NBR TO DOC-NBR OF F110-COMPENSATION         OPT      &
>   link (6) to const-rec-nbr of constants-mstr-rec-6    opt
> 
> ;DEFINE W-SEL-EP-NBR-FROM NUM*4 = PARM PROMPT "ENTER EP FROM: "
> ;DEFINE W-SEL-EP-NBR-TO   NUM*4 = PARM PROMPT "ENTER EP TO: "
> 
> ;SELECT F110-COMPENSATION IF    EP-NBR GE W-SEL-EP-NBR-FROM    &
> ;                             AND EP-NBR LE W-SEL-EP-NBR-TO
> 
> ; 2008/05/27 - MC - add select
> ;brad
> ;select f119-doctor-ytd if rec-type = 'A' or rec-type = 'C'
> select f119-doctor-ytd if rec-type = 'A'
> ; 2008/05/27 - end
> 
> 
> ;DEF X-KEY2 CHA*11 = ASCII(EP-NBR,4) + COMP-TYPE + COMP-CODE
> ;DEF X-KEY2 CHA*11 = COMP-CODE-GROUP + ASCII(PROCESS-SEQ,2) + COMP-CODE
> ;DEF X-KEY2 CHA*11 = COMP-TYPE + COMP-CODE
> ;DEF X-KEY2 CHA*11 = ASCII(PROCESS-SEQ,2) + COMP-CODE
>  def x-key2 cha*9  = comp-code-group + ascii(reporting-seq,2) + comp-code
> 
> ;SORT ON EP-NBR ON X-KEY2
> 
> sort on x-key2
> 
> define w-doc-name char*20 =  "DR. " + doc-inits + " "		    &
>                            + doc-name				    &
>                                  if record f020-doctor-mstr exists  &
> 		       else "UNKNOWN!"
> 
> def x-class cha*18 = "FULL TIME"         if doc-full-part-ind = "F"  &
>                 else "PART TIME"         if doc-full-part-ind = "P"  &
>                 else "CLINICAL SCHOLARS" if doc-full-part-ind = "C"  &
>                 else "PLASTIC SURGERY"   if doc-full-part-ind = "S"
> 
> ; MC1
> def misc-mtd zoned*10 numeric =					&
> 	amt-mtd if comp-code[1:4] = 'MISC'			&
>      		or comp-code[1:3] = 'MIC'			&
> 		or comp-code	  = 'RESSUP'			&
> 		or comp-code	  = 'MISJ'  			&
> 		or comp-code	  = 'MISP'  			&
> 		or comp-code	  = 'MOHR'  			&
> 		or comp-code	  = 'HOCC'  			&
> 		or comp-code	  = 'MHSC'  			&
> 		or comp-code	  = 'AGEP'  			&
> 		or comp-code	  = 'DHSC'  			&
> 		or comp-code	  = 'MOHD' 			&
> ; MC2
> 		or comp-code	  = 'MACC'  			&
> 		or comp-code	  = 'MIBD'  			&
> 		or comp-code	  = 'MPAP'  			&
> 		or comp-code	  = 'MSLP'  			&
> 		or comp-code	  = 'MMDU'  			&
> 		or comp-code	  = 'MBRT'
> ; MC2 - end
> 
> def misc-ytd zoned*10 numeric =					&
> 	amt-ytd if comp-code[1:4] = 'MISC'			&
>      		or comp-code[1:3] = 'MIC'			&
> 		or comp-code	  = 'RESSUP'			&
> 		or comp-code	  = 'MISJ'  			&
> 		or comp-code	  = 'MISP'  			&
> 		or comp-code	  = 'MOHR'  			&
> 		or comp-code	  = 'HOCC'  			&
> 		or comp-code	  = 'MHSC'  			&
> 		or comp-code	  = 'AGEP'  			&
> 		or comp-code	  = 'DHSC'  			&
> 		or comp-code	  = 'MOHD' 			&
> ; MC2
> 		or comp-code	  = 'MACC'  			&
> 		or comp-code	  = 'MIBD'  			&
> 		or comp-code	  = 'MPAP'  			&
> 		or comp-code	  = 'MSLP'  			&
> 		or comp-code	  = 'MMDU'  			&
> 		or comp-code	  = 'MBRT'
> ; MC2 - end
> ; MC1 - end
> 
> page heading							&
>   tab  1 "R119"							&
>   tab  7 "RUN DATE:"						&
> ;y2k
>   tab 17  sysdate						&
>   tab 47  sysname						&
>   tab 121 "PAGE:"						&
>   tab 127 syspage						&
> skip 1								&
>   tab 49  "EARNINGS REGISTER MTD & YTD TOTALS"                  &
> skip 1								&
>   tab 53  "For Earnings Period: "				&
>   tab 74  current-ep-nbr   					&
> ; TAB 70  W-SEL-EP-NBR-FROM					&
> ; TAB 77  "thru"                    				&
> ; TAB 82  W-SEL-EP-NBR-TO  					&
> skip 2                                                          &
>         tab  1  "********** GRAND TOTALS **********"            &
> ;       TAB  42 "EP-NBR"                                        &
>         tab  52 "COMPENSATION DESCRIPTION"                      &
>         tab 105 "MTD"                                           &
>         tab 122 "YTD"                                           &
> skip 2
> 
> ;HEADING AT EP-NBR SKIP 2
> 
> footing at x-key2                                                     &
> ;       TAB  43 EP-NBR            PRINT AT EP-NBR                     &
>         tab  50 comp-type                                             &
>         tab  52 comp-code of f119-doctor-ytd                          &
>         tab  59 "-"                                                   &
>         tab  60 desc-short                                            &
>         tab  93 amt-mtd   of f119-doctor-ytd                          &
>                   subtotal pic "^^^^,^^^,^^^.^^"                        &
>         tab 110 amt-ytd   of f119-doctor-ytd                          &
>                   subtotal pic "^^^^,^^^,^^^.^^"                        &
> skip 1
> 
> ; MC1
> final footing                                                         &
> skip 2								      &
>         tab  52 'Miscellaneous Sub-Totals'                            &
>         tab  93 misc-mtd                                              &
>                   subtotal pic "^^^^,^^^,^^^.^^"                      &
>         tab 110 misc-ytd                                              &
>                   subtotal pic "^^^^,^^^,^^^.^^"                      &
> skip 1
> ; MC1 - end
> 
> 
> build $pb_obj/r119c
> 
> 
Wed Dec  9 11:00:32 EST 2015
