######      15:06    Regional Medical Associates - Hamilton           PAGE   1

Run:     u128_ina
Request: GET_CONSTANTS_VALUES_EP_NBR


Executing request GET_CONSTANTS_VALUES_EP_NBR ...

Records read:
  CONSTANTS-MSTR-REC-6                     1

Transactions processed:                    1

######      15:06    Regional Medical Associates - Hamilton           PAGE   1

Run:     u128_ina
Request: ACCESS_F119_HIST


Executing request ACCESS_F119_HIST ...
-------------------------------------------------------------------------------
The permanent subfile will be overwritten.
   File:  r128a
-------------------------------------------------------------------------------

Records read:
  F119-DOCTOR-YTD-HISTORY             59,841
  F020-DOCTOR-MSTR                     1,128

Transactions processed:                3,661

Records processed:                     Added    Updated  Unchanged    Deleted
  R128A                                3,661          0          0          0

######      15:13    Regional Medical Associates - Hamilton           PAGE   1

Run:     u128_ina
Request: DETERMINE_INACTIVE


Executing request DETERMINE_INACTIVE ...
-------------------------------------------------------------------------------
The permanent subfile will be overwritten.
   File:  r128a_count
-------------------------------------------------------------------------------

Records read:
  R128A                                3,661

Transactions processed:                3,661

Records processed:                     Added    Updated  Unchanged    Deleted
  R128A_COUNT                          1,128          0          0          0

######      15:13    Regional Medical Associates - Hamilton           PAGE   1

Run:     u128_ina
Request: SELECT_INACTIVE


Executing request SELECT_INACTIVE ...
-------------------------------------------------------------------------------
The permanent subfile will be overwritten.
   File:  r128a_inactive
-------------------------------------------------------------------------------

Records read:
  R128A_COUNT                          1,128

Transactions processed:                  503

Records processed:                     Added    Updated  Unchanged    Deleted
  R128A_INACTIVE                         503          0          0          0

######      15:13    Regional Medical Associates - Hamilton           PAGE   1

Run:     u128_ina
Request: CHECK_CLAIM_BALANCE


Executing request CHECK_CLAIM_BALANCE ...
-------------------------------------------------------------------------------
The permanent subfile will be overwritten.
   File:  r128a_claim_doc
-------------------------------------------------------------------------------
Attempt to add a duplicate value when UNIQUE KEY/INDEX was specified. [148323] 
   File:  TMP-COUNTERS-ALPHA
     Linkitem:  TMP-COUNTER-KEY-ALPHA            18K

Action Taken: Report and Continue.
-------------------------------------------------------------------------------
Attempt to add a duplicate value when UNIQUE KEY/INDEX was specified. [150233] 
   File:  TMP-COUNTERS-ALPHA
     Linkitem:  TMP-COUNTER-KEY-ALPHA            19J

Action Taken: Report and Continue.
-------------------------------------------------------------------------------
Attempt to add a duplicate value when UNIQUE KEY/INDEX was specified. [150503] 
   File:  TMP-COUNTERS-ALPHA
     Linkitem:  TMP-COUNTER-KEY-ALPHA            19K

Action Taken: Report and Continue.
-------------------------------------------------------------------------------
Attempt to add a duplicate value when UNIQUE KEY/INDEX was specified. [217213] 
   File:  TMP-COUNTERS-ALPHA
     Linkitem:  TMP-COUNTER-KEY-ALPHA            416

Action Taken: Report and Continue.
-------------------------------------------------------------------------------

Records read:
  F002-OUTSTANDING                   694,606

Transactions processed:              694,606

Records processed:                     Added    Updated  Unchanged    Deleted
  TMP-COUNTERS-ALPHA                   1,202          0          0          0
  R128A_CLAIM_DOC                      1,206          0          0          0

######      15:17    Regional Medical Associates - Hamilton           PAGE   1

Run:     u128_ina
Request: SELECT_INACTIVE_DOC_WITH_CLM


Executing request SELECT_INACTIVE_DOC_WITH_CLM ...
-------------------------------------------------------------------------------
The permanent subfile will be overwritten.
   File:  r128a_inactive_doc_with_clm
-------------------------------------------------------------------------------

Records read:
  R128A_INACTIVE                         503
  TMP-COUNTERS-ALPHA                     301

Transactions processed:                  301

Records processed:                     Added    Updated  Unchanged    Deleted
  R128A_INACTIVE_DOC_WITH_CLM            301          0          0          0

Finished.
