######      15:28    Regional Medical Associates - Hamilton           PAGE   1

Run:     u128_ina
Request: GET_CONSTANTS_VALUES_EP_NBR


Executing request GET_CONSTANTS_VALUES_EP_NBR ...

Records read:
  CONSTANTS-MSTR-REC-6                     1

Transactions processed:                    1

######      15:28    Regional Medical Associates - Hamilton           PAGE   1

Run:     u128_ina
Request: ACCESS_F119_HIST


Executing request ACCESS_F119_HIST ...
-------------------------------------------------------------------------------
The permanent subfile will be overwritten.
   File:  r128a
-------------------------------------------------------------------------------

Records read:
  F119-DOCTOR-YTD-HISTORY             69,467
  F020-DOCTOR-MSTR                     1,481

Transactions processed:                7,066

Records processed:                     Added    Updated  Unchanged    Deleted
  R128A                                1,481          0          0          0

######      15:42    Regional Medical Associates - Hamilton           PAGE   1

Run:     u128_ina
Request: SELECT_INACTIVE


Executing request SELECT_INACTIVE ...
-------------------------------------------------------------------------------
The permanent subfile will be overwritten.
   File:  r128a_inactive
-------------------------------------------------------------------------------

Records read:
  R128A                                1,481

Transactions processed:                  643

Records processed:                     Added    Updated  Unchanged    Deleted
  R128A_INACTIVE                         643          0          0          0

######      15:42    Regional Medical Associates - Hamilton           PAGE   1

Run:     u128_ina
Request: CHECK_CLAIM_BALANCE


Executing request CHECK_CLAIM_BALANCE ...
-------------------------------------------------------------------------------
The permanent subfile will be overwritten.
   File:  r128a_claim_doc
-------------------------------------------------------------------------------
Attempt to add a duplicate value when UNIQUE KEY/INDEX was specified.      [1] 
   File:  TMP-COUNTERS-ALPHA
     Linkitem:  TMP-COUNTER-KEY-ALPHA            998

Action Taken: Report and Continue.
-------------------------------------------------------------------------------

Records read:
  F002-OUTSTANDING                   737,689
  F002-CLAIMS-MSTR                         1

Transactions processed:                    1

Records processed:                     Added    Updated  Unchanged    Deleted
  TMP-COUNTERS-ALPHA                       0          0          0          0
  R128A_CLAIM_DOC                          1          0          0          0

######      16:02    Regional Medical Associates - Hamilton           PAGE   1

Run:     u128_ina
Request: SELECT_INACTIVE_DOC_WITH_CLM


Executing request SELECT_INACTIVE_DOC_WITH_CLM ...
-------------------------------------------------------------------------------
The permanent subfile will be overwritten.
   File:  r128a_inactive_doc_with_clm
-------------------------------------------------------------------------------

Records read:
  R128A_INACTIVE                         643
  TMP-COUNTERS-ALPHA                     281

Transactions processed:                  281

Records processed:                     Added    Updated  Unchanged    Deleted
  R128A_INACTIVE_DOC_WITH_CLM            281          0          0          0

Finished.

Records selected:  12
Lines printed:     14
Pages printed:     1

