/alpha/rmabill/rmabill101/dvlp/moira
Wed Oct 21 17:07:59 EDT 2015
 + + + Sourced in /alpha/rmabill/rmabill101/dvlp/moira + + +
;Compiling program [/alpha/rmabill/rmabill101/dvlp/moira/r128b_csv.qzs]
Q U I Z   (7.33.E)
Copyright 1996 COGNOS INCORPORATED
Licensed PH-RUNTIME for customer: 5139390001 C.O.T.A UNIX

> ;#> PROGRAM-ID.     r128b_csv.qzs
> ;
> ;       ((C)) Dyad Infosys LTD
> ;
> ;    PURPOSE: Second pass to print Inactive Doctors report who have no earnings for 3 most recent months
> ;	      for Ross/Helena - Excel file
> 
> ;    MODIFICATION HISTORY
> ;        DATE    SAF #  WHO      DESCRIPTION
> ;   2015/Oct/21  M.C.     - original
> 
> cancel clear
> set default
> set report nolimit
> set report dev disc name r128_csv
> set rep page width 132
> set nohead
> set noformfeed
> 
> access *r128a_inactive_doc_with_clm			&
> 	link doc-dept 					&
> 	 to  dept-nbr of f070-dept-mstr opt
> 
> def x-delimiter char*1 = "~"
> 
> def x-period char*1 = "."
> 
> def x-claim-bal-sign char*1 = "-"                         if x-claim-bal < 0       &
>                 else " "
> def x-claim-bal-dollars = abs(x-claim-bal) / 100        if x-claim-bal <> 0      &
>                 else  0
> def x-claim-bal-cents   = mod(abs(x-claim-bal),100)     if x-claim-bal <> 0      &
>                 else  0
> 
> def x-dept         char*4  = '"' + ascii(doc-dept,2) + '"'
> 
> def x-company      char*1  = ascii(dept-company)
> 
> def x-doc-nbr      char*5  = '"' + doc-nbr     + '"'
> 
> def x-pay-code     char*3  = '"' + doc-ep-pay-code  + '"'
> 
> def x-claim-bal-alpha char*10 =  pack(trunc(lj(x-claim-bal-sign +                   &
>                                               ascii(x-claim-bal-dollars) +        &
>                                               x-period +                        &
>                                               ascii(x-claim-bal-cents,2))))
> 
> def x-line char*132 =                                   &
>         lj(pack(                                        &
>                 x-company       +                       &
>                 x-delimiter  +                                   &
>                 x-dept          +                       &
>                 x-delimiter  +                                   &
>                 x-doc-nbr       +                       &
>                 x-delimiter  +                                   &
>                 doc-name       +                       &
>                 x-delimiter  +                                   &
>                 x-pay-code      +                       &
>                 x-delimiter  +                                   &
> 		ascii(doc-date-fac-start)   +			&
>                 x-delimiter  +                                   &
> 		ascii(doc-date-fac-term)    +			&
>                 x-delimiter  +                                   &
>                 x-claim-bal-alpha                              &
>                 ) )
> 
> initial heading                                                 &
>         tab  1  'COMPANY'                                       &
>         tab  8  x-delimiter                                     &
>         tab  9  'DEPT'                                          &
>         tab 13  x-delimiter                                     &
>         tab 14 'DOC#'                                          &
>         tab 18  x-delimiter                                     &
>         tab 18  'DOC NAME'                                      &
>         tab 26  x-delimiter                                     &
>         tab 27  'PAY CD'                                        &
>         tab 33  x-delimiter                                     &
>         tab 34  'START DATE'					&
>         tab 44  x-delimiter                                     &
>         tab 45  'TERM DATE'					&
>         tab 54  x-delimiter                                     &
>         tab 55  'CLAIM BALANCE'
> 
> report tab 01 x-line
> 
> build $obj/r128b_csv
The file /alpha/rmabill/rmabill101/obj/r128b_csv.qzc already exists. Ok to 
delete?
Wed Oct 21 17:08:00 EDT 2015
