/alpha/rmabill/rmabill101/dvlp/moira
Mon Oct  7 15:35:50 EDT 2013
 + + + Sourced in /alpha/rmabill/rmabill101/dvlp/moira + + +
;Compiling program [/alpha/rmabill/rmabill101/dvlp/moira/relof200.qts]
Q T P   (7.33.E)
Copyright 1996 COGNOS INCORPORATED
Licensed PH-RUNTIME for customer: 5139390001 C.O.T.A UNIX

> cancel clear
> set lock record update
> 
> access *unlof200
> output  f200-oscar-provider add on error report
>   item process-agent-6-flag final 'Y'
> 
> build $obj/relof200
0 ERRORS  0 WARNINGS.
Item OSCAR-PROVIDER-NO OF F200-OSCAR-PROVIDER initial OSCAR-PROVIDER-NO OF 
UNLOF200.
Item DOC-NBR OF F200-OSCAR-PROVIDER initial DOC-NBR OF UNLOF200.
Item DOC-SPEC-CD OF F200-OSCAR-PROVIDER initial DOC-SPEC-CD OF UNLOF200.
Item DOC-CLINIC-NBR OF F200-OSCAR-PROVIDER initial DOC-CLINIC-NBR OF UNLOF200.
Item DOC-CLINIC-NBR-2 OF F200-OSCAR-PROVIDER initial DOC-CLINIC-NBR-2 OF 
UNLOF200.
Item DOC-CLINIC-NBR-3 OF F200-OSCAR-PROVIDER initial DOC-CLINIC-NBR-3 OF 
UNLOF200.
Item DOC-CLINIC-NBR-4 OF F200-OSCAR-PROVIDER initial DOC-CLINIC-NBR-4 OF 
UNLOF200.
Item DOC-CLINIC-NBR-5 OF F200-OSCAR-PROVIDER initial DOC-CLINIC-NBR-5 OF 
UNLOF200.
Item DOC-CLINIC-NBR-6 OF F200-OSCAR-PROVIDER initial DOC-CLINIC-NBR-6 OF 
UNLOF200.
Mon Oct  7 15:35:51 EDT 2013
