
Executing request SEARCH_F001 ...

Records read:
  F001-BATCH-CONTROL-FILE                  1

Transactions processed:                    1

Records processed:                     Added    Updated  Unchanged    Deleted
  F001-BATCH-CONTROL-FILE                  0          0          0          1
  SAVEF001DUMMY                            1          0          0          0


Executing request SEARCH_F002 ...

Records read:
  F002-CLAIMS-MSTR                         1

Transactions processed:                    1

Records processed:                     Added    Updated  Unchanged    Deleted
  F002-CLAIMS-MSTR                         0          0          0          1
  SAVEF002DUMMY                            1          0          0          0


Executing request SEARCH_F010 ...

Records read:
  F010-PAT-MSTR                            1

Transactions processed:                    1

Records processed:                     Added    Updated  Unchanged    Deleted
  F010-PAT-MSTR                            0          0          0          1
  SAVEF010DUMMY                            1          0          0          0


Executing request SEARCH_F020 ...

Records read:
  F020-DOCTOR-MSTR                         1

Transactions processed:                    1

Records processed:                     Added    Updated  Unchanged    Deleted
  F020-DOCTOR-MSTR                         0          0          0          1
  SAVEF020DUMMY                            1          0          0          0

Finished.
