/alpha/rmabill/rmabill101/src
Thu Jul 24 16:42:38 EDT 2014
 + + + Sourced in /alpha/rmabill/rmabill101/src + + +
;Compiling program [/alpha/rmabill/rmabill101/src/u015.qts]
Q T P   (7.33.E)
Copyright 1996 COGNOS INCORPORATED
Licensed PH-RUNTIME for customer: 5139390001 C.O.T.A UNIX

> ; 2011/Sep/13	MC	- convert from u015.cbl
> ;			- reset MTD figures to zero by clinic selection in f051 & f051 files
> 
> cancel clear
> set lock record update
> 
> set process nolimit
> 
> request update_f050 on calculation errors report 		&
> 		    on edit errors report
> 
> access f050-doc-revenue-mstr
> choose docrev-key 						 &
>  parm range prompt "ENTER from clinic nbr(22@) :              "  &
>           toprompt "ENTER  to  clinic nbr(48@) :              "  1 time
Choose viaindex DOCREV-KEY.
> 
> output f050-doc-revenue-mstr update on errors report
>    item  docrev-mtd-in-rec	final 0
>    item  docrev-mtd-in-svc	final 0
>    item  docrev-mtd-out-rec	final 0
>    item  docrev-mtd-out-svc	final 0
> 
> request update_f051 on calculation errors report 		&
> 		    on edit errors report
> 
> access f051-doc-cash-mstr
> choose docash-key 						 &
>  parm range prompt "ENTER from clinic nbr(22@) :              "  &
>           toprompt "ENTER  to  clinic nbr(48@) :              "  1 time
Choose viaindex DOCASH-KEY.
> 
> output f051-doc-cash-mstr update on errors report
>    item  docash-mtd-in-rec	final 0
>    item  docash-mtd-in-svc	final 0
> 
> build $obj/u015
0 ERRORS  0 WARNINGS.
The file /alpha/rmabill/rmabill101/obj/u015.qtc already exists. Ok to delete?
Thu Jul 24 16:42:42 EDT 2014
