/alpha/rmabill/rmabill101/dvlp/moira
Mon Jan  5 16:30:59 EST 2015
 + + + Sourced in /alpha/rmabill/rmabill101/dvlp/moira + + +
;Compiling program [/alpha/rmabill/rmabill101/dvlp/moira/u016.qts]
Q T P   (7.33.E)
Copyright 1996 COGNOS INCORPORATED
Licensed PH-RUNTIME for customer: 5139390001 C.O.T.A UNIX

> ; 2014/JUL/24	MC	- update the next monthend date for the clinics that have run
> ;			- reset the cycle to 1
> ; 2015/JAN/05   MC1     - pass/prompt PED as the second parameter, set the ped to the correct ped slot
> ;			  based on the iconst-ped-number-within-fiscal-year
> 
> cancel clear
> set lock record update
> 
> set process nolimit
> 
> request upd_clinics on calculation errors report 		&
> 		    on edit errors report
> 
> access iconst-mstr-rec
> 
> choose iconst-clinic-nbr-1-2 22 to 99
*W* Item (ICONST-CLINIC-NBR-1-2) is stored by the file system as a character 
type.
Choose viaindex ICONST-CLINIC-NBR-1-2.
> 
> def x-monthend char*1 =  parm prompt "ENTER the monthend (1 or 2 or 3):   "
> 
> ; MC1
> def x-ped date =  parm prompt "ENTER the Period End Date:  "
> ; MC1 - end
> 
> sel if iconst-monthend = x-monthend
> 
> output iconst-mstr-rec update on errors report
>    item  iconst-clinic-cycle-nbr       final 1
> ; MC1
> ;  item  iconst-ped-number-within-fiscal-year final iconst-ped-number-within-fiscal-year + 1
>    item  iconst-ped-number-within-fiscal-year final iconst-ped-number-within-fiscal-year + 1  &
> 	 	if iconst-ped-number-within-fiscal-year < 13 	&
> 	else 1  if iconst-ped-number-within-fiscal-year = 13
> 
>    item  iconst-date-period-end final 		&
> ;	 iconst-date-period-end-2  if iconst-ped-number-within-fiscal-year = 2	&
> ;   else iconst-date-period-end-3  if iconst-ped-number-within-fiscal-year = 3	&
> ;   else iconst-date-period-end-4  if iconst-ped-number-within-fiscal-year = 4	&
> ;   else iconst-date-period-end-5  if iconst-ped-number-within-fiscal-year = 5	&
> ;   else iconst-date-period-end-6  if iconst-ped-number-within-fiscal-year = 6	&
> ;   else iconst-date-period-end-7  if iconst-ped-number-within-fiscal-year = 7	&
> ;   else iconst-date-period-end-8  if iconst-ped-number-within-fiscal-year = 8	&
> ;   else iconst-date-period-end-9  if iconst-ped-number-within-fiscal-year = 9	&
> ;   else iconst-date-period-end-10 if iconst-ped-number-within-fiscal-year = 10 &
> ;   else iconst-date-period-end-11 if iconst-ped-number-within-fiscal-year = 11 &
> ;   else iconst-date-period-end-12 if iconst-ped-number-within-fiscal-year = 12 &
> ;   else iconst-date-period-end-13 if iconst-ped-number-within-fiscal-year = 13
>    	x-ped
> 
>    item  iconst-date-period-end-1  final x-ped if iconst-ped-number-within-fiscal-year = 1
>    item  iconst-date-period-end-2  final x-ped if iconst-ped-number-within-fiscal-year = 2
>    item  iconst-date-period-end-3  final x-ped if iconst-ped-number-within-fiscal-year = 3
>    item  iconst-date-period-end-4  final x-ped if iconst-ped-number-within-fiscal-year = 4
>    item  iconst-date-period-end-5  final x-ped if iconst-ped-number-within-fiscal-year = 5
>    item  iconst-date-period-end-6  final x-ped if iconst-ped-number-within-fiscal-year = 6
>    item  iconst-date-period-end-7  final x-ped if iconst-ped-number-within-fiscal-year = 7
>    item  iconst-date-period-end-8  final x-ped if iconst-ped-number-within-fiscal-year = 8
>    item  iconst-date-period-end-9  final x-ped if iconst-ped-number-within-fiscal-year = 9
>    item  iconst-date-period-end-10 final x-ped if iconst-ped-number-within-fiscal-year = 10
>    item  iconst-date-period-end-11 final x-ped if iconst-ped-number-within-fiscal-year = 11
>    item  iconst-date-period-end-12 final x-ped if iconst-ped-number-within-fiscal-year = 12
>    item  iconst-date-period-end-13 final x-ped if iconst-ped-number-within-fiscal-year = 13
> ; MC1 - end
> 
> build $obj/u016
0 ERRORS  1 WARNINGS.
The file /alpha/rmabill/rmabill101/obj/u016.qtc already exists. Ok to delete?
Mon Jan  5 16:31:03 EST 2015
