
Executing request LOAD_U099_RETAIN_PATIENTS ...

Records read:
  U099-RETAIN-PATIENTS               591,782

Transactions processed:              591,782

Records processed:                     Added    Updated  Unchanged    Deleted
  U080-INVALID-RECORDS                     8          0          0          0
  INVALID-PAT-DIRECT                       2          0          0          0
  INVALID-BLANKS                           0          0          0          0
  INVALID-PAT-ACRONYM                      1          0          0          0
  INVALID-PAT-CHART                  316,208          0          0          0
  INVALID-PAT-CHART-2                514,446          0          0          0
  INVALID-PAT-CHART-3                407,615          0          0          0
  INVALID-PAT-CHART-4                288,835          0          0          0
  INVALID-PAT-CHART-5                292,647          0          0          0

Finished.
> use u080_mc_test nol
> go

Executing request LOAD_U099_RETAIN_PATIENTS ...
-------------------------------------------------------------------------------
The permanent subfile will be overwritten.
   File:  u080-invalid-records
-------------------------------------------------------------------------------

Records read:
  U099-RETAIN-PATIENTS               591,782

Transactions processed:              591,782

Records processed:                     Added    Updated  Unchanged    Deleted
  U080-INVALID-RECORDS                     8          0          0          0
  INVALID-PAT-DIRECT                       2          0          0          0
  INVALID-BLANKS                           0          0          0          0
  INVALID-PAT-ACRONYM                      1          0          0          0
  INVALID-PAT-CHART                        0          0          0          0
  INVALID-PAT-CHART-2                      0          0          0          0
  INVALID-PAT-CHART-3                     11          0          0          0
  INVALID-PAT-CHART-4                    111          0          0          0
  INVALID-PAT-CHART-5                      0          0          0          0

Finished
