/alpha/rmabill/rmabill101/src
Thu Oct 31 12:01:05 EST 2013
 + + + Sourced in /alpha/rmabill/rmabill101/src + + +
;Compiling program [/alpha/rmabill/rmabill101/src/u902.qts]
Q T P   (7.33.E)
Copyright 1996 COGNOS INCORPORATED
Licensed PH-RUNTIME for customer: 5139390001 C.O.T.A UNIX

> ; 2008/nov/05	M.C.	- modify request three to access statement and update f020-extra-transfer instead of add
> 
> 
> cancel clear
> set lock record update
> 
> request one
> access f020-doctor-mstr
> choose doc-nbr parm prompt 'Enter doctor nbr: ' 1 time
Choose viaindex DOC-NBR.
> def replaced-doc char*3 = parm prompt 'Enter Replaced By Doc: '
> subfile savedoc keep include f020-doctor-mstr, replaced-doc
> 
> request two
> access *savedoc			&
> 	link replaced-doc 	&
> 	 to doc-nbr of f020-doctor-mstr alias f020-transfer
> output f020-transfer update on errors report
>        item doc-clinic-nbr        final doc-clinic-nbr of savedoc
>        item doc-clinic-nbr-2      final doc-clinic-nbr-2 of savedoc
>        item doc-clinic-nbr-3      final doc-clinic-nbr-3 of savedoc
>        item doc-clinic-nbr-4      final doc-clinic-nbr-4 of savedoc
>        item doc-clinic-nbr-5      final doc-clinic-nbr-5 of savedoc
>        item doc-clinic-nbr-6      final doc-clinic-nbr-6 of savedoc
>        item doc-spec-cd           final doc-spec-cd of savedoc
>        item doc-spec-cd-2         final doc-spec-cd-2 of savedoc
>        item doc-spec-cd-3         final doc-spec-cd-3 of savedoc
>        item doc-locations 	  final doc-locations of savedoc
>        item doc-specialties       final doc-specialties of savedoc
> 
> request three
> access *savedoc		&
> 	link doc-nbr 	&
> 	 to  doc-nbr of f020-doctor-extra  &
> ; 2008/11/05 - MC - add to link replaced-doc
> 	link replaced-doc	&
> 	 to doc-nbr of f020-doctor-extra alias f020-extra-transfer opt
> ; 2008/11/05 - end
> 
> 
> ; 2008/11/05 - MC - change output with update add
> ;output f020-doctor-extra alias f020-extra-transfer add noitem on errors report
> output f020-extra-transfer update add noitem on errors report
> ; 2008/11/05 - end
> 
> ; 2008/11/05 - MC - substitute 'initial' with 'final' since we are updating the records
> Item doc-nbr of f020-extra-transfer initial replaced-doc of savedoc
> Item BILLING-VIA-PAPER-FLAG of f020-extra-transfer final BILLING-VIA-PAPER-FLAG of f020-doctor-extra
> Item BILLING-VIA-DISKETTE-FLAG of f020-extra-transfer final BILLING-VIA-DISKETTE-FLAG of f020-doctor-extra
> Item BILLING-VIA-WEB-TEST-FLAG of f020-extra-transfer final BILLING-VIA-WEB-TEST-FLAG of f020-doctor-extra
> Item BILLING-VIA-WEB-LIVE-FLAG of f020-extra-transfer final BILLING-VIA-WEB-LIVE-FLAG of f020-doctor-extra
> Item BILLING-VIA-RMA-DATA-ENTRY of f020-extra-transfer final BILLING-VIA-RMA-DATA-ENTRY of f020-doctor-extra
> Item DATE-START-RMA-DATA-ENTRY of f020-extra-transfer final DATE-START-RMA-DATA-ENTRY of f020-doctor-extra
> Item DATE-START-DISKETTE of f020-extra-transfer final DATE-START-DISKETTE of f020-doctor-extra
> Item DATE-START-PAPER of f020-extra-transfer final DATE-START-PAPER of f020-doctor-extra
> Item DATE-START-WEB-LIVE of f020-extra-transfer final DATE-START-WEB-LIVE of f020-doctor-extra
> Item DATE-START-WEB-TEST of f020-extra-transfer final DATE-START-WEB-TEST of f020-doctor-extra
> Item LEAVE-DESCRIPTION of f020-extra-transfer final LEAVE-DESCRIPTION of f020-doctor-extra
> Item LEAVE-DATE-START of f020-extra-transfer final LEAVE-DATE-START of f020-doctor-extra
> Item LEAVE-DATE-END of f020-extra-transfer final LEAVE-DATE-END of f020-doctor-extra
> Item WEB-USER-REVENUE-ONLY-FLAG of f020-extra-transfer final WEB-USER-REVENUE-ONLY-FLAG of f020-doctor-extra
> Item MANAGER-FLAG of f020-extra-transfer final MANAGER-FLAG of f020-doctor-extra
> Item CHAIR-FLAG of f020-extra-transfer final CHAIR-FLAG of f020-doctor-extra
> Item ABE-USER-FLAG of f020-extra-transfer final ABE-USER-FLAG of f020-doctor-extra
> Item CPSO-NBR of f020-extra-transfer final CPSO-NBR of f020-doctor-extra
> Item CMPA-NBR of f020-extra-transfer final CMPA-NBR of f020-doctor-extra
> Item OMA-NBR of f020-extra-transfer final OMA-NBR of f020-doctor-extra
> Item CFPC-NBR of f020-extra-transfer final CFPC-NBR of f020-doctor-extra
> Item RCPSC-NBR of f020-extra-transfer final RCPSC-NBR of f020-doctor-extra
> Item DOC-MED-PROF-CORP of f020-extra-transfer final DOC-MED-PROF-CORP of f020-doctor-extra
> Item MCMASTER-EMPLOYEE-ID of f020-extra-transfer final MCMASTER-EMPLOYEE-ID of f020-doctor-extra
> Item DOC-SPEC-CD-EFF-DATE of f020-extra-transfer final DOC-SPEC-CD-EFF-DATE of f020-doctor-extra
> Item DOC-SPEC-CD-2-EFF-DATE of f020-extra-transfer final DOC-SPEC-CD-2-EFF-DATE of f020-doctor-extra
> Item DOC-SPEC-CD-3-EFF-DATE of f020-extra-transfer final DOC-SPEC-CD-3-EFF-DATE of f020-doctor-extra
> Item DOC-CLINIC-NBR-STATUS of f020-extra-transfer final DOC-CLINIC-NBR-STATUS of f020-doctor-extra
> Item DOC-CLINIC-NBR-2-STATUS of f020-extra-transfer final dOC-CLINIC-NBR-2-STATUS of f020-doctor-extra
> Item DOC-CLINIC-NBR-3-STATUS of f020-extra-transfer final DOC-CLINIC-NBR-3-STATUS of f020-doctor-extra
> Item DOC-CLINIC-NBR-4-STATUS of f020-extra-transfer final DOC-CLINIC-NBR-4-STATUS of f020-doctor-extra
> Item DOC-CLINIC-NBR-5-STATUS of f020-extra-transfer final DOC-CLINIC-NBR-5-STATUS of f020-doctor-extra
> Item DOC-CLINIC-NBR-6-STATUS of f020-extra-transfer final DOC-CLINIC-NBR-6-STATUS of f020-doctor-extra
> Item YELLOW-PAGES-FLAG of f020-extra-transfer final YELLOW-PAGES-FLAG of f020-doctor-extra
> Item prior-doc-nbr of f020-extra-transfer final doc-nbr of f020-doctor-extra
> ; 2008/11/05 - end
> 
> request four
> access *savedoc		&
> 	link ' ', doc-nbr 	&
> 	 to  filler, doc-nbr of f027-contacts-mstr
> output f027-contacts-mstr alias f027-transfer add on errors report
>    item doc-nbr initial replaced-doc of savedoc
> 
> request five
Item FILLER OF F027-TRANSFER initial FILLER OF F027-CONTACTS-MSTR.
Item CONTACTS-TYPE OF F027-TRANSFER initial CONTACTS-TYPE OF F027-CONTACTS-MSTR.
Item CONTACTS-GIVEN-NAMES OF F027-TRANSFER initial CONTACTS-GIVEN-NAMES OF 
F027-CONTACTS-MSTR.
Item CONTACTS-SURNAME OF F027-TRANSFER initial CONTACTS-SURNAME OF 
F027-CONTACTS-MSTR.
Item CONTACTS-INIT-S1 OF F027-TRANSFER initial CONTACTS-INIT-S1 OF 
F027-CONTACTS-MSTR.
Item CONTACTS-INIT-S2 OF F027-TRANSFER initial CONTACTS-INIT-S2 OF 
F027-CONTACTS-MSTR.
Item CONTACTS-INIT-S3 OF F027-TRANSFER initial CONTACTS-INIT-S3 OF 
F027-CONTACTS-MSTR.
Item CONTACTS-TITLE OF F027-TRANSFER initial CONTACTS-TITLE OF 
F027-CONTACTS-MSTR.
Item CONTACTS-SEX OF F027-TRANSFER initial CONTACTS-SEX OF F027-CONTACTS-MSTR.
Item BILLING-ENTRY-FLAG OF F027-TRANSFER initial BILLING-ENTRY-FLAG OF 
F027-CONTACTS-MSTR.
Item LOGON-USERNAME OF F027-TRANSFER initial LOGON-USERNAME OF 
F027-CONTACTS-MSTR.
> access *savedoc		&
> 	link ' ', doc-nbr 	&
> 	 to  filler, doc-nbr of f028-contacts-info-mstr
> output f028-contacts-info-mstr alias f028-transfer add on errors report
>    item doc-nbr initial replaced-doc of savedoc
> 
> build $obj/u902
0 ERRORS  0 WARNINGS.
The file /alpha/rmabill/rmabill101/obj/u902.qtc already exists. Ok to delete?
Item FILLER OF F028-TRANSFER initial FILLER OF F028-CONTACTS-INFO-MSTR.
Item CONTACTS-TYPE OF F028-TRANSFER initial CONTACTS-TYPE OF 
F028-CONTACTS-INFO-MSTR.
Item CONTACTS-LOCATION OF F028-TRANSFER initial CONTACTS-LOCATION OF 
F028-CONTACTS-INFO-MSTR.
Item CONTACTS-ADDR-1 OF F028-TRANSFER initial CONTACTS-ADDR-1 OF 
F028-CONTACTS-INFO-MSTR.
Item CONTACTS-ADDR-2 OF F028-TRANSFER initial CONTACTS-ADDR-2 OF 
F028-CONTACTS-INFO-MSTR.
Item CONTACTS-ADDR-3 OF F028-TRANSFER initial CONTACTS-ADDR-3 OF 
F028-CONTACTS-INFO-MSTR.
Item POSTAL-CODE OF F028-TRANSFER initial POSTAL-CODE OF 
F028-CONTACTS-INFO-MSTR.
Item CONTACTS-EMAIL-ADDR OF F028-TRANSFER initial CONTACTS-EMAIL-ADDR OF 
F028-CONTACTS-INFO-MSTR.
Item CONTACTS-PHONE-NBR OF F028-TRANSFER initial CONTACTS-PHONE-NBR OF 
F028-CONTACTS-INFO-MSTR.
Item CONTACTS-PHONE-EXT OF F028-TRANSFER initial CONTACTS-PHONE-EXT OF 
F028-CONTACTS-INFO-MSTR.
Item CONTACTS-PAGER-NBR OF F028-TRANSFER initial CONTACTS-PAGER-NBR OF 
F028-CONTACTS-INFO-MSTR.
Item CONTACTS-CELL-NBR OF F028-TRANSFER initial CONTACTS-CELL-NBR OF 
F028-CONTACTS-INFO-MSTR.
Item CONTACTS-FAX-NBR OF F028-TRANSFER initial CONTACTS-FAX-NBR OF 
F028-CONTACTS-INFO-MSTR.
Item NEWSLETTER-FLAG OF F028-TRANSFER initial NEWSLETTER-FLAG OF 
F028-CONTACTS-INFO-MSTR.
Thu Oct 31 12:01:11 EST 2013
