/alpha/rmabill/rmabill101/src
Thu May 24 10:10:54 EDT 2012
 + + + Sourced in /alpha/rmabill/rmabill101/src + + +
;Compiling program [/alpha/rmabill/rmabill101/src/unlof040.qzs]
Q U I Z   (7.33.E)
Copyright 1996 COGNOS INCORPORATED
Licensed PH-RUNTIME for customer: 5139390001 C.O.T.A UNIX

> ; program: unlof040
> ; download f040 oma fee master
> 
> cancel clear
> set report nolimit
> 
> access f040-oma-fee-mstr
> 
> def fee-curr-add-on-cd-1 char*4 = fee-curr-add-on-cd (1)
> def fee-curr-add-on-cd-2 char*4 = fee-curr-add-on-cd (2)
> def fee-curr-add-on-cd-3 char*4 = fee-curr-add-on-cd (3)
> def fee-curr-add-on-cd-4 char*4 = fee-curr-add-on-cd (4)
> def fee-curr-add-on-cd-5 char*4 = fee-curr-add-on-cd (5)
> def fee-curr-add-on-cd-6 char*4 = fee-curr-add-on-cd (6)
> def fee-curr-add-on-cd-7 char*4 = fee-curr-add-on-cd (7)
> def fee-curr-add-on-cd-8 char*4 = fee-curr-add-on-cd (8)
> def fee-curr-add-on-cd-9 char*4 = fee-curr-add-on-cd (9)
> def fee-curr-add-on-cd-10 char*4 = fee-curr-add-on-cd (10)
> def fee-curr-card-required-1 char*1 = fee-curr-oma-ind-card-required(1)
> def fee-curr-card-required-2 char*1 = fee-curr-oma-ind-card-required(2)
> def fee-curr-card-required-3 char*1 = fee-curr-oma-ind-card-required(3)
> 
> def fee-prev-add-on-cd-1 char*4 = fee-prev-add-on-cd (1)
> def fee-prev-add-on-cd-2 char*4 = fee-prev-add-on-cd (2)
> def fee-prev-add-on-cd-3 char*4 = fee-prev-add-on-cd (3)
> def fee-prev-add-on-cd-4 char*4 = fee-prev-add-on-cd (4)
> def fee-prev-add-on-cd-5 char*4 = fee-prev-add-on-cd (5)
> def fee-prev-add-on-cd-6 char*4 = fee-prev-add-on-cd (6)
> def fee-prev-add-on-cd-7 char*4 = fee-prev-add-on-cd (7)
> def fee-prev-add-on-cd-8 char*4 = fee-prev-add-on-cd (8)
> def fee-prev-add-on-cd-9 char*4 = fee-prev-add-on-cd (9)
> def fee-prev-add-on-cd-10 char*4 = fee-prev-add-on-cd (10)
> def fee-prev-card-required-1 char*1 = fee-prev-oma-ind-card-required(1)
> def fee-prev-card-required-2 char*1 = fee-prev-oma-ind-card-required(2)
> def fee-prev-card-required-3 char*1 = fee-prev-oma-ind-card-required(3)
> 
> set subfile name unlof040 keep portable
> 
> rep summ				&
>     fee-oma-cd                             &
>     fee-special-m-suffix-ind               &
>     fee-effective-date                     &
>     fee-desc                               &
>     fee-curr-a-fee-1                      &
>     fee-curr-h-fee-1                      &
>     fee-curr-a-fee-2                      &
>     fee-curr-h-fee-2                      &
>     fee-curr-a-anae                       &
>     fee-curr-h-anae                       &
>     fee-curr-a-asst                       &
>     fee-curr-h-asst                       &
>     fee-active-for-entry		  &
>     fee-curr-a-min			  &
>     fee-curr-h-min			  &
>     fee-curr-a-max			  &
>     fee-curr-h-max			  &
> 
>     fee-curr-add-on-cd-1                  &
>     fee-curr-add-on-cd-2                  &
>     fee-curr-add-on-cd-3                  &
>     fee-curr-add-on-cd-4                  &
>     fee-curr-add-on-cd-5                  &
>     fee-curr-add-on-cd-6                  &
>     fee-curr-add-on-cd-7                 &
>     fee-curr-add-on-cd-8		 &
>     fee-curr-add-on-cd-9                &
>     fee-curr-add-on-cd-10	&
>     fee-curr-card-required-1     &
>     fee-curr-card-required-2     &
>     fee-curr-card-required-3     &
> 
> ;     fee-curr-page                         &
>     fee-curr-page-alpha			  &
>     fee-curr-page-numeric 		  &
> 
>     fee-curr-add-on-perc-or-flat-ind      &
>     fee-prev-a-fee-1                      &
>     fee-prev-h-fee-1                      &
>     fee-prev-a-fee-2                      &
>     fee-prev-h-fee-2                      &
>     fee-prev-a-anae                       &
>     fee-prev-h-anae                       &
>     fee-prev-a-asst                       &
>     fee-prev-h-asst                       &
>     fee-prev-a-min			  &
>     fee-prev-h-min			  &
>     fee-prev-a-max			  &
>     fee-prev-h-max			  &
>     fee-prev-add-on-cd-1                  &
>     fee-prev-add-on-cd-2                  &
>     fee-prev-add-on-cd-3                  &
>     fee-prev-add-on-cd-4                  &
>     fee-prev-add-on-cd-5                  &
>     fee-prev-add-on-cd-6                  &
>     fee-prev-add-on-cd-7                  &
>     fee-prev-add-on-cd-8                  &
>     fee-prev-add-on-cd-9             &
>     fee-prev-add-on-cd-10          &
>     fee-prev-card-required-1      &
>     fee-prev-card-required-2      &
>     fee-prev-card-required-3      &
> 
> ;     fee-prev-page                         &
>     fee-prev-page-alpha			  &
>     fee-prev-page-numeric 		  &
> 
>     fee-prev-add-on-perc-or-flat-ind      &
> 
>     fee-icc-code                          &
>     fee-diag-ind                           &
>     fee-phy-ind                            &
>     fee-tech-ind                           &
>     fee-hosp-nbr-ind                       &
>     fee-i-o-ind                            &
>     fee-admit-ind                          &
>     fee-spec-fr                            &
>     fee-spec-to
> 
> build unlof040
Thu May 24 10:10:57 EDT 2012
