/alpha/rmabill/rmabill101/src
Thu Jun 11 13:32:14 EDT 2015
 + + + Sourced in /alpha/rmabill/rmabill101/src + + +
;Compiling program [/alpha/rmabill/rmabill101/src/utl0020b.qts]
Q T P   (7.33.E)
Copyright 1996 COGNOS INCORPORATED
Licensed PH-RUNTIME for customer: 5139390001 C.O.T.A UNIX

> ;#> PROGRAM-ID.     utl0020b
> ;
> ;	((C)) Dyad Technologies
> ;
> ;    R.M.A. VERSION
> ;
> ;    PROGRAM PURPOSE : download doctor information to pc
> ;		- this program gathers all 'notes' lines into a single
> ;		  line of text
> ;
> ;    MODIFICATION HISTORY
> ;        DATE   WHO          DESCRIPTION
> ;   2003/sep/25 B.E.	- original
> ;
> ;   2003/dec/24 A.A.	- alpha doctor nbr
> ;
> 
> can clear
> 
> ;-------------------------------------------------------------------------------
> request utl0020b_1 on edit        errors report 	&
>                         on calculation errors report
> set default
WORKSPACE and STACKSIZE can't be reset within a QTP run.
> set verify errors
> set process nolimit
> set lock record update
> 
> 
> access f095-text-lines
> 
> select if record-id = "A" ;	payroll note
> 
> 
> ;  (note: udt-key = doc-nbr)
> sorted on udt-key
> 
> temp                x-built-up-line char*250
> item                x-built-up-line				&
>      =  truncate(lj(x-built-up-line))				&
>       + " "							&
>       + truncate(lj(text of f095-text-lines))			&
>   reset at udt-key
> 
> ; (update at doctor number)
> output tmp-pc-download-file add update 	at udt-key 	&
> 	via doc-nbr using udt-key
> 
>   item text-misc	final	x-built-up-line
> 
> build $obj/utl0020b
0 ERRORS  0 WARNINGS.
The file /alpha/rmabill/rmabill101/obj/utl0020b.qtc already exists. Ok to 
delete?
Thu Jun 11 13:32:19 EDT 2015
