######      15:08    Regional Medical Associates - Hamilton           PAGE   1

Run:      
Request: EXTRACT_CLINIC_22_60_37


Executing request EXTRACT_CLINIC_22_60_37 ...

Records read:
  ICONST-MSTR-REC                          3

Transactions processed:                    3

Records processed:                     Added    Updated  Unchanged    Deleted
  EXT_CLINIC22                             1          0          0          0
  EXT_CLINIC60                             1          0          0          0
  EXT_CLINIC37                             1          0          0          0

######      15:08    Regional Medical Associates - Hamilton           PAGE   1

Run:      
Request: UPDATE_MONTHEND_3_CLINICS


Executing request UPDATE_MONTHEND_3_CLINICS ...

Records read:
  ICONST-MSTR-REC                         52
  EXT_CLINIC22                             1

Transactions processed:                   18

Records processed:                     Added    Updated  Unchanged    Deleted
  ICONST-MSTR-REC                          0         17          1          0

######      15:08    Regional Medical Associates - Hamilton           PAGE   1

Run:      
Request: UPDATE_MONTHEND_2_CLINICS


Executing request UPDATE_MONTHEND_2_CLINICS ...

Records read:
  ICONST-MSTR-REC                         52
  EXT_CLINIC60                             1

Transactions processed:                   15

Records processed:                     Added    Updated  Unchanged    Deleted
  ICONST-MSTR-REC                          0         15          0          0

######      15:08    Regional Medical Associates - Hamilton           PAGE   1

Run:      
Request: UPDATE_MONTHEND_1_CLINICS


Executing request UPDATE_MONTHEND_1_CLINICS ...

Records read:
  ICONST-MSTR-REC                         52
  EXT_CLINIC37                             1

Transactions processed:                   14

Records processed:                     Added    Updated  Unchanged    Deleted
  ICONST-MSTR-REC                          0         13          1          0

Finished.
